[2024-04-11T10:55:35.631+0000] {taskinstance.py:1979} INFO - Dependencies all met for dep_context=non-requeueable deps ti=<TaskInstance: My_Dag.templated scheduled__2024-04-10T00:00:00+00:00 [queued]>
[2024-04-11T10:55:35.649+0000] {taskinstance.py:1979} INFO - Dependencies all met for dep_context=requeueable deps ti=<TaskInstance: My_Dag.templated scheduled__2024-04-10T00:00:00+00:00 [queued]>
[2024-04-11T10:55:35.650+0000] {taskinstance.py:2193} INFO - Starting attempt 1 of 2
[2024-04-11T10:55:35.684+0000] {taskinstance.py:2217} INFO - Executing <Task(BashOperator): templated> on 2024-04-10 00:00:00+00:00
[2024-04-11T10:55:35.690+0000] {standard_task_runner.py:60} INFO - Started process 538 to run task
[2024-04-11T10:55:35.701+0000] {standard_task_runner.py:87} INFO - Running: ['***', 'tasks', 'run', 'My_Dag', 'templated', 'scheduled__2024-04-10T00:00:00+00:00', '--job-id', '5', '--raw', '--subdir', 'DAGS_FOLDER/***tuto.py', '--cfg-path', '/tmp/tmpymqkr28h']
[2024-04-11T10:55:35.703+0000] {standard_task_runner.py:88} INFO - Job 5: Subtask templated
[2024-04-11T10:55:35.799+0000] {task_command.py:423} INFO - Running <TaskInstance: My_Dag.templated scheduled__2024-04-10T00:00:00+00:00 [running]> on host ced256f15635
[2024-04-11T10:55:36.154+0000] {taskinstance.py:2513} INFO - Exporting env vars: AIRFLOW_CTX_DAG_EMAIL='***@example.com' AIRFLOW_CTX_DAG_OWNER='***' AIRFLOW_CTX_DAG_ID='My_Dag' AIRFLOW_CTX_TASK_ID='templated' AIRFLOW_CTX_EXECUTION_DATE='2024-04-10T00:00:00+00:00' AIRFLOW_CTX_TRY_NUMBER='1' AIRFLOW_CTX_DAG_RUN_ID='scheduled__2024-04-10T00:00:00+00:00'
[2024-04-11T10:55:36.156+0000] {subprocess.py:63} INFO - Tmp dir root location: /tmp
[2024-04-11T10:55:36.156+0000] {subprocess.py:75} INFO - Running command: ['/usr/bin/bash', '-c', '\n\n    echo "2024-04-10"\n    echo "2024-04-17"\n\n    echo "2024-04-10"\n    echo "2024-04-17"\n\n    echo "2024-04-10"\n    echo "2024-04-17"\n\n    echo "2024-04-10"\n    echo "2024-04-17"\n\n    echo "2024-04-10"\n    echo "2024-04-17"\n']
[2024-04-11T10:55:36.168+0000] {subprocess.py:86} INFO - Output:
[2024-04-11T10:55:36.170+0000] {subprocess.py:93} INFO - 2024-04-10
[2024-04-11T10:55:36.170+0000] {subprocess.py:93} INFO - 2024-04-17
[2024-04-11T10:55:36.170+0000] {subprocess.py:93} INFO - 2024-04-10
[2024-04-11T10:55:36.170+0000] {subprocess.py:93} INFO - 2024-04-17
[2024-04-11T10:55:36.170+0000] {subprocess.py:93} INFO - 2024-04-10
[2024-04-11T10:55:36.171+0000] {subprocess.py:93} INFO - 2024-04-17
[2024-04-11T10:55:36.171+0000] {subprocess.py:93} INFO - 2024-04-10
[2024-04-11T10:55:36.171+0000] {subprocess.py:93} INFO - 2024-04-17
[2024-04-11T10:55:36.171+0000] {subprocess.py:93} INFO - 2024-04-10
[2024-04-11T10:55:36.171+0000] {subprocess.py:93} INFO - 2024-04-17
[2024-04-11T10:55:36.171+0000] {subprocess.py:97} INFO - Command exited with return code 0
[2024-04-11T10:55:36.218+0000] {taskinstance.py:1149} INFO - Marking task as SUCCESS. dag_id=My_Dag, task_id=templated, execution_date=20240410T000000, start_date=20240411T105535, end_date=20240411T105536
[2024-04-11T10:55:36.284+0000] {local_task_job_runner.py:234} INFO - Task exited with return code 0
[2024-04-11T10:55:36.303+0000] {taskinstance.py:3312} INFO - 0 downstream tasks scheduled from follow-on schedule check
