[2024-05-11T15:24:47.852+0000] {taskinstance.py:1979} INFO - Dependencies all met for dep_context=non-requeueable deps ti=<TaskInstance: ademe_transform_data.transform_data_task scheduled__2024-05-11T15:21:00+00:00 [queued]>
[2024-05-11T15:24:47.861+0000] {taskinstance.py:1979} INFO - Dependencies all met for dep_context=requeueable deps ti=<TaskInstance: ademe_transform_data.transform_data_task scheduled__2024-05-11T15:21:00+00:00 [queued]>
[2024-05-11T15:24:47.862+0000] {taskinstance.py:2193} INFO - Starting attempt 1 of 2
[2024-05-11T15:24:47.880+0000] {taskinstance.py:2217} INFO - Executing <Task(PythonOperator): transform_data_task> on 2024-05-11 15:21:00+00:00
[2024-05-11T15:24:47.886+0000] {standard_task_runner.py:60} INFO - Started process 598 to run task
[2024-05-11T15:24:47.893+0000] {standard_task_runner.py:87} INFO - Running: ['***', 'tasks', 'run', 'ademe_transform_data', 'transform_data_task', 'scheduled__2024-05-11T15:21:00+00:00', '--job-id', '91', '--raw', '--subdir', 'DAGS_FOLDER/transform_dag.py', '--cfg-path', '/tmp/tmpvltcwz01']
[2024-05-11T15:24:47.896+0000] {standard_task_runner.py:88} INFO - Job 91: Subtask transform_data_task
[2024-05-11T15:24:47.950+0000] {task_command.py:423} INFO - Running <TaskInstance: ademe_transform_data.transform_data_task scheduled__2024-05-11T15:21:00+00:00 [running]> on host ced256f15635
[2024-05-11T15:24:48.068+0000] {taskinstance.py:2513} INFO - Exporting env vars: AIRFLOW_CTX_DAG_EMAIL='***@example.com' AIRFLOW_CTX_DAG_OWNER='***' AIRFLOW_CTX_DAG_ID='ademe_transform_data' AIRFLOW_CTX_TASK_ID='transform_data_task' AIRFLOW_CTX_EXECUTION_DATE='2024-05-11T15:21:00+00:00' AIRFLOW_CTX_TRY_NUMBER='1' AIRFLOW_CTX_DAG_RUN_ID='scheduled__2024-05-11T15:21:00+00:00'
[2024-05-11T15:24:50.622+0000] {logging_mixin.py:188} INFO -            n_dpe  etiquette_dpe  ...  conso_kwhep_m2_an  conso_e_finale_energie_n_1
0  2138T0154049A              6  ...                454                        8613
1  2167T0146288Q              4  ...                236                      151425
2  2156T1039078H             -1  ...                 -1                          -1
3  2169T0145727D              1  ...                  0                           0
4  2133T0144485Z              1  ...                  0                           0

[5 rows x 12 columns]
[2024-05-11T15:24:51.449+0000] {python.py:202} INFO - Done. Returned value was: None
[2024-05-11T15:24:51.463+0000] {taskinstance.py:1149} INFO - Marking task as SUCCESS. dag_id=ademe_transform_data, task_id=transform_data_task, execution_date=20240511T152100, start_date=20240511T152447, end_date=20240511T152451
[2024-05-11T15:24:51.523+0000] {local_task_job_runner.py:234} INFO - Task exited with return code 0
[2024-05-11T15:24:51.587+0000] {taskinstance.py:3312} INFO - 1 downstream tasks scheduled from follow-on schedule check
