[2024-05-12T12:33:02.846+0000] {processor.py:161} INFO - Started process (PID=35) to work on /opt/airflow/dags/ademe_dag.py
[2024-05-12T12:33:02.848+0000] {processor.py:830} INFO - Processing file /opt/airflow/dags/ademe_dag.py for tasks to queue
[2024-05-12T12:33:02.878+0000] {logging_mixin.py:188} INFO - [2024-05-12T12:33:02.850+0000] {dagbag.py:540} INFO - Filling up the DagBag from /opt/airflow/dags/ademe_dag.py
[2024-05-12T12:33:06.879+0000] {logging_mixin.py:188} INFO - /airflow/data/api/url.json
[2024-05-12T12:33:06.938+0000] {processor.py:840} INFO - DAG(s) 'live_ademe' retrieved from /opt/airflow/dags/ademe_dag.py
[2024-05-12T12:33:07.315+0000] {logging_mixin.py:188} INFO - [2024-05-12T12:33:07.314+0000] {dag.py:3047} INFO - Sync 1 DAGs
[2024-05-12T12:33:07.361+0000] {logging_mixin.py:188} INFO - [2024-05-12T12:33:07.360+0000] {dag.py:3834} INFO - Setting next_dagrun for live_ademe to 2024-05-12 12:30:00+00:00, run_after=2024-05-12 12:35:00+00:00
[2024-05-12T12:33:07.416+0000] {processor.py:183} INFO - Processing /opt/airflow/dags/ademe_dag.py took 4.599 seconds
[2024-05-12T12:33:38.046+0000] {processor.py:161} INFO - Started process (PID=48) to work on /opt/airflow/dags/ademe_dag.py
[2024-05-12T12:33:38.059+0000] {processor.py:830} INFO - Processing file /opt/airflow/dags/ademe_dag.py for tasks to queue
[2024-05-12T12:33:38.062+0000] {logging_mixin.py:188} INFO - [2024-05-12T12:33:38.061+0000] {dagbag.py:540} INFO - Filling up the DagBag from /opt/airflow/dags/ademe_dag.py
[2024-05-12T12:33:38.975+0000] {logging_mixin.py:188} INFO - /airflow/data/api/url.json
[2024-05-12T12:33:39.005+0000] {processor.py:840} INFO - DAG(s) 'live_ademe' retrieved from /opt/airflow/dags/ademe_dag.py
[2024-05-12T12:33:39.030+0000] {logging_mixin.py:188} INFO - [2024-05-12T12:33:39.030+0000] {dag.py:3047} INFO - Sync 1 DAGs
[2024-05-12T12:33:39.317+0000] {logging_mixin.py:188} INFO - [2024-05-12T12:33:39.317+0000] {dag.py:3834} INFO - Setting next_dagrun for live_ademe to 2024-05-12 12:30:00+00:00, run_after=2024-05-12 12:35:00+00:00
[2024-05-12T12:33:39.356+0000] {processor.py:183} INFO - Processing /opt/airflow/dags/ademe_dag.py took 1.318 seconds
[2024-05-12T12:34:09.423+0000] {processor.py:161} INFO - Started process (PID=59) to work on /opt/airflow/dags/ademe_dag.py
[2024-05-12T12:34:09.424+0000] {processor.py:830} INFO - Processing file /opt/airflow/dags/ademe_dag.py for tasks to queue
[2024-05-12T12:34:09.426+0000] {logging_mixin.py:188} INFO - [2024-05-12T12:34:09.426+0000] {dagbag.py:540} INFO - Filling up the DagBag from /opt/airflow/dags/ademe_dag.py
[2024-05-12T12:34:10.116+0000] {logging_mixin.py:188} INFO - /airflow/data/api/url.json
[2024-05-12T12:34:10.354+0000] {processor.py:840} INFO - DAG(s) 'live_ademe' retrieved from /opt/airflow/dags/ademe_dag.py
[2024-05-12T12:34:10.378+0000] {logging_mixin.py:188} INFO - [2024-05-12T12:34:10.378+0000] {dag.py:3047} INFO - Sync 1 DAGs
[2024-05-12T12:34:10.413+0000] {logging_mixin.py:188} INFO - [2024-05-12T12:34:10.413+0000] {dag.py:3834} INFO - Setting next_dagrun for live_ademe to 2024-05-12 12:30:00+00:00, run_after=2024-05-12 12:35:00+00:00
[2024-05-12T12:34:10.435+0000] {processor.py:183} INFO - Processing /opt/airflow/dags/ademe_dag.py took 1.018 seconds
[2024-05-12T12:34:40.666+0000] {processor.py:161} INFO - Started process (PID=70) to work on /opt/airflow/dags/ademe_dag.py
[2024-05-12T12:34:40.668+0000] {processor.py:830} INFO - Processing file /opt/airflow/dags/ademe_dag.py for tasks to queue
[2024-05-12T12:34:40.670+0000] {logging_mixin.py:188} INFO - [2024-05-12T12:34:40.669+0000] {dagbag.py:540} INFO - Filling up the DagBag from /opt/airflow/dags/ademe_dag.py
[2024-05-12T12:34:41.163+0000] {logging_mixin.py:188} INFO - /airflow/data/api/url.json
[2024-05-12T12:34:41.181+0000] {processor.py:840} INFO - DAG(s) 'live_ademe' retrieved from /opt/airflow/dags/ademe_dag.py
[2024-05-12T12:34:41.196+0000] {logging_mixin.py:188} INFO - [2024-05-12T12:34:41.195+0000] {dag.py:3047} INFO - Sync 1 DAGs
[2024-05-12T12:34:41.218+0000] {logging_mixin.py:188} INFO - [2024-05-12T12:34:41.218+0000] {dag.py:3834} INFO - Setting next_dagrun for live_ademe to 2024-05-12 12:30:00+00:00, run_after=2024-05-12 12:35:00+00:00
[2024-05-12T12:34:41.237+0000] {processor.py:183} INFO - Processing /opt/airflow/dags/ademe_dag.py took 0.575 seconds
[2024-05-12T12:35:11.530+0000] {processor.py:161} INFO - Started process (PID=81) to work on /opt/airflow/dags/ademe_dag.py
[2024-05-12T12:35:11.531+0000] {processor.py:830} INFO - Processing file /opt/airflow/dags/ademe_dag.py for tasks to queue
[2024-05-12T12:35:11.533+0000] {logging_mixin.py:188} INFO - [2024-05-12T12:35:11.533+0000] {dagbag.py:540} INFO - Filling up the DagBag from /opt/airflow/dags/ademe_dag.py
[2024-05-12T12:35:11.899+0000] {logging_mixin.py:188} INFO - /airflow/data/api/url.json
[2024-05-12T12:35:11.921+0000] {processor.py:840} INFO - DAG(s) 'live_ademe' retrieved from /opt/airflow/dags/ademe_dag.py
[2024-05-12T12:35:11.939+0000] {logging_mixin.py:188} INFO - [2024-05-12T12:35:11.938+0000] {dag.py:3047} INFO - Sync 1 DAGs
[2024-05-12T12:35:12.149+0000] {logging_mixin.py:188} INFO - [2024-05-12T12:35:12.149+0000] {dag.py:3834} INFO - Setting next_dagrun for live_ademe to 2024-05-12 12:35:00+00:00, run_after=2024-05-12 12:40:00+00:00
[2024-05-12T12:35:12.167+0000] {processor.py:183} INFO - Processing /opt/airflow/dags/ademe_dag.py took 0.642 seconds
[2024-05-12T12:35:42.460+0000] {processor.py:161} INFO - Started process (PID=92) to work on /opt/airflow/dags/ademe_dag.py
[2024-05-12T12:35:42.462+0000] {processor.py:830} INFO - Processing file /opt/airflow/dags/ademe_dag.py for tasks to queue
[2024-05-12T12:35:42.464+0000] {logging_mixin.py:188} INFO - [2024-05-12T12:35:42.463+0000] {dagbag.py:540} INFO - Filling up the DagBag from /opt/airflow/dags/ademe_dag.py
[2024-05-12T12:35:42.852+0000] {logging_mixin.py:188} INFO - /airflow/data/api/url.json
[2024-05-12T12:35:43.018+0000] {processor.py:840} INFO - DAG(s) 'live_ademe' retrieved from /opt/airflow/dags/ademe_dag.py
[2024-05-12T12:35:43.034+0000] {logging_mixin.py:188} INFO - [2024-05-12T12:35:43.033+0000] {dag.py:3047} INFO - Sync 1 DAGs
[2024-05-12T12:35:43.055+0000] {logging_mixin.py:188} INFO - [2024-05-12T12:35:43.055+0000] {dag.py:3834} INFO - Setting next_dagrun for live_ademe to 2024-05-12 12:35:00+00:00, run_after=2024-05-12 12:40:00+00:00
[2024-05-12T12:35:43.072+0000] {processor.py:183} INFO - Processing /opt/airflow/dags/ademe_dag.py took 0.616 seconds
[2024-05-12T12:36:13.324+0000] {processor.py:161} INFO - Started process (PID=104) to work on /opt/airflow/dags/ademe_dag.py
[2024-05-12T12:36:13.325+0000] {processor.py:830} INFO - Processing file /opt/airflow/dags/ademe_dag.py for tasks to queue
[2024-05-12T12:36:13.327+0000] {logging_mixin.py:188} INFO - [2024-05-12T12:36:13.327+0000] {dagbag.py:540} INFO - Filling up the DagBag from /opt/airflow/dags/ademe_dag.py
[2024-05-12T12:36:13.824+0000] {logging_mixin.py:188} INFO - /airflow/data/api/url.json
[2024-05-12T12:36:13.842+0000] {processor.py:840} INFO - DAG(s) 'live_ademe' retrieved from /opt/airflow/dags/ademe_dag.py
[2024-05-12T12:36:13.857+0000] {logging_mixin.py:188} INFO - [2024-05-12T12:36:13.857+0000] {dag.py:3047} INFO - Sync 1 DAGs
[2024-05-12T12:36:13.879+0000] {logging_mixin.py:188} INFO - [2024-05-12T12:36:13.879+0000] {dag.py:3834} INFO - Setting next_dagrun for live_ademe to 2024-05-12 12:35:00+00:00, run_after=2024-05-12 12:40:00+00:00
[2024-05-12T12:36:13.897+0000] {processor.py:183} INFO - Processing /opt/airflow/dags/ademe_dag.py took 0.577 seconds
[2024-05-12T12:36:44.184+0000] {processor.py:161} INFO - Started process (PID=115) to work on /opt/airflow/dags/ademe_dag.py
[2024-05-12T12:36:44.185+0000] {processor.py:830} INFO - Processing file /opt/airflow/dags/ademe_dag.py for tasks to queue
[2024-05-12T12:36:44.188+0000] {logging_mixin.py:188} INFO - [2024-05-12T12:36:44.187+0000] {dagbag.py:540} INFO - Filling up the DagBag from /opt/airflow/dags/ademe_dag.py
[2024-05-12T12:36:44.594+0000] {logging_mixin.py:188} INFO - /airflow/data/api/url.json
[2024-05-12T12:36:44.615+0000] {processor.py:840} INFO - DAG(s) 'live_ademe' retrieved from /opt/airflow/dags/ademe_dag.py
[2024-05-12T12:36:44.633+0000] {logging_mixin.py:188} INFO - [2024-05-12T12:36:44.633+0000] {dag.py:3047} INFO - Sync 1 DAGs
[2024-05-12T12:36:44.820+0000] {logging_mixin.py:188} INFO - [2024-05-12T12:36:44.819+0000] {dag.py:3834} INFO - Setting next_dagrun for live_ademe to 2024-05-12 12:35:00+00:00, run_after=2024-05-12 12:40:00+00:00
[2024-05-12T12:36:44.837+0000] {processor.py:183} INFO - Processing /opt/airflow/dags/ademe_dag.py took 0.658 seconds
[2024-05-12T12:37:14.976+0000] {processor.py:161} INFO - Started process (PID=125) to work on /opt/airflow/dags/ademe_dag.py
[2024-05-12T12:37:14.977+0000] {processor.py:830} INFO - Processing file /opt/airflow/dags/ademe_dag.py for tasks to queue
[2024-05-12T12:37:14.979+0000] {logging_mixin.py:188} INFO - [2024-05-12T12:37:14.979+0000] {dagbag.py:540} INFO - Filling up the DagBag from /opt/airflow/dags/ademe_dag.py
[2024-05-12T12:37:15.337+0000] {logging_mixin.py:188} INFO - /airflow/data/api/url.json
[2024-05-12T12:37:15.360+0000] {processor.py:840} INFO - DAG(s) 'live_ademe' retrieved from /opt/airflow/dags/ademe_dag.py
[2024-05-12T12:37:15.527+0000] {logging_mixin.py:188} INFO - [2024-05-12T12:37:15.526+0000] {dag.py:3047} INFO - Sync 1 DAGs
[2024-05-12T12:37:15.549+0000] {logging_mixin.py:188} INFO - [2024-05-12T12:37:15.548+0000] {dag.py:3834} INFO - Setting next_dagrun for live_ademe to 2024-05-12 12:35:00+00:00, run_after=2024-05-12 12:40:00+00:00
[2024-05-12T12:37:15.566+0000] {processor.py:183} INFO - Processing /opt/airflow/dags/ademe_dag.py took 0.595 seconds
[2024-05-12T12:37:45.908+0000] {processor.py:161} INFO - Started process (PID=137) to work on /opt/airflow/dags/ademe_dag.py
[2024-05-12T12:37:45.909+0000] {processor.py:830} INFO - Processing file /opt/airflow/dags/ademe_dag.py for tasks to queue
[2024-05-12T12:37:45.912+0000] {logging_mixin.py:188} INFO - [2024-05-12T12:37:45.912+0000] {dagbag.py:540} INFO - Filling up the DagBag from /opt/airflow/dags/ademe_dag.py
[2024-05-12T12:37:46.456+0000] {logging_mixin.py:188} INFO - /airflow/data/api/url.json
[2024-05-12T12:37:46.474+0000] {processor.py:840} INFO - DAG(s) 'live_ademe' retrieved from /opt/airflow/dags/ademe_dag.py
[2024-05-12T12:37:46.489+0000] {logging_mixin.py:188} INFO - [2024-05-12T12:37:46.488+0000] {dag.py:3047} INFO - Sync 1 DAGs
[2024-05-12T12:37:46.510+0000] {logging_mixin.py:188} INFO - [2024-05-12T12:37:46.510+0000] {dag.py:3834} INFO - Setting next_dagrun for live_ademe to 2024-05-12 12:35:00+00:00, run_after=2024-05-12 12:40:00+00:00
[2024-05-12T12:37:46.529+0000] {processor.py:183} INFO - Processing /opt/airflow/dags/ademe_dag.py took 0.625 seconds
[2024-05-12T12:38:16.804+0000] {processor.py:161} INFO - Started process (PID=148) to work on /opt/airflow/dags/ademe_dag.py
[2024-05-12T12:38:16.806+0000] {processor.py:830} INFO - Processing file /opt/airflow/dags/ademe_dag.py for tasks to queue
[2024-05-12T12:38:16.808+0000] {logging_mixin.py:188} INFO - [2024-05-12T12:38:16.807+0000] {dagbag.py:540} INFO - Filling up the DagBag from /opt/airflow/dags/ademe_dag.py
[2024-05-12T12:38:17.837+0000] {logging_mixin.py:188} INFO - /airflow/data/api/url.json
[2024-05-12T12:38:17.870+0000] {processor.py:840} INFO - DAG(s) 'live_ademe' retrieved from /opt/airflow/dags/ademe_dag.py
[2024-05-12T12:38:17.891+0000] {logging_mixin.py:188} INFO - [2024-05-12T12:38:17.890+0000] {dag.py:3047} INFO - Sync 1 DAGs
[2024-05-12T12:38:17.922+0000] {logging_mixin.py:188} INFO - [2024-05-12T12:38:17.921+0000] {dag.py:3834} INFO - Setting next_dagrun for live_ademe to 2024-05-12 12:35:00+00:00, run_after=2024-05-12 12:40:00+00:00
[2024-05-12T12:38:17.943+0000] {processor.py:183} INFO - Processing /opt/airflow/dags/ademe_dag.py took 1.144 seconds
[2024-05-12T12:38:48.248+0000] {processor.py:161} INFO - Started process (PID=159) to work on /opt/airflow/dags/ademe_dag.py
[2024-05-12T12:38:48.251+0000] {processor.py:830} INFO - Processing file /opt/airflow/dags/ademe_dag.py for tasks to queue
[2024-05-12T12:38:48.253+0000] {logging_mixin.py:188} INFO - [2024-05-12T12:38:48.253+0000] {dagbag.py:540} INFO - Filling up the DagBag from /opt/airflow/dags/ademe_dag.py
[2024-05-12T12:38:48.828+0000] {logging_mixin.py:188} INFO - /airflow/data/api/url.json
[2024-05-12T12:38:48.851+0000] {processor.py:840} INFO - DAG(s) 'live_ademe' retrieved from /opt/airflow/dags/ademe_dag.py
[2024-05-12T12:38:49.097+0000] {logging_mixin.py:188} INFO - [2024-05-12T12:38:49.097+0000] {dag.py:3047} INFO - Sync 1 DAGs
[2024-05-12T12:38:49.118+0000] {logging_mixin.py:188} INFO - [2024-05-12T12:38:49.118+0000] {dag.py:3834} INFO - Setting next_dagrun for live_ademe to 2024-05-12 12:35:00+00:00, run_after=2024-05-12 12:40:00+00:00
[2024-05-12T12:38:49.136+0000] {processor.py:183} INFO - Processing /opt/airflow/dags/ademe_dag.py took 0.894 seconds
[2024-05-12T12:39:19.968+0000] {processor.py:161} INFO - Started process (PID=171) to work on /opt/airflow/dags/ademe_dag.py
[2024-05-12T12:39:19.969+0000] {processor.py:830} INFO - Processing file /opt/airflow/dags/ademe_dag.py for tasks to queue
[2024-05-12T12:39:19.972+0000] {logging_mixin.py:188} INFO - [2024-05-12T12:39:19.971+0000] {dagbag.py:540} INFO - Filling up the DagBag from /opt/airflow/dags/ademe_dag.py
[2024-05-12T12:39:20.512+0000] {logging_mixin.py:188} INFO - /airflow/data/api/url.json
[2024-05-12T12:39:20.538+0000] {processor.py:840} INFO - DAG(s) 'live_ademe' retrieved from /opt/airflow/dags/ademe_dag.py
[2024-05-12T12:39:20.553+0000] {logging_mixin.py:188} INFO - [2024-05-12T12:39:20.553+0000] {dag.py:3047} INFO - Sync 1 DAGs
[2024-05-12T12:39:20.575+0000] {logging_mixin.py:188} INFO - [2024-05-12T12:39:20.575+0000] {dag.py:3834} INFO - Setting next_dagrun for live_ademe to 2024-05-12 12:35:00+00:00, run_after=2024-05-12 12:40:00+00:00
[2024-05-12T12:39:20.594+0000] {processor.py:183} INFO - Processing /opt/airflow/dags/ademe_dag.py took 0.633 seconds
[2024-05-12T12:39:51.231+0000] {processor.py:161} INFO - Started process (PID=181) to work on /opt/airflow/dags/ademe_dag.py
[2024-05-12T12:39:51.233+0000] {processor.py:830} INFO - Processing file /opt/airflow/dags/ademe_dag.py for tasks to queue
[2024-05-12T12:39:51.236+0000] {logging_mixin.py:188} INFO - [2024-05-12T12:39:51.235+0000] {dagbag.py:540} INFO - Filling up the DagBag from /opt/airflow/dags/ademe_dag.py
[2024-05-12T12:39:52.657+0000] {logging_mixin.py:188} INFO - /airflow/data/api/url.json
[2024-05-12T12:39:52.681+0000] {processor.py:840} INFO - DAG(s) 'live_ademe' retrieved from /opt/airflow/dags/ademe_dag.py
[2024-05-12T12:39:52.705+0000] {logging_mixin.py:188} INFO - [2024-05-12T12:39:52.704+0000] {dag.py:3047} INFO - Sync 1 DAGs
[2024-05-12T12:39:52.739+0000] {logging_mixin.py:188} INFO - [2024-05-12T12:39:52.739+0000] {dag.py:3834} INFO - Setting next_dagrun for live_ademe to 2024-05-12 12:35:00+00:00, run_after=2024-05-12 12:40:00+00:00
[2024-05-12T12:39:52.761+0000] {processor.py:183} INFO - Processing /opt/airflow/dags/ademe_dag.py took 1.549 seconds
[2024-05-12T12:40:22.898+0000] {processor.py:161} INFO - Started process (PID=192) to work on /opt/airflow/dags/ademe_dag.py
[2024-05-12T12:40:22.899+0000] {processor.py:830} INFO - Processing file /opt/airflow/dags/ademe_dag.py for tasks to queue
[2024-05-12T12:40:22.902+0000] {logging_mixin.py:188} INFO - [2024-05-12T12:40:22.902+0000] {dagbag.py:540} INFO - Filling up the DagBag from /opt/airflow/dags/ademe_dag.py
[2024-05-12T12:40:23.717+0000] {logging_mixin.py:188} INFO - /airflow/data/api/url.json
[2024-05-12T12:40:23.786+0000] {processor.py:840} INFO - DAG(s) 'live_ademe' retrieved from /opt/airflow/dags/ademe_dag.py
[2024-05-12T12:40:24.256+0000] {logging_mixin.py:188} INFO - [2024-05-12T12:40:24.256+0000] {dag.py:3047} INFO - Sync 1 DAGs
[2024-05-12T12:40:24.290+0000] {logging_mixin.py:188} INFO - [2024-05-12T12:40:24.290+0000] {dag.py:3834} INFO - Setting next_dagrun for live_ademe to 2024-05-12 12:40:00+00:00, run_after=2024-05-12 12:45:00+00:00
[2024-05-12T12:40:24.321+0000] {processor.py:183} INFO - Processing /opt/airflow/dags/ademe_dag.py took 1.429 seconds
[2024-05-12T12:40:54.457+0000] {processor.py:161} INFO - Started process (PID=203) to work on /opt/airflow/dags/ademe_dag.py
[2024-05-12T12:40:54.459+0000] {processor.py:830} INFO - Processing file /opt/airflow/dags/ademe_dag.py for tasks to queue
[2024-05-12T12:40:54.461+0000] {logging_mixin.py:188} INFO - [2024-05-12T12:40:54.460+0000] {dagbag.py:540} INFO - Filling up the DagBag from /opt/airflow/dags/ademe_dag.py
[2024-05-12T12:40:55.024+0000] {logging_mixin.py:188} INFO - /airflow/data/api/url.json
[2024-05-12T12:40:55.054+0000] {processor.py:840} INFO - DAG(s) 'live_ademe' retrieved from /opt/airflow/dags/ademe_dag.py
[2024-05-12T12:40:55.081+0000] {logging_mixin.py:188} INFO - [2024-05-12T12:40:55.080+0000] {dag.py:3047} INFO - Sync 1 DAGs
[2024-05-12T12:40:55.115+0000] {logging_mixin.py:188} INFO - [2024-05-12T12:40:55.115+0000] {dag.py:3834} INFO - Setting next_dagrun for live_ademe to 2024-05-12 12:40:00+00:00, run_after=2024-05-12 12:45:00+00:00
[2024-05-12T12:40:55.135+0000] {processor.py:183} INFO - Processing /opt/airflow/dags/ademe_dag.py took 0.682 seconds
[2024-05-12T12:41:25.371+0000] {processor.py:161} INFO - Started process (PID=214) to work on /opt/airflow/dags/ademe_dag.py
[2024-05-12T12:41:25.372+0000] {processor.py:830} INFO - Processing file /opt/airflow/dags/ademe_dag.py for tasks to queue
[2024-05-12T12:41:25.374+0000] {logging_mixin.py:188} INFO - [2024-05-12T12:41:25.374+0000] {dagbag.py:540} INFO - Filling up the DagBag from /opt/airflow/dags/ademe_dag.py
[2024-05-12T12:41:25.981+0000] {logging_mixin.py:188} INFO - /airflow/data/api/url.json
[2024-05-12T12:41:25.999+0000] {processor.py:840} INFO - DAG(s) 'live_ademe' retrieved from /opt/airflow/dags/ademe_dag.py
[2024-05-12T12:41:26.014+0000] {logging_mixin.py:188} INFO - [2024-05-12T12:41:26.014+0000] {dag.py:3047} INFO - Sync 1 DAGs
[2024-05-12T12:41:26.038+0000] {logging_mixin.py:188} INFO - [2024-05-12T12:41:26.038+0000] {dag.py:3834} INFO - Setting next_dagrun for live_ademe to 2024-05-12 12:40:00+00:00, run_after=2024-05-12 12:45:00+00:00
[2024-05-12T12:41:26.055+0000] {processor.py:183} INFO - Processing /opt/airflow/dags/ademe_dag.py took 0.689 seconds
[2024-05-12T12:41:56.296+0000] {processor.py:161} INFO - Started process (PID=226) to work on /opt/airflow/dags/ademe_dag.py
[2024-05-12T12:41:56.298+0000] {processor.py:830} INFO - Processing file /opt/airflow/dags/ademe_dag.py for tasks to queue
[2024-05-12T12:41:56.300+0000] {logging_mixin.py:188} INFO - [2024-05-12T12:41:56.299+0000] {dagbag.py:540} INFO - Filling up the DagBag from /opt/airflow/dags/ademe_dag.py
[2024-05-12T12:41:56.665+0000] {logging_mixin.py:188} INFO - /airflow/data/api/url.json
[2024-05-12T12:41:56.689+0000] {processor.py:840} INFO - DAG(s) 'live_ademe' retrieved from /opt/airflow/dags/ademe_dag.py
[2024-05-12T12:41:56.850+0000] {logging_mixin.py:188} INFO - [2024-05-12T12:41:56.850+0000] {dag.py:3047} INFO - Sync 1 DAGs
[2024-05-12T12:41:56.873+0000] {logging_mixin.py:188} INFO - [2024-05-12T12:41:56.872+0000] {dag.py:3834} INFO - Setting next_dagrun for live_ademe to 2024-05-12 12:40:00+00:00, run_after=2024-05-12 12:45:00+00:00
[2024-05-12T12:41:56.890+0000] {processor.py:183} INFO - Processing /opt/airflow/dags/ademe_dag.py took 0.598 seconds
[2024-05-12T12:42:27.161+0000] {processor.py:161} INFO - Started process (PID=237) to work on /opt/airflow/dags/ademe_dag.py
[2024-05-12T12:42:27.162+0000] {processor.py:830} INFO - Processing file /opt/airflow/dags/ademe_dag.py for tasks to queue
[2024-05-12T12:42:27.164+0000] {logging_mixin.py:188} INFO - [2024-05-12T12:42:27.164+0000] {dagbag.py:540} INFO - Filling up the DagBag from /opt/airflow/dags/ademe_dag.py
[2024-05-12T12:42:27.713+0000] {logging_mixin.py:188} INFO - /airflow/data/api/url.json
[2024-05-12T12:42:27.731+0000] {processor.py:840} INFO - DAG(s) 'live_ademe' retrieved from /opt/airflow/dags/ademe_dag.py
[2024-05-12T12:42:27.747+0000] {logging_mixin.py:188} INFO - [2024-05-12T12:42:27.746+0000] {dag.py:3047} INFO - Sync 1 DAGs
[2024-05-12T12:42:27.769+0000] {logging_mixin.py:188} INFO - [2024-05-12T12:42:27.769+0000] {dag.py:3834} INFO - Setting next_dagrun for live_ademe to 2024-05-12 12:40:00+00:00, run_after=2024-05-12 12:45:00+00:00
[2024-05-12T12:42:27.787+0000] {processor.py:183} INFO - Processing /opt/airflow/dags/ademe_dag.py took 0.631 seconds
[2024-05-12T12:42:58.331+0000] {processor.py:161} INFO - Started process (PID=248) to work on /opt/airflow/dags/ademe_dag.py
[2024-05-12T12:42:58.332+0000] {processor.py:830} INFO - Processing file /opt/airflow/dags/ademe_dag.py for tasks to queue
[2024-05-12T12:42:58.334+0000] {logging_mixin.py:188} INFO - [2024-05-12T12:42:58.334+0000] {dagbag.py:540} INFO - Filling up the DagBag from /opt/airflow/dags/ademe_dag.py
[2024-05-12T12:42:58.870+0000] {logging_mixin.py:188} INFO - /airflow/data/api/url.json
[2024-05-12T12:42:58.888+0000] {processor.py:840} INFO - DAG(s) 'live_ademe' retrieved from /opt/airflow/dags/ademe_dag.py
[2024-05-12T12:42:58.904+0000] {logging_mixin.py:188} INFO - [2024-05-12T12:42:58.904+0000] {dag.py:3047} INFO - Sync 1 DAGs
[2024-05-12T12:42:58.929+0000] {logging_mixin.py:188} INFO - [2024-05-12T12:42:58.928+0000] {dag.py:3834} INFO - Setting next_dagrun for live_ademe to 2024-05-12 12:40:00+00:00, run_after=2024-05-12 12:45:00+00:00
[2024-05-12T12:42:58.951+0000] {processor.py:183} INFO - Processing /opt/airflow/dags/ademe_dag.py took 0.625 seconds
[2024-05-12T12:43:29.189+0000] {processor.py:161} INFO - Started process (PID=259) to work on /opt/airflow/dags/ademe_dag.py
[2024-05-12T12:43:29.190+0000] {processor.py:830} INFO - Processing file /opt/airflow/dags/ademe_dag.py for tasks to queue
[2024-05-12T12:43:29.193+0000] {logging_mixin.py:188} INFO - [2024-05-12T12:43:29.193+0000] {dagbag.py:540} INFO - Filling up the DagBag from /opt/airflow/dags/ademe_dag.py
[2024-05-12T12:43:29.575+0000] {logging_mixin.py:188} INFO - /airflow/data/api/url.json
[2024-05-12T12:43:29.598+0000] {processor.py:840} INFO - DAG(s) 'live_ademe' retrieved from /opt/airflow/dags/ademe_dag.py
[2024-05-12T12:43:29.812+0000] {logging_mixin.py:188} INFO - [2024-05-12T12:43:29.812+0000] {dag.py:3047} INFO - Sync 1 DAGs
[2024-05-12T12:43:29.836+0000] {logging_mixin.py:188} INFO - [2024-05-12T12:43:29.836+0000] {dag.py:3834} INFO - Setting next_dagrun for live_ademe to 2024-05-12 12:40:00+00:00, run_after=2024-05-12 12:45:00+00:00
[2024-05-12T12:43:29.854+0000] {processor.py:183} INFO - Processing /opt/airflow/dags/ademe_dag.py took 0.671 seconds
[2024-05-12T12:44:00.148+0000] {processor.py:161} INFO - Started process (PID=270) to work on /opt/airflow/dags/ademe_dag.py
[2024-05-12T12:44:00.149+0000] {processor.py:830} INFO - Processing file /opt/airflow/dags/ademe_dag.py for tasks to queue
[2024-05-12T12:44:00.152+0000] {logging_mixin.py:188} INFO - [2024-05-12T12:44:00.151+0000] {dagbag.py:540} INFO - Filling up the DagBag from /opt/airflow/dags/ademe_dag.py
[2024-05-12T12:44:00.860+0000] {logging_mixin.py:188} INFO - /airflow/data/api/url.json
[2024-05-12T12:44:00.880+0000] {processor.py:840} INFO - DAG(s) 'live_ademe' retrieved from /opt/airflow/dags/ademe_dag.py
[2024-05-12T12:44:00.897+0000] {logging_mixin.py:188} INFO - [2024-05-12T12:44:00.897+0000] {dag.py:3047} INFO - Sync 1 DAGs
[2024-05-12T12:44:00.923+0000] {logging_mixin.py:188} INFO - [2024-05-12T12:44:00.922+0000] {dag.py:3834} INFO - Setting next_dagrun for live_ademe to 2024-05-12 12:40:00+00:00, run_after=2024-05-12 12:45:00+00:00
[2024-05-12T12:44:00.955+0000] {processor.py:183} INFO - Processing /opt/airflow/dags/ademe_dag.py took 0.812 seconds
[2024-05-12T12:44:31.962+0000] {processor.py:161} INFO - Started process (PID=288) to work on /opt/airflow/dags/ademe_dag.py
[2024-05-12T12:44:31.963+0000] {processor.py:830} INFO - Processing file /opt/airflow/dags/ademe_dag.py for tasks to queue
[2024-05-12T12:44:31.965+0000] {logging_mixin.py:188} INFO - [2024-05-12T12:44:31.965+0000] {dagbag.py:540} INFO - Filling up the DagBag from /opt/airflow/dags/ademe_dag.py
[2024-05-12T12:44:32.502+0000] {logging_mixin.py:188} INFO - /airflow/data/api/url.json
[2024-05-12T12:44:32.521+0000] {processor.py:840} INFO - DAG(s) 'live_ademe' retrieved from /opt/airflow/dags/ademe_dag.py
[2024-05-12T12:44:32.537+0000] {logging_mixin.py:188} INFO - [2024-05-12T12:44:32.536+0000] {dag.py:3047} INFO - Sync 1 DAGs
[2024-05-12T12:44:32.562+0000] {logging_mixin.py:188} INFO - [2024-05-12T12:44:32.562+0000] {dag.py:3834} INFO - Setting next_dagrun for live_ademe to 2024-05-12 12:40:00+00:00, run_after=2024-05-12 12:45:00+00:00
[2024-05-12T12:44:33.427+0000] {processor.py:183} INFO - Processing /opt/airflow/dags/ademe_dag.py took 1.470 seconds
[2024-05-12T12:45:03.931+0000] {processor.py:161} INFO - Started process (PID=299) to work on /opt/airflow/dags/ademe_dag.py
[2024-05-12T12:45:03.934+0000] {processor.py:830} INFO - Processing file /opt/airflow/dags/ademe_dag.py for tasks to queue
[2024-05-12T12:45:03.937+0000] {logging_mixin.py:188} INFO - [2024-05-12T12:45:03.937+0000] {dagbag.py:540} INFO - Filling up the DagBag from /opt/airflow/dags/ademe_dag.py
[2024-05-12T12:45:04.903+0000] {logging_mixin.py:188} INFO - /airflow/data/api/url.json
[2024-05-12T12:45:04.947+0000] {processor.py:840} INFO - DAG(s) 'live_ademe' retrieved from /opt/airflow/dags/ademe_dag.py
[2024-05-12T12:45:05.242+0000] {logging_mixin.py:188} INFO - [2024-05-12T12:45:05.241+0000] {dag.py:3047} INFO - Sync 1 DAGs
[2024-05-12T12:45:05.290+0000] {logging_mixin.py:188} INFO - [2024-05-12T12:45:05.290+0000] {dag.py:3834} INFO - Setting next_dagrun for live_ademe to 2024-05-12 12:45:00+00:00, run_after=2024-05-12 12:50:00+00:00
[2024-05-12T12:45:05.331+0000] {processor.py:183} INFO - Processing /opt/airflow/dags/ademe_dag.py took 1.414 seconds
[2024-05-12T12:45:35.541+0000] {processor.py:161} INFO - Started process (PID=310) to work on /opt/airflow/dags/ademe_dag.py
[2024-05-12T12:45:35.543+0000] {processor.py:830} INFO - Processing file /opt/airflow/dags/ademe_dag.py for tasks to queue
[2024-05-12T12:45:35.546+0000] {logging_mixin.py:188} INFO - [2024-05-12T12:45:35.545+0000] {dagbag.py:540} INFO - Filling up the DagBag from /opt/airflow/dags/ademe_dag.py
[2024-05-12T12:45:36.511+0000] {logging_mixin.py:188} INFO - /airflow/data/api/url.json
[2024-05-12T12:45:36.541+0000] {processor.py:840} INFO - DAG(s) 'live_ademe' retrieved from /opt/airflow/dags/ademe_dag.py
[2024-05-12T12:45:36.564+0000] {logging_mixin.py:188} INFO - [2024-05-12T12:45:36.564+0000] {dag.py:3047} INFO - Sync 1 DAGs
[2024-05-12T12:45:36.599+0000] {logging_mixin.py:188} INFO - [2024-05-12T12:45:36.599+0000] {dag.py:3834} INFO - Setting next_dagrun for live_ademe to 2024-05-12 12:45:00+00:00, run_after=2024-05-12 12:50:00+00:00
[2024-05-12T12:45:36.626+0000] {processor.py:183} INFO - Processing /opt/airflow/dags/ademe_dag.py took 1.090 seconds
[2024-05-12T12:46:06.703+0000] {processor.py:161} INFO - Started process (PID=321) to work on /opt/airflow/dags/ademe_dag.py
[2024-05-12T12:46:06.705+0000] {processor.py:830} INFO - Processing file /opt/airflow/dags/ademe_dag.py for tasks to queue
[2024-05-12T12:46:06.707+0000] {logging_mixin.py:188} INFO - [2024-05-12T12:46:06.707+0000] {dagbag.py:540} INFO - Filling up the DagBag from /opt/airflow/dags/ademe_dag.py
[2024-05-12T12:46:07.247+0000] {logging_mixin.py:188} INFO - /airflow/data/api/url.json
[2024-05-12T12:46:07.265+0000] {processor.py:840} INFO - DAG(s) 'live_ademe' retrieved from /opt/airflow/dags/ademe_dag.py
[2024-05-12T12:46:07.281+0000] {logging_mixin.py:188} INFO - [2024-05-12T12:46:07.281+0000] {dag.py:3047} INFO - Sync 1 DAGs
[2024-05-12T12:46:07.313+0000] {logging_mixin.py:188} INFO - [2024-05-12T12:46:07.313+0000] {dag.py:3834} INFO - Setting next_dagrun for live_ademe to 2024-05-12 12:45:00+00:00, run_after=2024-05-12 12:50:00+00:00
[2024-05-12T12:46:07.351+0000] {processor.py:183} INFO - Processing /opt/airflow/dags/ademe_dag.py took 0.654 seconds
[2024-05-12T12:46:37.753+0000] {processor.py:161} INFO - Started process (PID=331) to work on /opt/airflow/dags/ademe_dag.py
[2024-05-12T12:46:37.755+0000] {processor.py:830} INFO - Processing file /opt/airflow/dags/ademe_dag.py for tasks to queue
[2024-05-12T12:46:37.758+0000] {logging_mixin.py:188} INFO - [2024-05-12T12:46:37.757+0000] {dagbag.py:540} INFO - Filling up the DagBag from /opt/airflow/dags/ademe_dag.py
[2024-05-12T12:46:38.152+0000] {logging_mixin.py:188} INFO - /airflow/data/api/url.json
[2024-05-12T12:46:38.211+0000] {processor.py:840} INFO - DAG(s) 'live_ademe' retrieved from /opt/airflow/dags/ademe_dag.py
[2024-05-12T12:46:38.428+0000] {logging_mixin.py:188} INFO - [2024-05-12T12:46:38.427+0000] {dag.py:3047} INFO - Sync 1 DAGs
[2024-05-12T12:46:38.458+0000] {logging_mixin.py:188} INFO - [2024-05-12T12:46:38.458+0000] {dag.py:3834} INFO - Setting next_dagrun for live_ademe to 2024-05-12 12:45:00+00:00, run_after=2024-05-12 12:50:00+00:00
[2024-05-12T12:46:38.496+0000] {processor.py:183} INFO - Processing /opt/airflow/dags/ademe_dag.py took 0.748 seconds
[2024-05-12T12:47:08.702+0000] {processor.py:161} INFO - Started process (PID=342) to work on /opt/airflow/dags/ademe_dag.py
[2024-05-12T12:47:08.787+0000] {processor.py:830} INFO - Processing file /opt/airflow/dags/ademe_dag.py for tasks to queue
[2024-05-12T12:47:08.790+0000] {logging_mixin.py:188} INFO - [2024-05-12T12:47:08.790+0000] {dagbag.py:540} INFO - Filling up the DagBag from /opt/airflow/dags/ademe_dag.py
[2024-05-12T12:47:09.374+0000] {logging_mixin.py:188} INFO - /airflow/data/api/url.json
[2024-05-12T12:47:09.394+0000] {processor.py:840} INFO - DAG(s) 'live_ademe' retrieved from /opt/airflow/dags/ademe_dag.py
[2024-05-12T12:47:09.412+0000] {logging_mixin.py:188} INFO - [2024-05-12T12:47:09.412+0000] {dag.py:3047} INFO - Sync 1 DAGs
[2024-05-12T12:47:09.438+0000] {logging_mixin.py:188} INFO - [2024-05-12T12:47:09.438+0000] {dag.py:3834} INFO - Setting next_dagrun for live_ademe to 2024-05-12 12:45:00+00:00, run_after=2024-05-12 12:50:00+00:00
[2024-05-12T12:47:09.458+0000] {processor.py:183} INFO - Processing /opt/airflow/dags/ademe_dag.py took 0.761 seconds
[2024-05-12T12:47:39.629+0000] {processor.py:161} INFO - Started process (PID=352) to work on /opt/airflow/dags/ademe_dag.py
[2024-05-12T12:47:39.631+0000] {processor.py:830} INFO - Processing file /opt/airflow/dags/ademe_dag.py for tasks to queue
[2024-05-12T12:47:39.633+0000] {logging_mixin.py:188} INFO - [2024-05-12T12:47:39.633+0000] {dagbag.py:540} INFO - Filling up the DagBag from /opt/airflow/dags/ademe_dag.py
[2024-05-12T12:47:40.229+0000] {logging_mixin.py:188} INFO - /airflow/data/api/url.json
[2024-05-12T12:47:40.252+0000] {processor.py:840} INFO - DAG(s) 'live_ademe' retrieved from /opt/airflow/dags/ademe_dag.py
[2024-05-12T12:47:40.269+0000] {logging_mixin.py:188} INFO - [2024-05-12T12:47:40.269+0000] {dag.py:3047} INFO - Sync 1 DAGs
[2024-05-12T12:47:40.325+0000] {logging_mixin.py:188} INFO - [2024-05-12T12:47:40.324+0000] {dag.py:3834} INFO - Setting next_dagrun for live_ademe to 2024-05-12 12:45:00+00:00, run_after=2024-05-12 12:50:00+00:00
[2024-05-12T12:47:40.351+0000] {processor.py:183} INFO - Processing /opt/airflow/dags/ademe_dag.py took 0.726 seconds
[2024-05-12T12:48:10.550+0000] {processor.py:161} INFO - Started process (PID=363) to work on /opt/airflow/dags/ademe_dag.py
[2024-05-12T12:48:10.551+0000] {processor.py:830} INFO - Processing file /opt/airflow/dags/ademe_dag.py for tasks to queue
[2024-05-12T12:48:10.554+0000] {logging_mixin.py:188} INFO - [2024-05-12T12:48:10.553+0000] {dagbag.py:540} INFO - Filling up the DagBag from /opt/airflow/dags/ademe_dag.py
[2024-05-12T12:48:11.118+0000] {logging_mixin.py:188} INFO - /airflow/data/api/url.json
[2024-05-12T12:48:11.138+0000] {processor.py:840} INFO - DAG(s) 'live_ademe' retrieved from /opt/airflow/dags/ademe_dag.py
[2024-05-12T12:48:11.155+0000] {logging_mixin.py:188} INFO - [2024-05-12T12:48:11.155+0000] {dag.py:3047} INFO - Sync 1 DAGs
[2024-05-12T12:48:11.179+0000] {logging_mixin.py:188} INFO - [2024-05-12T12:48:11.179+0000] {dag.py:3834} INFO - Setting next_dagrun for live_ademe to 2024-05-12 12:45:00+00:00, run_after=2024-05-12 12:50:00+00:00
[2024-05-12T12:48:11.199+0000] {processor.py:183} INFO - Processing /opt/airflow/dags/ademe_dag.py took 0.653 seconds
[2024-05-12T12:48:41.880+0000] {processor.py:161} INFO - Started process (PID=374) to work on /opt/airflow/dags/ademe_dag.py
[2024-05-12T12:48:41.882+0000] {processor.py:830} INFO - Processing file /opt/airflow/dags/ademe_dag.py for tasks to queue
[2024-05-12T12:48:41.884+0000] {logging_mixin.py:188} INFO - [2024-05-12T12:48:41.884+0000] {dagbag.py:540} INFO - Filling up the DagBag from /opt/airflow/dags/ademe_dag.py
[2024-05-12T12:48:42.401+0000] {logging_mixin.py:188} INFO - /airflow/data/api/url.json
[2024-05-12T12:48:42.420+0000] {processor.py:840} INFO - DAG(s) 'live_ademe' retrieved from /opt/airflow/dags/ademe_dag.py
[2024-05-12T12:48:42.435+0000] {logging_mixin.py:188} INFO - [2024-05-12T12:48:42.435+0000] {dag.py:3047} INFO - Sync 1 DAGs
[2024-05-12T12:48:42.459+0000] {logging_mixin.py:188} INFO - [2024-05-12T12:48:42.459+0000] {dag.py:3834} INFO - Setting next_dagrun for live_ademe to 2024-05-12 12:45:00+00:00, run_after=2024-05-12 12:50:00+00:00
[2024-05-12T12:48:42.478+0000] {processor.py:183} INFO - Processing /opt/airflow/dags/ademe_dag.py took 0.602 seconds
[2024-05-12T12:49:12.877+0000] {processor.py:161} INFO - Started process (PID=385) to work on /opt/airflow/dags/ademe_dag.py
[2024-05-12T12:49:12.879+0000] {processor.py:830} INFO - Processing file /opt/airflow/dags/ademe_dag.py for tasks to queue
[2024-05-12T12:49:12.881+0000] {logging_mixin.py:188} INFO - [2024-05-12T12:49:12.880+0000] {dagbag.py:540} INFO - Filling up the DagBag from /opt/airflow/dags/ademe_dag.py
[2024-05-12T12:49:13.415+0000] {logging_mixin.py:188} INFO - /airflow/data/api/url.json
[2024-05-12T12:49:13.434+0000] {processor.py:840} INFO - DAG(s) 'live_ademe' retrieved from /opt/airflow/dags/ademe_dag.py
[2024-05-12T12:49:13.450+0000] {logging_mixin.py:188} INFO - [2024-05-12T12:49:13.450+0000] {dag.py:3047} INFO - Sync 1 DAGs
[2024-05-12T12:49:13.475+0000] {logging_mixin.py:188} INFO - [2024-05-12T12:49:13.475+0000] {dag.py:3834} INFO - Setting next_dagrun for live_ademe to 2024-05-12 12:45:00+00:00, run_after=2024-05-12 12:50:00+00:00
[2024-05-12T12:49:13.493+0000] {processor.py:183} INFO - Processing /opt/airflow/dags/ademe_dag.py took 0.620 seconds
[2024-05-12T12:49:43.606+0000] {processor.py:161} INFO - Started process (PID=396) to work on /opt/airflow/dags/ademe_dag.py
[2024-05-12T12:49:43.607+0000] {processor.py:830} INFO - Processing file /opt/airflow/dags/ademe_dag.py for tasks to queue
[2024-05-12T12:49:43.609+0000] {logging_mixin.py:188} INFO - [2024-05-12T12:49:43.609+0000] {dagbag.py:540} INFO - Filling up the DagBag from /opt/airflow/dags/ademe_dag.py
[2024-05-12T12:49:44.140+0000] {logging_mixin.py:188} INFO - /airflow/data/api/url.json
[2024-05-12T12:49:44.160+0000] {processor.py:840} INFO - DAG(s) 'live_ademe' retrieved from /opt/airflow/dags/ademe_dag.py
[2024-05-12T12:49:44.175+0000] {logging_mixin.py:188} INFO - [2024-05-12T12:49:44.175+0000] {dag.py:3047} INFO - Sync 1 DAGs
[2024-05-12T12:49:44.197+0000] {logging_mixin.py:188} INFO - [2024-05-12T12:49:44.197+0000] {dag.py:3834} INFO - Setting next_dagrun for live_ademe to 2024-05-12 12:45:00+00:00, run_after=2024-05-12 12:50:00+00:00
[2024-05-12T12:49:44.214+0000] {processor.py:183} INFO - Processing /opt/airflow/dags/ademe_dag.py took 0.613 seconds
[2024-05-12T12:50:14.785+0000] {processor.py:161} INFO - Started process (PID=407) to work on /opt/airflow/dags/ademe_dag.py
[2024-05-12T12:50:14.786+0000] {processor.py:830} INFO - Processing file /opt/airflow/dags/ademe_dag.py for tasks to queue
[2024-05-12T12:50:14.788+0000] {logging_mixin.py:188} INFO - [2024-05-12T12:50:14.788+0000] {dagbag.py:540} INFO - Filling up the DagBag from /opt/airflow/dags/ademe_dag.py
[2024-05-12T12:50:15.363+0000] {logging_mixin.py:188} INFO - /airflow/data/api/url.json
[2024-05-12T12:50:15.381+0000] {processor.py:840} INFO - DAG(s) 'live_ademe' retrieved from /opt/airflow/dags/ademe_dag.py
[2024-05-12T12:50:15.397+0000] {logging_mixin.py:188} INFO - [2024-05-12T12:50:15.396+0000] {dag.py:3047} INFO - Sync 1 DAGs
[2024-05-12T12:50:15.420+0000] {logging_mixin.py:188} INFO - [2024-05-12T12:50:15.420+0000] {dag.py:3834} INFO - Setting next_dagrun for live_ademe to 2024-05-12 12:50:00+00:00, run_after=2024-05-12 12:55:00+00:00
[2024-05-12T12:50:15.439+0000] {processor.py:183} INFO - Processing /opt/airflow/dags/ademe_dag.py took 0.659 seconds
[2024-05-12T12:50:45.914+0000] {processor.py:161} INFO - Started process (PID=417) to work on /opt/airflow/dags/ademe_dag.py
[2024-05-12T12:50:45.915+0000] {processor.py:830} INFO - Processing file /opt/airflow/dags/ademe_dag.py for tasks to queue
[2024-05-12T12:50:45.917+0000] {logging_mixin.py:188} INFO - [2024-05-12T12:50:45.917+0000] {dagbag.py:540} INFO - Filling up the DagBag from /opt/airflow/dags/ademe_dag.py
[2024-05-12T12:50:46.442+0000] {logging_mixin.py:188} INFO - /airflow/data/api/url.json
[2024-05-12T12:50:46.461+0000] {processor.py:840} INFO - DAG(s) 'live_ademe' retrieved from /opt/airflow/dags/ademe_dag.py
[2024-05-12T12:50:46.478+0000] {logging_mixin.py:188} INFO - [2024-05-12T12:50:46.477+0000] {dag.py:3047} INFO - Sync 1 DAGs
[2024-05-12T12:50:46.501+0000] {logging_mixin.py:188} INFO - [2024-05-12T12:50:46.501+0000] {dag.py:3834} INFO - Setting next_dagrun for live_ademe to 2024-05-12 12:50:00+00:00, run_after=2024-05-12 12:55:00+00:00
[2024-05-12T12:50:46.520+0000] {processor.py:183} INFO - Processing /opt/airflow/dags/ademe_dag.py took 0.611 seconds
[2024-05-12T12:51:16.698+0000] {processor.py:161} INFO - Started process (PID=427) to work on /opt/airflow/dags/ademe_dag.py
[2024-05-12T12:51:16.699+0000] {processor.py:830} INFO - Processing file /opt/airflow/dags/ademe_dag.py for tasks to queue
[2024-05-12T12:51:16.702+0000] {logging_mixin.py:188} INFO - [2024-05-12T12:51:16.701+0000] {dagbag.py:540} INFO - Filling up the DagBag from /opt/airflow/dags/ademe_dag.py
[2024-05-12T12:51:17.274+0000] {logging_mixin.py:188} INFO - /airflow/data/api/url.json
[2024-05-12T12:51:17.294+0000] {processor.py:840} INFO - DAG(s) 'live_ademe' retrieved from /opt/airflow/dags/ademe_dag.py
[2024-05-12T12:51:17.311+0000] {logging_mixin.py:188} INFO - [2024-05-12T12:51:17.310+0000] {dag.py:3047} INFO - Sync 1 DAGs
[2024-05-12T12:51:17.334+0000] {logging_mixin.py:188} INFO - [2024-05-12T12:51:17.333+0000] {dag.py:3834} INFO - Setting next_dagrun for live_ademe to 2024-05-12 12:50:00+00:00, run_after=2024-05-12 12:55:00+00:00
[2024-05-12T12:51:17.352+0000] {processor.py:183} INFO - Processing /opt/airflow/dags/ademe_dag.py took 0.659 seconds
[2024-05-12T12:51:47.642+0000] {processor.py:161} INFO - Started process (PID=437) to work on /opt/airflow/dags/ademe_dag.py
[2024-05-12T12:51:47.644+0000] {processor.py:830} INFO - Processing file /opt/airflow/dags/ademe_dag.py for tasks to queue
[2024-05-12T12:51:47.646+0000] {logging_mixin.py:188} INFO - [2024-05-12T12:51:47.646+0000] {dagbag.py:540} INFO - Filling up the DagBag from /opt/airflow/dags/ademe_dag.py
[2024-05-12T12:51:48.220+0000] {logging_mixin.py:188} INFO - /airflow/data/api/url.json
[2024-05-12T12:51:48.240+0000] {processor.py:840} INFO - DAG(s) 'live_ademe' retrieved from /opt/airflow/dags/ademe_dag.py
[2024-05-12T12:51:48.258+0000] {logging_mixin.py:188} INFO - [2024-05-12T12:51:48.257+0000] {dag.py:3047} INFO - Sync 1 DAGs
[2024-05-12T12:51:48.282+0000] {logging_mixin.py:188} INFO - [2024-05-12T12:51:48.281+0000] {dag.py:3834} INFO - Setting next_dagrun for live_ademe to 2024-05-12 12:50:00+00:00, run_after=2024-05-12 12:55:00+00:00
[2024-05-12T12:51:48.302+0000] {processor.py:183} INFO - Processing /opt/airflow/dags/ademe_dag.py took 0.665 seconds
[2024-05-12T12:52:18.666+0000] {processor.py:161} INFO - Started process (PID=448) to work on /opt/airflow/dags/ademe_dag.py
[2024-05-12T12:52:18.668+0000] {processor.py:830} INFO - Processing file /opt/airflow/dags/ademe_dag.py for tasks to queue
[2024-05-12T12:52:18.670+0000] {logging_mixin.py:188} INFO - [2024-05-12T12:52:18.670+0000] {dagbag.py:540} INFO - Filling up the DagBag from /opt/airflow/dags/ademe_dag.py
[2024-05-12T12:52:19.216+0000] {logging_mixin.py:188} INFO - /airflow/data/api/url.json
[2024-05-12T12:52:19.235+0000] {processor.py:840} INFO - DAG(s) 'live_ademe' retrieved from /opt/airflow/dags/ademe_dag.py
[2024-05-12T12:52:19.252+0000] {logging_mixin.py:188} INFO - [2024-05-12T12:52:19.251+0000] {dag.py:3047} INFO - Sync 1 DAGs
[2024-05-12T12:52:19.277+0000] {logging_mixin.py:188} INFO - [2024-05-12T12:52:19.277+0000] {dag.py:3834} INFO - Setting next_dagrun for live_ademe to 2024-05-12 12:50:00+00:00, run_after=2024-05-12 12:55:00+00:00
[2024-05-12T12:52:19.320+0000] {processor.py:183} INFO - Processing /opt/airflow/dags/ademe_dag.py took 0.659 seconds
[2024-05-12T12:52:49.374+0000] {processor.py:161} INFO - Started process (PID=459) to work on /opt/airflow/dags/ademe_dag.py
[2024-05-12T12:52:49.375+0000] {processor.py:830} INFO - Processing file /opt/airflow/dags/ademe_dag.py for tasks to queue
[2024-05-12T12:52:49.377+0000] {logging_mixin.py:188} INFO - [2024-05-12T12:52:49.377+0000] {dagbag.py:540} INFO - Filling up the DagBag from /opt/airflow/dags/ademe_dag.py
[2024-05-12T12:52:49.928+0000] {logging_mixin.py:188} INFO - /airflow/data/api/url.json
[2024-05-12T12:52:49.946+0000] {processor.py:840} INFO - DAG(s) 'live_ademe' retrieved from /opt/airflow/dags/ademe_dag.py
[2024-05-12T12:52:49.965+0000] {logging_mixin.py:188} INFO - [2024-05-12T12:52:49.964+0000] {dag.py:3047} INFO - Sync 1 DAGs
[2024-05-12T12:52:49.990+0000] {logging_mixin.py:188} INFO - [2024-05-12T12:52:49.990+0000] {dag.py:3834} INFO - Setting next_dagrun for live_ademe to 2024-05-12 12:50:00+00:00, run_after=2024-05-12 12:55:00+00:00
[2024-05-12T12:52:50.009+0000] {processor.py:183} INFO - Processing /opt/airflow/dags/ademe_dag.py took 0.640 seconds
[2024-05-12T12:53:20.440+0000] {processor.py:161} INFO - Started process (PID=470) to work on /opt/airflow/dags/ademe_dag.py
[2024-05-12T12:53:20.442+0000] {processor.py:830} INFO - Processing file /opt/airflow/dags/ademe_dag.py for tasks to queue
[2024-05-12T12:53:20.445+0000] {logging_mixin.py:188} INFO - [2024-05-12T12:53:20.444+0000] {dagbag.py:540} INFO - Filling up the DagBag from /opt/airflow/dags/ademe_dag.py
[2024-05-12T12:53:21.285+0000] {logging_mixin.py:188} INFO - /airflow/data/api/url.json
[2024-05-12T12:53:21.310+0000] {processor.py:840} INFO - DAG(s) 'live_ademe' retrieved from /opt/airflow/dags/ademe_dag.py
[2024-05-12T12:53:21.334+0000] {logging_mixin.py:188} INFO - [2024-05-12T12:53:21.334+0000] {dag.py:3047} INFO - Sync 1 DAGs
[2024-05-12T12:53:21.370+0000] {logging_mixin.py:188} INFO - [2024-05-12T12:53:21.369+0000] {dag.py:3834} INFO - Setting next_dagrun for live_ademe to 2024-05-12 12:50:00+00:00, run_after=2024-05-12 12:55:00+00:00
[2024-05-12T12:53:22.110+0000] {processor.py:183} INFO - Processing /opt/airflow/dags/ademe_dag.py took 1.676 seconds
[2024-05-12T12:53:52.279+0000] {processor.py:161} INFO - Started process (PID=480) to work on /opt/airflow/dags/ademe_dag.py
[2024-05-12T12:53:52.280+0000] {processor.py:830} INFO - Processing file /opt/airflow/dags/ademe_dag.py for tasks to queue
[2024-05-12T12:53:52.283+0000] {logging_mixin.py:188} INFO - [2024-05-12T12:53:52.283+0000] {dagbag.py:540} INFO - Filling up the DagBag from /opt/airflow/dags/ademe_dag.py
[2024-05-12T12:53:53.136+0000] {logging_mixin.py:188} INFO - /airflow/data/api/url.json
[2024-05-12T12:53:53.162+0000] {processor.py:840} INFO - DAG(s) 'live_ademe' retrieved from /opt/airflow/dags/ademe_dag.py
[2024-05-12T12:53:53.188+0000] {logging_mixin.py:188} INFO - [2024-05-12T12:53:53.187+0000] {dag.py:3047} INFO - Sync 1 DAGs
[2024-05-12T12:53:53.227+0000] {logging_mixin.py:188} INFO - [2024-05-12T12:53:53.227+0000] {dag.py:3834} INFO - Setting next_dagrun for live_ademe to 2024-05-12 12:50:00+00:00, run_after=2024-05-12 12:55:00+00:00
[2024-05-12T12:53:53.252+0000] {processor.py:183} INFO - Processing /opt/airflow/dags/ademe_dag.py took 0.979 seconds
[2024-05-12T12:54:23.424+0000] {processor.py:161} INFO - Started process (PID=491) to work on /opt/airflow/dags/ademe_dag.py
[2024-05-12T12:54:23.425+0000] {processor.py:830} INFO - Processing file /opt/airflow/dags/ademe_dag.py for tasks to queue
[2024-05-12T12:54:23.427+0000] {logging_mixin.py:188} INFO - [2024-05-12T12:54:23.426+0000] {dagbag.py:540} INFO - Filling up the DagBag from /opt/airflow/dags/ademe_dag.py
[2024-05-12T12:54:23.966+0000] {logging_mixin.py:188} INFO - /airflow/data/api/url.json
[2024-05-12T12:54:23.984+0000] {processor.py:840} INFO - DAG(s) 'live_ademe' retrieved from /opt/airflow/dags/ademe_dag.py
[2024-05-12T12:54:24.000+0000] {logging_mixin.py:188} INFO - [2024-05-12T12:54:24.000+0000] {dag.py:3047} INFO - Sync 1 DAGs
[2024-05-12T12:54:24.023+0000] {logging_mixin.py:188} INFO - [2024-05-12T12:54:24.022+0000] {dag.py:3834} INFO - Setting next_dagrun for live_ademe to 2024-05-12 12:50:00+00:00, run_after=2024-05-12 12:55:00+00:00
[2024-05-12T12:54:24.041+0000] {processor.py:183} INFO - Processing /opt/airflow/dags/ademe_dag.py took 0.623 seconds
[2024-05-12T12:54:54.716+0000] {processor.py:161} INFO - Started process (PID=502) to work on /opt/airflow/dags/ademe_dag.py
[2024-05-12T12:54:54.717+0000] {processor.py:830} INFO - Processing file /opt/airflow/dags/ademe_dag.py for tasks to queue
[2024-05-12T12:54:54.720+0000] {logging_mixin.py:188} INFO - [2024-05-12T12:54:54.719+0000] {dagbag.py:540} INFO - Filling up the DagBag from /opt/airflow/dags/ademe_dag.py
[2024-05-12T12:54:55.560+0000] {logging_mixin.py:188} INFO - /airflow/data/api/url.json
[2024-05-12T12:54:55.586+0000] {processor.py:840} INFO - DAG(s) 'live_ademe' retrieved from /opt/airflow/dags/ademe_dag.py
[2024-05-12T12:54:55.612+0000] {logging_mixin.py:188} INFO - [2024-05-12T12:54:55.612+0000] {dag.py:3047} INFO - Sync 1 DAGs
[2024-05-12T12:54:55.644+0000] {logging_mixin.py:188} INFO - [2024-05-12T12:54:55.643+0000] {dag.py:3834} INFO - Setting next_dagrun for live_ademe to 2024-05-12 12:50:00+00:00, run_after=2024-05-12 12:55:00+00:00
[2024-05-12T12:54:55.667+0000] {processor.py:183} INFO - Processing /opt/airflow/dags/ademe_dag.py took 0.958 seconds
[2024-05-12T12:55:26.001+0000] {processor.py:161} INFO - Started process (PID=513) to work on /opt/airflow/dags/ademe_dag.py
[2024-05-12T12:55:26.002+0000] {processor.py:830} INFO - Processing file /opt/airflow/dags/ademe_dag.py for tasks to queue
[2024-05-12T12:55:26.005+0000] {logging_mixin.py:188} INFO - [2024-05-12T12:55:26.004+0000] {dagbag.py:540} INFO - Filling up the DagBag from /opt/airflow/dags/ademe_dag.py
[2024-05-12T12:55:26.881+0000] {logging_mixin.py:188} INFO - /airflow/data/api/url.json
[2024-05-12T12:55:26.911+0000] {processor.py:840} INFO - DAG(s) 'live_ademe' retrieved from /opt/airflow/dags/ademe_dag.py
[2024-05-12T12:55:26.935+0000] {logging_mixin.py:188} INFO - [2024-05-12T12:55:26.934+0000] {dag.py:3047} INFO - Sync 1 DAGs
[2024-05-12T12:55:26.971+0000] {logging_mixin.py:188} INFO - [2024-05-12T12:55:26.971+0000] {dag.py:3834} INFO - Setting next_dagrun for live_ademe to 2024-05-12 12:55:00+00:00, run_after=2024-05-12 13:00:00+00:00
[2024-05-12T12:55:27.014+0000] {processor.py:183} INFO - Processing /opt/airflow/dags/ademe_dag.py took 1.020 seconds
[2024-05-12T12:55:57.293+0000] {processor.py:161} INFO - Started process (PID=523) to work on /opt/airflow/dags/ademe_dag.py
[2024-05-12T12:55:57.295+0000] {processor.py:830} INFO - Processing file /opt/airflow/dags/ademe_dag.py for tasks to queue
[2024-05-12T12:55:57.298+0000] {logging_mixin.py:188} INFO - [2024-05-12T12:55:57.298+0000] {dagbag.py:540} INFO - Filling up the DagBag from /opt/airflow/dags/ademe_dag.py
[2024-05-12T12:55:57.852+0000] {logging_mixin.py:188} INFO - /airflow/data/api/url.json
[2024-05-12T12:55:57.870+0000] {processor.py:840} INFO - DAG(s) 'live_ademe' retrieved from /opt/airflow/dags/ademe_dag.py
[2024-05-12T12:55:57.887+0000] {logging_mixin.py:188} INFO - [2024-05-12T12:55:57.886+0000] {dag.py:3047} INFO - Sync 1 DAGs
[2024-05-12T12:55:57.909+0000] {logging_mixin.py:188} INFO - [2024-05-12T12:55:57.908+0000] {dag.py:3834} INFO - Setting next_dagrun for live_ademe to 2024-05-12 12:55:00+00:00, run_after=2024-05-12 13:00:00+00:00
[2024-05-12T12:55:57.926+0000] {processor.py:183} INFO - Processing /opt/airflow/dags/ademe_dag.py took 0.638 seconds
[2024-05-12T12:56:28.667+0000] {processor.py:161} INFO - Started process (PID=535) to work on /opt/airflow/dags/ademe_dag.py
[2024-05-12T12:56:28.668+0000] {processor.py:830} INFO - Processing file /opt/airflow/dags/ademe_dag.py for tasks to queue
[2024-05-12T12:56:28.670+0000] {logging_mixin.py:188} INFO - [2024-05-12T12:56:28.669+0000] {dagbag.py:540} INFO - Filling up the DagBag from /opt/airflow/dags/ademe_dag.py
[2024-05-12T12:56:29.243+0000] {logging_mixin.py:188} INFO - /airflow/data/api/url.json
[2024-05-12T12:56:29.261+0000] {processor.py:840} INFO - DAG(s) 'live_ademe' retrieved from /opt/airflow/dags/ademe_dag.py
[2024-05-12T12:56:29.276+0000] {logging_mixin.py:188} INFO - [2024-05-12T12:56:29.276+0000] {dag.py:3047} INFO - Sync 1 DAGs
[2024-05-12T12:56:29.298+0000] {logging_mixin.py:188} INFO - [2024-05-12T12:56:29.298+0000] {dag.py:3834} INFO - Setting next_dagrun for live_ademe to 2024-05-12 12:55:00+00:00, run_after=2024-05-12 13:00:00+00:00
[2024-05-12T12:56:29.392+0000] {processor.py:183} INFO - Processing /opt/airflow/dags/ademe_dag.py took 0.730 seconds
[2024-05-12T12:56:59.855+0000] {processor.py:161} INFO - Started process (PID=546) to work on /opt/airflow/dags/ademe_dag.py
[2024-05-12T12:56:59.857+0000] {processor.py:830} INFO - Processing file /opt/airflow/dags/ademe_dag.py for tasks to queue
[2024-05-12T12:56:59.860+0000] {logging_mixin.py:188} INFO - [2024-05-12T12:56:59.859+0000] {dagbag.py:540} INFO - Filling up the DagBag from /opt/airflow/dags/ademe_dag.py
[2024-05-12T12:57:00.463+0000] {logging_mixin.py:188} INFO - /airflow/data/api/url.json
[2024-05-12T12:57:00.482+0000] {processor.py:840} INFO - DAG(s) 'live_ademe' retrieved from /opt/airflow/dags/ademe_dag.py
[2024-05-12T12:57:00.500+0000] {logging_mixin.py:188} INFO - [2024-05-12T12:57:00.499+0000] {dag.py:3047} INFO - Sync 1 DAGs
[2024-05-12T12:57:00.525+0000] {logging_mixin.py:188} INFO - [2024-05-12T12:57:00.525+0000] {dag.py:3834} INFO - Setting next_dagrun for live_ademe to 2024-05-12 12:55:00+00:00, run_after=2024-05-12 13:00:00+00:00
[2024-05-12T12:57:00.797+0000] {processor.py:183} INFO - Processing /opt/airflow/dags/ademe_dag.py took 0.948 seconds
[2024-05-12T12:57:31.123+0000] {processor.py:161} INFO - Started process (PID=557) to work on /opt/airflow/dags/ademe_dag.py
[2024-05-12T12:57:31.124+0000] {processor.py:830} INFO - Processing file /opt/airflow/dags/ademe_dag.py for tasks to queue
[2024-05-12T12:57:31.127+0000] {logging_mixin.py:188} INFO - [2024-05-12T12:57:31.126+0000] {dagbag.py:540} INFO - Filling up the DagBag from /opt/airflow/dags/ademe_dag.py
[2024-05-12T12:57:31.711+0000] {logging_mixin.py:188} INFO - /airflow/data/api/url.json
[2024-05-12T12:57:31.730+0000] {processor.py:840} INFO - DAG(s) 'live_ademe' retrieved from /opt/airflow/dags/ademe_dag.py
[2024-05-12T12:57:31.755+0000] {logging_mixin.py:188} INFO - [2024-05-12T12:57:31.755+0000] {dag.py:3047} INFO - Sync 1 DAGs
[2024-05-12T12:57:31.790+0000] {logging_mixin.py:188} INFO - [2024-05-12T12:57:31.789+0000] {dag.py:3834} INFO - Setting next_dagrun for live_ademe to 2024-05-12 12:55:00+00:00, run_after=2024-05-12 13:00:00+00:00
[2024-05-12T12:57:31.809+0000] {processor.py:183} INFO - Processing /opt/airflow/dags/ademe_dag.py took 0.691 seconds
[2024-05-12T12:58:01.849+0000] {processor.py:161} INFO - Started process (PID=568) to work on /opt/airflow/dags/ademe_dag.py
[2024-05-12T12:58:01.850+0000] {processor.py:830} INFO - Processing file /opt/airflow/dags/ademe_dag.py for tasks to queue
[2024-05-12T12:58:01.852+0000] {logging_mixin.py:188} INFO - [2024-05-12T12:58:01.852+0000] {dagbag.py:540} INFO - Filling up the DagBag from /opt/airflow/dags/ademe_dag.py
[2024-05-12T12:58:02.400+0000] {logging_mixin.py:188} INFO - /airflow/data/api/url.json
[2024-05-12T12:58:02.418+0000] {processor.py:840} INFO - DAG(s) 'live_ademe' retrieved from /opt/airflow/dags/ademe_dag.py
[2024-05-12T12:58:02.434+0000] {logging_mixin.py:188} INFO - [2024-05-12T12:58:02.433+0000] {dag.py:3047} INFO - Sync 1 DAGs
[2024-05-12T12:58:02.457+0000] {logging_mixin.py:188} INFO - [2024-05-12T12:58:02.456+0000] {dag.py:3834} INFO - Setting next_dagrun for live_ademe to 2024-05-12 12:55:00+00:00, run_after=2024-05-12 13:00:00+00:00
[2024-05-12T12:58:02.476+0000] {processor.py:183} INFO - Processing /opt/airflow/dags/ademe_dag.py took 0.631 seconds
[2024-05-12T12:58:32.633+0000] {processor.py:161} INFO - Started process (PID=578) to work on /opt/airflow/dags/ademe_dag.py
[2024-05-12T12:58:32.635+0000] {processor.py:830} INFO - Processing file /opt/airflow/dags/ademe_dag.py for tasks to queue
[2024-05-12T12:58:32.638+0000] {logging_mixin.py:188} INFO - [2024-05-12T12:58:32.637+0000] {dagbag.py:540} INFO - Filling up the DagBag from /opt/airflow/dags/ademe_dag.py
[2024-05-12T12:58:33.181+0000] {logging_mixin.py:188} INFO - /airflow/data/api/url.json
[2024-05-12T12:58:33.199+0000] {processor.py:840} INFO - DAG(s) 'live_ademe' retrieved from /opt/airflow/dags/ademe_dag.py
[2024-05-12T12:58:33.214+0000] {logging_mixin.py:188} INFO - [2024-05-12T12:58:33.214+0000] {dag.py:3047} INFO - Sync 1 DAGs
[2024-05-12T12:58:33.238+0000] {logging_mixin.py:188} INFO - [2024-05-12T12:58:33.238+0000] {dag.py:3834} INFO - Setting next_dagrun for live_ademe to 2024-05-12 12:55:00+00:00, run_after=2024-05-12 13:00:00+00:00
[2024-05-12T12:58:33.255+0000] {processor.py:183} INFO - Processing /opt/airflow/dags/ademe_dag.py took 0.628 seconds
[2024-05-12T12:59:03.396+0000] {processor.py:161} INFO - Started process (PID=589) to work on /opt/airflow/dags/ademe_dag.py
[2024-05-12T12:59:03.397+0000] {processor.py:830} INFO - Processing file /opt/airflow/dags/ademe_dag.py for tasks to queue
[2024-05-12T12:59:03.400+0000] {logging_mixin.py:188} INFO - [2024-05-12T12:59:03.399+0000] {dagbag.py:540} INFO - Filling up the DagBag from /opt/airflow/dags/ademe_dag.py
[2024-05-12T12:59:03.898+0000] {logging_mixin.py:188} INFO - /airflow/data/api/url.json
[2024-05-12T12:59:03.916+0000] {processor.py:840} INFO - DAG(s) 'live_ademe' retrieved from /opt/airflow/dags/ademe_dag.py
[2024-05-12T12:59:03.932+0000] {logging_mixin.py:188} INFO - [2024-05-12T12:59:03.932+0000] {dag.py:3047} INFO - Sync 1 DAGs
[2024-05-12T12:59:03.954+0000] {logging_mixin.py:188} INFO - [2024-05-12T12:59:03.954+0000] {dag.py:3834} INFO - Setting next_dagrun for live_ademe to 2024-05-12 12:55:00+00:00, run_after=2024-05-12 13:00:00+00:00
[2024-05-12T12:59:03.971+0000] {processor.py:183} INFO - Processing /opt/airflow/dags/ademe_dag.py took 0.579 seconds
[2024-05-12T12:59:34.184+0000] {processor.py:161} INFO - Started process (PID=599) to work on /opt/airflow/dags/ademe_dag.py
[2024-05-12T12:59:34.185+0000] {processor.py:830} INFO - Processing file /opt/airflow/dags/ademe_dag.py for tasks to queue
[2024-05-12T12:59:34.188+0000] {logging_mixin.py:188} INFO - [2024-05-12T12:59:34.187+0000] {dagbag.py:540} INFO - Filling up the DagBag from /opt/airflow/dags/ademe_dag.py
[2024-05-12T12:59:34.711+0000] {logging_mixin.py:188} INFO - /airflow/data/api/url.json
[2024-05-12T12:59:34.729+0000] {processor.py:840} INFO - DAG(s) 'live_ademe' retrieved from /opt/airflow/dags/ademe_dag.py
[2024-05-12T12:59:34.745+0000] {logging_mixin.py:188} INFO - [2024-05-12T12:59:34.745+0000] {dag.py:3047} INFO - Sync 1 DAGs
[2024-05-12T12:59:34.767+0000] {logging_mixin.py:188} INFO - [2024-05-12T12:59:34.767+0000] {dag.py:3834} INFO - Setting next_dagrun for live_ademe to 2024-05-12 12:55:00+00:00, run_after=2024-05-12 13:00:00+00:00
[2024-05-12T12:59:34.786+0000] {processor.py:183} INFO - Processing /opt/airflow/dags/ademe_dag.py took 0.606 seconds
[2024-05-12T13:00:04.966+0000] {processor.py:161} INFO - Started process (PID=610) to work on /opt/airflow/dags/ademe_dag.py
[2024-05-12T13:00:04.971+0000] {processor.py:830} INFO - Processing file /opt/airflow/dags/ademe_dag.py for tasks to queue
[2024-05-12T13:00:04.976+0000] {logging_mixin.py:188} INFO - [2024-05-12T13:00:04.974+0000] {dagbag.py:540} INFO - Filling up the DagBag from /opt/airflow/dags/ademe_dag.py
[2024-05-12T13:00:05.879+0000] {logging_mixin.py:188} INFO - /airflow/data/api/url.json
[2024-05-12T13:00:05.904+0000] {processor.py:840} INFO - DAG(s) 'live_ademe' retrieved from /opt/airflow/dags/ademe_dag.py
[2024-05-12T13:00:05.931+0000] {logging_mixin.py:188} INFO - [2024-05-12T13:00:05.930+0000] {dag.py:3047} INFO - Sync 1 DAGs
[2024-05-12T13:00:05.968+0000] {logging_mixin.py:188} INFO - [2024-05-12T13:00:05.968+0000] {dag.py:3834} INFO - Setting next_dagrun for live_ademe to 2024-05-12 13:00:00+00:00, run_after=2024-05-12 13:05:00+00:00
[2024-05-12T13:00:05.991+0000] {processor.py:183} INFO - Processing /opt/airflow/dags/ademe_dag.py took 1.045 seconds
[2024-05-12T13:00:36.280+0000] {processor.py:161} INFO - Started process (PID=621) to work on /opt/airflow/dags/ademe_dag.py
[2024-05-12T13:00:36.281+0000] {processor.py:830} INFO - Processing file /opt/airflow/dags/ademe_dag.py for tasks to queue
[2024-05-12T13:00:36.284+0000] {logging_mixin.py:188} INFO - [2024-05-12T13:00:36.283+0000] {dagbag.py:540} INFO - Filling up the DagBag from /opt/airflow/dags/ademe_dag.py
[2024-05-12T13:00:36.846+0000] {logging_mixin.py:188} INFO - /airflow/data/api/url.json
[2024-05-12T13:00:36.865+0000] {processor.py:840} INFO - DAG(s) 'live_ademe' retrieved from /opt/airflow/dags/ademe_dag.py
[2024-05-12T13:00:36.884+0000] {logging_mixin.py:188} INFO - [2024-05-12T13:00:36.883+0000] {dag.py:3047} INFO - Sync 1 DAGs
[2024-05-12T13:00:36.908+0000] {logging_mixin.py:188} INFO - [2024-05-12T13:00:36.907+0000] {dag.py:3834} INFO - Setting next_dagrun for live_ademe to 2024-05-12 13:00:00+00:00, run_after=2024-05-12 13:05:00+00:00
[2024-05-12T13:00:36.926+0000] {processor.py:183} INFO - Processing /opt/airflow/dags/ademe_dag.py took 0.651 seconds
[2024-05-12T13:01:07.155+0000] {processor.py:161} INFO - Started process (PID=632) to work on /opt/airflow/dags/ademe_dag.py
[2024-05-12T13:01:07.156+0000] {processor.py:830} INFO - Processing file /opt/airflow/dags/ademe_dag.py for tasks to queue
[2024-05-12T13:01:07.158+0000] {logging_mixin.py:188} INFO - [2024-05-12T13:01:07.157+0000] {dagbag.py:540} INFO - Filling up the DagBag from /opt/airflow/dags/ademe_dag.py
[2024-05-12T13:01:07.678+0000] {logging_mixin.py:188} INFO - /airflow/data/api/url.json
[2024-05-12T13:01:07.704+0000] {processor.py:840} INFO - DAG(s) 'live_ademe' retrieved from /opt/airflow/dags/ademe_dag.py
[2024-05-12T13:01:07.720+0000] {logging_mixin.py:188} INFO - [2024-05-12T13:01:07.719+0000] {dag.py:3047} INFO - Sync 1 DAGs
[2024-05-12T13:01:07.747+0000] {logging_mixin.py:188} INFO - [2024-05-12T13:01:07.747+0000] {dag.py:3834} INFO - Setting next_dagrun for live_ademe to 2024-05-12 13:00:00+00:00, run_after=2024-05-12 13:05:00+00:00
[2024-05-12T13:01:07.805+0000] {processor.py:183} INFO - Processing /opt/airflow/dags/ademe_dag.py took 0.655 seconds
[2024-05-12T13:01:37.945+0000] {processor.py:161} INFO - Started process (PID=643) to work on /opt/airflow/dags/ademe_dag.py
[2024-05-12T13:01:37.946+0000] {processor.py:830} INFO - Processing file /opt/airflow/dags/ademe_dag.py for tasks to queue
[2024-05-12T13:01:37.948+0000] {logging_mixin.py:188} INFO - [2024-05-12T13:01:37.948+0000] {dagbag.py:540} INFO - Filling up the DagBag from /opt/airflow/dags/ademe_dag.py
[2024-05-12T13:01:38.485+0000] {logging_mixin.py:188} INFO - /airflow/data/api/url.json
[2024-05-12T13:01:38.510+0000] {processor.py:840} INFO - DAG(s) 'live_ademe' retrieved from /opt/airflow/dags/ademe_dag.py
[2024-05-12T13:01:38.526+0000] {logging_mixin.py:188} INFO - [2024-05-12T13:01:38.526+0000] {dag.py:3047} INFO - Sync 1 DAGs
[2024-05-12T13:01:38.550+0000] {logging_mixin.py:188} INFO - [2024-05-12T13:01:38.550+0000] {dag.py:3834} INFO - Setting next_dagrun for live_ademe to 2024-05-12 13:00:00+00:00, run_after=2024-05-12 13:05:00+00:00
[2024-05-12T13:01:38.568+0000] {processor.py:183} INFO - Processing /opt/airflow/dags/ademe_dag.py took 0.627 seconds
[2024-05-12T13:02:08.726+0000] {processor.py:161} INFO - Started process (PID=654) to work on /opt/airflow/dags/ademe_dag.py
[2024-05-12T13:02:08.728+0000] {processor.py:830} INFO - Processing file /opt/airflow/dags/ademe_dag.py for tasks to queue
[2024-05-12T13:02:08.730+0000] {logging_mixin.py:188} INFO - [2024-05-12T13:02:08.730+0000] {dagbag.py:540} INFO - Filling up the DagBag from /opt/airflow/dags/ademe_dag.py
[2024-05-12T13:02:09.282+0000] {logging_mixin.py:188} INFO - /airflow/data/api/url.json
[2024-05-12T13:02:09.301+0000] {processor.py:840} INFO - DAG(s) 'live_ademe' retrieved from /opt/airflow/dags/ademe_dag.py
[2024-05-12T13:02:09.317+0000] {logging_mixin.py:188} INFO - [2024-05-12T13:02:09.317+0000] {dag.py:3047} INFO - Sync 1 DAGs
[2024-05-12T13:02:09.340+0000] {logging_mixin.py:188} INFO - [2024-05-12T13:02:09.340+0000] {dag.py:3834} INFO - Setting next_dagrun for live_ademe to 2024-05-12 13:00:00+00:00, run_after=2024-05-12 13:05:00+00:00
[2024-05-12T13:02:09.357+0000] {processor.py:183} INFO - Processing /opt/airflow/dags/ademe_dag.py took 0.637 seconds
[2024-05-12T13:02:39.495+0000] {processor.py:161} INFO - Started process (PID=665) to work on /opt/airflow/dags/ademe_dag.py
[2024-05-12T13:02:39.496+0000] {processor.py:830} INFO - Processing file /opt/airflow/dags/ademe_dag.py for tasks to queue
[2024-05-12T13:02:39.499+0000] {logging_mixin.py:188} INFO - [2024-05-12T13:02:39.498+0000] {dagbag.py:540} INFO - Filling up the DagBag from /opt/airflow/dags/ademe_dag.py
[2024-05-12T13:02:40.344+0000] {logging_mixin.py:188} INFO - /airflow/data/api/url.json
[2024-05-12T13:02:40.369+0000] {processor.py:840} INFO - DAG(s) 'live_ademe' retrieved from /opt/airflow/dags/ademe_dag.py
[2024-05-12T13:02:40.392+0000] {logging_mixin.py:188} INFO - [2024-05-12T13:02:40.392+0000] {dag.py:3047} INFO - Sync 1 DAGs
[2024-05-12T13:02:40.427+0000] {logging_mixin.py:188} INFO - [2024-05-12T13:02:40.427+0000] {dag.py:3834} INFO - Setting next_dagrun for live_ademe to 2024-05-12 13:00:00+00:00, run_after=2024-05-12 13:05:00+00:00
[2024-05-12T13:02:40.457+0000] {processor.py:183} INFO - Processing /opt/airflow/dags/ademe_dag.py took 0.969 seconds
[2024-05-12T13:03:10.708+0000] {processor.py:161} INFO - Started process (PID=676) to work on /opt/airflow/dags/ademe_dag.py
[2024-05-12T13:03:10.710+0000] {processor.py:830} INFO - Processing file /opt/airflow/dags/ademe_dag.py for tasks to queue
[2024-05-12T13:03:10.712+0000] {logging_mixin.py:188} INFO - [2024-05-12T13:03:10.712+0000] {dagbag.py:540} INFO - Filling up the DagBag from /opt/airflow/dags/ademe_dag.py
[2024-05-12T13:03:11.453+0000] {logging_mixin.py:188} INFO - /airflow/data/api/url.json
[2024-05-12T13:03:11.495+0000] {processor.py:840} INFO - DAG(s) 'live_ademe' retrieved from /opt/airflow/dags/ademe_dag.py
[2024-05-12T13:03:11.519+0000] {logging_mixin.py:188} INFO - [2024-05-12T13:03:11.518+0000] {dag.py:3047} INFO - Sync 1 DAGs
[2024-05-12T13:03:11.555+0000] {logging_mixin.py:188} INFO - [2024-05-12T13:03:11.555+0000] {dag.py:3834} INFO - Setting next_dagrun for live_ademe to 2024-05-12 13:00:00+00:00, run_after=2024-05-12 13:05:00+00:00
[2024-05-12T13:03:11.578+0000] {processor.py:183} INFO - Processing /opt/airflow/dags/ademe_dag.py took 0.874 seconds
[2024-05-12T13:03:41.633+0000] {processor.py:161} INFO - Started process (PID=687) to work on /opt/airflow/dags/ademe_dag.py
[2024-05-12T13:03:41.634+0000] {processor.py:830} INFO - Processing file /opt/airflow/dags/ademe_dag.py for tasks to queue
[2024-05-12T13:03:41.636+0000] {logging_mixin.py:188} INFO - [2024-05-12T13:03:41.636+0000] {dagbag.py:540} INFO - Filling up the DagBag from /opt/airflow/dags/ademe_dag.py
[2024-05-12T13:03:42.260+0000] {logging_mixin.py:188} INFO - /airflow/data/api/url.json
[2024-05-12T13:03:42.279+0000] {processor.py:840} INFO - DAG(s) 'live_ademe' retrieved from /opt/airflow/dags/ademe_dag.py
[2024-05-12T13:03:42.297+0000] {logging_mixin.py:188} INFO - [2024-05-12T13:03:42.297+0000] {dag.py:3047} INFO - Sync 1 DAGs
[2024-05-12T13:03:42.320+0000] {logging_mixin.py:188} INFO - [2024-05-12T13:03:42.320+0000] {dag.py:3834} INFO - Setting next_dagrun for live_ademe to 2024-05-12 13:00:00+00:00, run_after=2024-05-12 13:05:00+00:00
[2024-05-12T13:03:42.338+0000] {processor.py:183} INFO - Processing /opt/airflow/dags/ademe_dag.py took 0.710 seconds
[2024-05-12T13:04:12.408+0000] {processor.py:161} INFO - Started process (PID=705) to work on /opt/airflow/dags/ademe_dag.py
[2024-05-12T13:04:12.410+0000] {processor.py:830} INFO - Processing file /opt/airflow/dags/ademe_dag.py for tasks to queue
[2024-05-12T13:04:12.413+0000] {logging_mixin.py:188} INFO - [2024-05-12T13:04:12.412+0000] {dagbag.py:540} INFO - Filling up the DagBag from /opt/airflow/dags/ademe_dag.py
[2024-05-12T13:04:13.079+0000] {logging_mixin.py:188} INFO - /airflow/data/api/url.json
[2024-05-12T13:04:13.098+0000] {processor.py:840} INFO - DAG(s) 'live_ademe' retrieved from /opt/airflow/dags/ademe_dag.py
[2024-05-12T13:04:13.114+0000] {logging_mixin.py:188} INFO - [2024-05-12T13:04:13.113+0000] {dag.py:3047} INFO - Sync 1 DAGs
[2024-05-12T13:04:13.138+0000] {logging_mixin.py:188} INFO - [2024-05-12T13:04:13.137+0000] {dag.py:3834} INFO - Setting next_dagrun for live_ademe to 2024-05-12 13:00:00+00:00, run_after=2024-05-12 13:05:00+00:00
[2024-05-12T13:04:13.156+0000] {processor.py:183} INFO - Processing /opt/airflow/dags/ademe_dag.py took 0.753 seconds
[2024-05-12T13:04:43.399+0000] {processor.py:161} INFO - Started process (PID=716) to work on /opt/airflow/dags/ademe_dag.py
[2024-05-12T13:04:43.400+0000] {processor.py:830} INFO - Processing file /opt/airflow/dags/ademe_dag.py for tasks to queue
[2024-05-12T13:04:43.403+0000] {logging_mixin.py:188} INFO - [2024-05-12T13:04:43.403+0000] {dagbag.py:540} INFO - Filling up the DagBag from /opt/airflow/dags/ademe_dag.py
[2024-05-12T13:04:44.229+0000] {logging_mixin.py:188} INFO - /airflow/data/api/url.json
[2024-05-12T13:04:44.255+0000] {processor.py:840} INFO - DAG(s) 'live_ademe' retrieved from /opt/airflow/dags/ademe_dag.py
[2024-05-12T13:04:44.278+0000] {logging_mixin.py:188} INFO - [2024-05-12T13:04:44.278+0000] {dag.py:3047} INFO - Sync 1 DAGs
[2024-05-12T13:04:44.314+0000] {logging_mixin.py:188} INFO - [2024-05-12T13:04:44.314+0000] {dag.py:3834} INFO - Setting next_dagrun for live_ademe to 2024-05-12 13:00:00+00:00, run_after=2024-05-12 13:05:00+00:00
[2024-05-12T13:04:44.337+0000] {processor.py:183} INFO - Processing /opt/airflow/dags/ademe_dag.py took 0.944 seconds
