[2024-05-12T12:33:06.702+0000] {processor.py:161} INFO - Started process (PID=38) to work on /opt/airflow/dags/airflowtuto.py
[2024-05-12T12:33:06.704+0000] {processor.py:830} INFO - Processing file /opt/airflow/dags/airflowtuto.py for tasks to queue
[2024-05-12T12:33:06.708+0000] {logging_mixin.py:188} INFO - [2024-05-12T12:33:06.708+0000] {dagbag.py:540} INFO - Filling up the DagBag from /opt/airflow/dags/airflowtuto.py
[2024-05-12T12:33:06.729+0000] {processor.py:840} INFO - DAG(s) 'My_Dag' retrieved from /opt/airflow/dags/airflowtuto.py
[2024-05-12T12:33:06.768+0000] {logging_mixin.py:188} INFO - [2024-05-12T12:33:06.768+0000] {dag.py:3047} INFO - Sync 1 DAGs
[2024-05-12T12:33:06.801+0000] {logging_mixin.py:188} INFO - [2024-05-12T12:33:06.801+0000] {dag.py:3834} INFO - Setting next_dagrun for My_Dag to 2024-05-12 00:00:00+00:00, run_after=2024-05-13 00:00:00+00:00
[2024-05-12T12:33:06.835+0000] {processor.py:183} INFO - Processing /opt/airflow/dags/airflowtuto.py took 0.141 seconds
[2024-05-12T12:33:37.012+0000] {processor.py:161} INFO - Started process (PID=46) to work on /opt/airflow/dags/airflowtuto.py
[2024-05-12T12:33:37.014+0000] {processor.py:830} INFO - Processing file /opt/airflow/dags/airflowtuto.py for tasks to queue
[2024-05-12T12:33:37.024+0000] {logging_mixin.py:188} INFO - [2024-05-12T12:33:37.024+0000] {dagbag.py:540} INFO - Filling up the DagBag from /opt/airflow/dags/airflowtuto.py
[2024-05-12T12:33:37.055+0000] {processor.py:840} INFO - DAG(s) 'My_Dag' retrieved from /opt/airflow/dags/airflowtuto.py
[2024-05-12T12:33:37.135+0000] {logging_mixin.py:188} INFO - [2024-05-12T12:33:37.135+0000] {dag.py:3047} INFO - Sync 1 DAGs
[2024-05-12T12:33:37.188+0000] {logging_mixin.py:188} INFO - [2024-05-12T12:33:37.187+0000] {dag.py:3834} INFO - Setting next_dagrun for My_Dag to 2024-05-12 00:00:00+00:00, run_after=2024-05-13 00:00:00+00:00
[2024-05-12T12:33:37.231+0000] {processor.py:183} INFO - Processing /opt/airflow/dags/airflowtuto.py took 0.230 seconds
[2024-05-12T12:34:07.287+0000] {processor.py:161} INFO - Started process (PID=56) to work on /opt/airflow/dags/airflowtuto.py
[2024-05-12T12:34:07.288+0000] {processor.py:830} INFO - Processing file /opt/airflow/dags/airflowtuto.py for tasks to queue
[2024-05-12T12:34:07.290+0000] {logging_mixin.py:188} INFO - [2024-05-12T12:34:07.290+0000] {dagbag.py:540} INFO - Filling up the DagBag from /opt/airflow/dags/airflowtuto.py
[2024-05-12T12:34:07.303+0000] {processor.py:840} INFO - DAG(s) 'My_Dag' retrieved from /opt/airflow/dags/airflowtuto.py
[2024-05-12T12:34:07.338+0000] {logging_mixin.py:188} INFO - [2024-05-12T12:34:07.337+0000] {dag.py:3047} INFO - Sync 1 DAGs
[2024-05-12T12:34:07.361+0000] {logging_mixin.py:188} INFO - [2024-05-12T12:34:07.361+0000] {dag.py:3834} INFO - Setting next_dagrun for My_Dag to 2024-05-12 00:00:00+00:00, run_after=2024-05-13 00:00:00+00:00
[2024-05-12T12:34:07.380+0000] {processor.py:183} INFO - Processing /opt/airflow/dags/airflowtuto.py took 0.097 seconds
[2024-05-12T12:34:37.548+0000] {processor.py:161} INFO - Started process (PID=67) to work on /opt/airflow/dags/airflowtuto.py
[2024-05-12T12:34:37.549+0000] {processor.py:830} INFO - Processing file /opt/airflow/dags/airflowtuto.py for tasks to queue
[2024-05-12T12:34:37.551+0000] {logging_mixin.py:188} INFO - [2024-05-12T12:34:37.551+0000] {dagbag.py:540} INFO - Filling up the DagBag from /opt/airflow/dags/airflowtuto.py
[2024-05-12T12:34:37.562+0000] {processor.py:840} INFO - DAG(s) 'My_Dag' retrieved from /opt/airflow/dags/airflowtuto.py
[2024-05-12T12:34:37.589+0000] {logging_mixin.py:188} INFO - [2024-05-12T12:34:37.588+0000] {dag.py:3047} INFO - Sync 1 DAGs
[2024-05-12T12:34:37.611+0000] {logging_mixin.py:188} INFO - [2024-05-12T12:34:37.611+0000] {dag.py:3834} INFO - Setting next_dagrun for My_Dag to 2024-05-12 00:00:00+00:00, run_after=2024-05-13 00:00:00+00:00
[2024-05-12T12:34:37.629+0000] {processor.py:183} INFO - Processing /opt/airflow/dags/airflowtuto.py took 0.085 seconds
[2024-05-12T12:35:08.078+0000] {processor.py:161} INFO - Started process (PID=78) to work on /opt/airflow/dags/airflowtuto.py
[2024-05-12T12:35:08.079+0000] {processor.py:830} INFO - Processing file /opt/airflow/dags/airflowtuto.py for tasks to queue
[2024-05-12T12:35:08.081+0000] {logging_mixin.py:188} INFO - [2024-05-12T12:35:08.081+0000] {dagbag.py:540} INFO - Filling up the DagBag from /opt/airflow/dags/airflowtuto.py
[2024-05-12T12:35:08.093+0000] {processor.py:840} INFO - DAG(s) 'My_Dag' retrieved from /opt/airflow/dags/airflowtuto.py
[2024-05-12T12:35:08.121+0000] {logging_mixin.py:188} INFO - [2024-05-12T12:35:08.121+0000] {dag.py:3047} INFO - Sync 1 DAGs
[2024-05-12T12:35:08.146+0000] {logging_mixin.py:188} INFO - [2024-05-12T12:35:08.146+0000] {dag.py:3834} INFO - Setting next_dagrun for My_Dag to 2024-05-12 00:00:00+00:00, run_after=2024-05-13 00:00:00+00:00
[2024-05-12T12:35:08.164+0000] {processor.py:183} INFO - Processing /opt/airflow/dags/airflowtuto.py took 0.091 seconds
[2024-05-12T12:35:38.309+0000] {processor.py:161} INFO - Started process (PID=89) to work on /opt/airflow/dags/airflowtuto.py
[2024-05-12T12:35:38.310+0000] {processor.py:830} INFO - Processing file /opt/airflow/dags/airflowtuto.py for tasks to queue
[2024-05-12T12:35:38.312+0000] {logging_mixin.py:188} INFO - [2024-05-12T12:35:38.312+0000] {dagbag.py:540} INFO - Filling up the DagBag from /opt/airflow/dags/airflowtuto.py
[2024-05-12T12:35:38.323+0000] {processor.py:840} INFO - DAG(s) 'My_Dag' retrieved from /opt/airflow/dags/airflowtuto.py
[2024-05-12T12:35:38.353+0000] {logging_mixin.py:188} INFO - [2024-05-12T12:35:38.353+0000] {dag.py:3047} INFO - Sync 1 DAGs
[2024-05-12T12:35:38.388+0000] {logging_mixin.py:188} INFO - [2024-05-12T12:35:38.388+0000] {dag.py:3834} INFO - Setting next_dagrun for My_Dag to 2024-05-12 00:00:00+00:00, run_after=2024-05-13 00:00:00+00:00
[2024-05-12T12:35:38.416+0000] {processor.py:183} INFO - Processing /opt/airflow/dags/airflowtuto.py took 0.111 seconds
[2024-05-12T12:36:08.875+0000] {processor.py:161} INFO - Started process (PID=101) to work on /opt/airflow/dags/airflowtuto.py
[2024-05-12T12:36:08.876+0000] {processor.py:830} INFO - Processing file /opt/airflow/dags/airflowtuto.py for tasks to queue
[2024-05-12T12:36:08.879+0000] {logging_mixin.py:188} INFO - [2024-05-12T12:36:08.879+0000] {dagbag.py:540} INFO - Filling up the DagBag from /opt/airflow/dags/airflowtuto.py
[2024-05-12T12:36:08.890+0000] {processor.py:840} INFO - DAG(s) 'My_Dag' retrieved from /opt/airflow/dags/airflowtuto.py
[2024-05-12T12:36:08.920+0000] {logging_mixin.py:188} INFO - [2024-05-12T12:36:08.920+0000] {dag.py:3047} INFO - Sync 1 DAGs
[2024-05-12T12:36:08.949+0000] {logging_mixin.py:188} INFO - [2024-05-12T12:36:08.949+0000] {dag.py:3834} INFO - Setting next_dagrun for My_Dag to 2024-05-12 00:00:00+00:00, run_after=2024-05-13 00:00:00+00:00
[2024-05-12T12:36:08.990+0000] {processor.py:183} INFO - Processing /opt/airflow/dags/airflowtuto.py took 0.121 seconds
[2024-05-12T12:36:39.025+0000] {processor.py:161} INFO - Started process (PID=112) to work on /opt/airflow/dags/airflowtuto.py
[2024-05-12T12:36:39.026+0000] {processor.py:830} INFO - Processing file /opt/airflow/dags/airflowtuto.py for tasks to queue
[2024-05-12T12:36:39.028+0000] {logging_mixin.py:188} INFO - [2024-05-12T12:36:39.028+0000] {dagbag.py:540} INFO - Filling up the DagBag from /opt/airflow/dags/airflowtuto.py
[2024-05-12T12:36:39.040+0000] {processor.py:840} INFO - DAG(s) 'My_Dag' retrieved from /opt/airflow/dags/airflowtuto.py
[2024-05-12T12:36:39.068+0000] {logging_mixin.py:188} INFO - [2024-05-12T12:36:39.068+0000] {dag.py:3047} INFO - Sync 1 DAGs
[2024-05-12T12:36:39.092+0000] {logging_mixin.py:188} INFO - [2024-05-12T12:36:39.092+0000] {dag.py:3834} INFO - Setting next_dagrun for My_Dag to 2024-05-12 00:00:00+00:00, run_after=2024-05-13 00:00:00+00:00
[2024-05-12T12:36:39.138+0000] {processor.py:183} INFO - Processing /opt/airflow/dags/airflowtuto.py took 0.118 seconds
[2024-05-12T12:37:09.544+0000] {processor.py:161} INFO - Started process (PID=122) to work on /opt/airflow/dags/airflowtuto.py
[2024-05-12T12:37:09.545+0000] {processor.py:830} INFO - Processing file /opt/airflow/dags/airflowtuto.py for tasks to queue
[2024-05-12T12:37:09.548+0000] {logging_mixin.py:188} INFO - [2024-05-12T12:37:09.548+0000] {dagbag.py:540} INFO - Filling up the DagBag from /opt/airflow/dags/airflowtuto.py
[2024-05-12T12:37:09.559+0000] {processor.py:840} INFO - DAG(s) 'My_Dag' retrieved from /opt/airflow/dags/airflowtuto.py
[2024-05-12T12:37:09.588+0000] {logging_mixin.py:188} INFO - [2024-05-12T12:37:09.587+0000] {dag.py:3047} INFO - Sync 1 DAGs
[2024-05-12T12:37:09.610+0000] {logging_mixin.py:188} INFO - [2024-05-12T12:37:09.610+0000] {dag.py:3834} INFO - Setting next_dagrun for My_Dag to 2024-05-12 00:00:00+00:00, run_after=2024-05-13 00:00:00+00:00
[2024-05-12T12:37:09.629+0000] {processor.py:183} INFO - Processing /opt/airflow/dags/airflowtuto.py took 0.090 seconds
[2024-05-12T12:37:39.721+0000] {processor.py:161} INFO - Started process (PID=134) to work on /opt/airflow/dags/airflowtuto.py
[2024-05-12T12:37:39.723+0000] {processor.py:830} INFO - Processing file /opt/airflow/dags/airflowtuto.py for tasks to queue
[2024-05-12T12:37:39.729+0000] {logging_mixin.py:188} INFO - [2024-05-12T12:37:39.726+0000] {dagbag.py:540} INFO - Filling up the DagBag from /opt/airflow/dags/airflowtuto.py
[2024-05-12T12:37:39.744+0000] {processor.py:840} INFO - DAG(s) 'My_Dag' retrieved from /opt/airflow/dags/airflowtuto.py
[2024-05-12T12:37:39.804+0000] {logging_mixin.py:188} INFO - [2024-05-12T12:37:39.804+0000] {dag.py:3047} INFO - Sync 1 DAGs
[2024-05-12T12:37:39.839+0000] {logging_mixin.py:188} INFO - [2024-05-12T12:37:39.838+0000] {dag.py:3834} INFO - Setting next_dagrun for My_Dag to 2024-05-12 00:00:00+00:00, run_after=2024-05-13 00:00:00+00:00
[2024-05-12T12:37:39.858+0000] {processor.py:183} INFO - Processing /opt/airflow/dags/airflowtuto.py took 0.160 seconds
[2024-05-12T12:38:10.300+0000] {processor.py:161} INFO - Started process (PID=145) to work on /opt/airflow/dags/airflowtuto.py
[2024-05-12T12:38:10.301+0000] {processor.py:830} INFO - Processing file /opt/airflow/dags/airflowtuto.py for tasks to queue
[2024-05-12T12:38:10.303+0000] {logging_mixin.py:188} INFO - [2024-05-12T12:38:10.303+0000] {dagbag.py:540} INFO - Filling up the DagBag from /opt/airflow/dags/airflowtuto.py
[2024-05-12T12:38:10.314+0000] {processor.py:840} INFO - DAG(s) 'My_Dag' retrieved from /opt/airflow/dags/airflowtuto.py
[2024-05-12T12:38:10.343+0000] {logging_mixin.py:188} INFO - [2024-05-12T12:38:10.343+0000] {dag.py:3047} INFO - Sync 1 DAGs
[2024-05-12T12:38:10.367+0000] {logging_mixin.py:188} INFO - [2024-05-12T12:38:10.366+0000] {dag.py:3834} INFO - Setting next_dagrun for My_Dag to 2024-05-12 00:00:00+00:00, run_after=2024-05-13 00:00:00+00:00
[2024-05-12T12:38:10.385+0000] {processor.py:183} INFO - Processing /opt/airflow/dags/airflowtuto.py took 0.089 seconds
[2024-05-12T12:38:40.982+0000] {processor.py:161} INFO - Started process (PID=156) to work on /opt/airflow/dags/airflowtuto.py
[2024-05-12T12:38:40.999+0000] {processor.py:830} INFO - Processing file /opt/airflow/dags/airflowtuto.py for tasks to queue
[2024-05-12T12:38:41.003+0000] {logging_mixin.py:188} INFO - [2024-05-12T12:38:41.002+0000] {dagbag.py:540} INFO - Filling up the DagBag from /opt/airflow/dags/airflowtuto.py
[2024-05-12T12:38:41.042+0000] {processor.py:840} INFO - DAG(s) 'My_Dag' retrieved from /opt/airflow/dags/airflowtuto.py
[2024-05-12T12:38:41.724+0000] {logging_mixin.py:188} INFO - [2024-05-12T12:38:41.723+0000] {dag.py:3047} INFO - Sync 1 DAGs
[2024-05-12T12:38:41.802+0000] {logging_mixin.py:188} INFO - [2024-05-12T12:38:41.802+0000] {dag.py:3834} INFO - Setting next_dagrun for My_Dag to 2024-05-12 00:00:00+00:00, run_after=2024-05-13 00:00:00+00:00
[2024-05-12T12:38:41.874+0000] {processor.py:183} INFO - Processing /opt/airflow/dags/airflowtuto.py took 0.903 seconds
[2024-05-12T12:39:11.922+0000] {processor.py:161} INFO - Started process (PID=168) to work on /opt/airflow/dags/airflowtuto.py
[2024-05-12T12:39:11.923+0000] {processor.py:830} INFO - Processing file /opt/airflow/dags/airflowtuto.py for tasks to queue
[2024-05-12T12:39:11.925+0000] {logging_mixin.py:188} INFO - [2024-05-12T12:39:11.925+0000] {dagbag.py:540} INFO - Filling up the DagBag from /opt/airflow/dags/airflowtuto.py
[2024-05-12T12:39:11.937+0000] {processor.py:840} INFO - DAG(s) 'My_Dag' retrieved from /opt/airflow/dags/airflowtuto.py
[2024-05-12T12:39:11.966+0000] {logging_mixin.py:188} INFO - [2024-05-12T12:39:11.966+0000] {dag.py:3047} INFO - Sync 1 DAGs
[2024-05-12T12:39:11.991+0000] {logging_mixin.py:188} INFO - [2024-05-12T12:39:11.991+0000] {dag.py:3834} INFO - Setting next_dagrun for My_Dag to 2024-05-12 00:00:00+00:00, run_after=2024-05-13 00:00:00+00:00
[2024-05-12T12:39:12.010+0000] {processor.py:183} INFO - Processing /opt/airflow/dags/airflowtuto.py took 0.092 seconds
[2024-05-12T12:39:42.164+0000] {processor.py:161} INFO - Started process (PID=178) to work on /opt/airflow/dags/airflowtuto.py
[2024-05-12T12:39:42.165+0000] {processor.py:830} INFO - Processing file /opt/airflow/dags/airflowtuto.py for tasks to queue
[2024-05-12T12:39:42.167+0000] {logging_mixin.py:188} INFO - [2024-05-12T12:39:42.167+0000] {dagbag.py:540} INFO - Filling up the DagBag from /opt/airflow/dags/airflowtuto.py
[2024-05-12T12:39:42.179+0000] {processor.py:840} INFO - DAG(s) 'My_Dag' retrieved from /opt/airflow/dags/airflowtuto.py
[2024-05-12T12:39:42.208+0000] {logging_mixin.py:188} INFO - [2024-05-12T12:39:42.208+0000] {dag.py:3047} INFO - Sync 1 DAGs
[2024-05-12T12:39:42.231+0000] {logging_mixin.py:188} INFO - [2024-05-12T12:39:42.231+0000] {dag.py:3834} INFO - Setting next_dagrun for My_Dag to 2024-05-12 00:00:00+00:00, run_after=2024-05-13 00:00:00+00:00
[2024-05-12T12:39:42.252+0000] {processor.py:183} INFO - Processing /opt/airflow/dags/airflowtuto.py took 0.093 seconds
[2024-05-12T12:40:12.406+0000] {processor.py:161} INFO - Started process (PID=189) to work on /opt/airflow/dags/airflowtuto.py
[2024-05-12T12:40:12.408+0000] {processor.py:830} INFO - Processing file /opt/airflow/dags/airflowtuto.py for tasks to queue
[2024-05-12T12:40:12.410+0000] {logging_mixin.py:188} INFO - [2024-05-12T12:40:12.409+0000] {dagbag.py:540} INFO - Filling up the DagBag from /opt/airflow/dags/airflowtuto.py
[2024-05-12T12:40:12.422+0000] {processor.py:840} INFO - DAG(s) 'My_Dag' retrieved from /opt/airflow/dags/airflowtuto.py
[2024-05-12T12:40:12.452+0000] {logging_mixin.py:188} INFO - [2024-05-12T12:40:12.452+0000] {dag.py:3047} INFO - Sync 1 DAGs
[2024-05-12T12:40:12.476+0000] {logging_mixin.py:188} INFO - [2024-05-12T12:40:12.475+0000] {dag.py:3834} INFO - Setting next_dagrun for My_Dag to 2024-05-12 00:00:00+00:00, run_after=2024-05-13 00:00:00+00:00
[2024-05-12T12:40:12.494+0000] {processor.py:183} INFO - Processing /opt/airflow/dags/airflowtuto.py took 0.093 seconds
[2024-05-12T12:40:42.975+0000] {processor.py:161} INFO - Started process (PID=200) to work on /opt/airflow/dags/airflowtuto.py
[2024-05-12T12:40:42.976+0000] {processor.py:830} INFO - Processing file /opt/airflow/dags/airflowtuto.py for tasks to queue
[2024-05-12T12:40:42.978+0000] {logging_mixin.py:188} INFO - [2024-05-12T12:40:42.978+0000] {dagbag.py:540} INFO - Filling up the DagBag from /opt/airflow/dags/airflowtuto.py
[2024-05-12T12:40:42.989+0000] {processor.py:840} INFO - DAG(s) 'My_Dag' retrieved from /opt/airflow/dags/airflowtuto.py
[2024-05-12T12:40:43.018+0000] {logging_mixin.py:188} INFO - [2024-05-12T12:40:43.018+0000] {dag.py:3047} INFO - Sync 1 DAGs
[2024-05-12T12:40:43.041+0000] {logging_mixin.py:188} INFO - [2024-05-12T12:40:43.041+0000] {dag.py:3834} INFO - Setting next_dagrun for My_Dag to 2024-05-12 00:00:00+00:00, run_after=2024-05-13 00:00:00+00:00
[2024-05-12T12:40:43.060+0000] {processor.py:183} INFO - Processing /opt/airflow/dags/airflowtuto.py took 0.090 seconds
[2024-05-12T12:41:13.212+0000] {processor.py:161} INFO - Started process (PID=211) to work on /opt/airflow/dags/airflowtuto.py
[2024-05-12T12:41:13.213+0000] {processor.py:830} INFO - Processing file /opt/airflow/dags/airflowtuto.py for tasks to queue
[2024-05-12T12:41:13.215+0000] {logging_mixin.py:188} INFO - [2024-05-12T12:41:13.215+0000] {dagbag.py:540} INFO - Filling up the DagBag from /opt/airflow/dags/airflowtuto.py
[2024-05-12T12:41:13.226+0000] {processor.py:840} INFO - DAG(s) 'My_Dag' retrieved from /opt/airflow/dags/airflowtuto.py
[2024-05-12T12:41:13.257+0000] {logging_mixin.py:188} INFO - [2024-05-12T12:41:13.257+0000] {dag.py:3047} INFO - Sync 1 DAGs
[2024-05-12T12:41:13.281+0000] {logging_mixin.py:188} INFO - [2024-05-12T12:41:13.281+0000] {dag.py:3834} INFO - Setting next_dagrun for My_Dag to 2024-05-12 00:00:00+00:00, run_after=2024-05-13 00:00:00+00:00
[2024-05-12T12:41:13.300+0000] {processor.py:183} INFO - Processing /opt/airflow/dags/airflowtuto.py took 0.094 seconds
[2024-05-12T12:41:43.778+0000] {processor.py:161} INFO - Started process (PID=223) to work on /opt/airflow/dags/airflowtuto.py
[2024-05-12T12:41:43.779+0000] {processor.py:830} INFO - Processing file /opt/airflow/dags/airflowtuto.py for tasks to queue
[2024-05-12T12:41:43.781+0000] {logging_mixin.py:188} INFO - [2024-05-12T12:41:43.781+0000] {dagbag.py:540} INFO - Filling up the DagBag from /opt/airflow/dags/airflowtuto.py
[2024-05-12T12:41:43.793+0000] {processor.py:840} INFO - DAG(s) 'My_Dag' retrieved from /opt/airflow/dags/airflowtuto.py
[2024-05-12T12:41:43.822+0000] {logging_mixin.py:188} INFO - [2024-05-12T12:41:43.822+0000] {dag.py:3047} INFO - Sync 1 DAGs
[2024-05-12T12:41:43.845+0000] {logging_mixin.py:188} INFO - [2024-05-12T12:41:43.845+0000] {dag.py:3834} INFO - Setting next_dagrun for My_Dag to 2024-05-12 00:00:00+00:00, run_after=2024-05-13 00:00:00+00:00
[2024-05-12T12:41:43.864+0000] {processor.py:183} INFO - Processing /opt/airflow/dags/airflowtuto.py took 0.091 seconds
[2024-05-12T12:42:13.997+0000] {processor.py:161} INFO - Started process (PID=234) to work on /opt/airflow/dags/airflowtuto.py
[2024-05-12T12:42:13.998+0000] {processor.py:830} INFO - Processing file /opt/airflow/dags/airflowtuto.py for tasks to queue
[2024-05-12T12:42:14.000+0000] {logging_mixin.py:188} INFO - [2024-05-12T12:42:14.000+0000] {dagbag.py:540} INFO - Filling up the DagBag from /opt/airflow/dags/airflowtuto.py
[2024-05-12T12:42:14.012+0000] {processor.py:840} INFO - DAG(s) 'My_Dag' retrieved from /opt/airflow/dags/airflowtuto.py
[2024-05-12T12:42:14.041+0000] {logging_mixin.py:188} INFO - [2024-05-12T12:42:14.041+0000] {dag.py:3047} INFO - Sync 1 DAGs
[2024-05-12T12:42:14.064+0000] {logging_mixin.py:188} INFO - [2024-05-12T12:42:14.064+0000] {dag.py:3834} INFO - Setting next_dagrun for My_Dag to 2024-05-12 00:00:00+00:00, run_after=2024-05-13 00:00:00+00:00
[2024-05-12T12:42:14.083+0000] {processor.py:183} INFO - Processing /opt/airflow/dags/airflowtuto.py took 0.090 seconds
[2024-05-12T12:42:44.550+0000] {processor.py:161} INFO - Started process (PID=245) to work on /opt/airflow/dags/airflowtuto.py
[2024-05-12T12:42:44.552+0000] {processor.py:830} INFO - Processing file /opt/airflow/dags/airflowtuto.py for tasks to queue
[2024-05-12T12:42:44.554+0000] {logging_mixin.py:188} INFO - [2024-05-12T12:42:44.553+0000] {dagbag.py:540} INFO - Filling up the DagBag from /opt/airflow/dags/airflowtuto.py
[2024-05-12T12:42:44.565+0000] {processor.py:840} INFO - DAG(s) 'My_Dag' retrieved from /opt/airflow/dags/airflowtuto.py
[2024-05-12T12:42:44.596+0000] {logging_mixin.py:188} INFO - [2024-05-12T12:42:44.595+0000] {dag.py:3047} INFO - Sync 1 DAGs
[2024-05-12T12:42:44.620+0000] {logging_mixin.py:188} INFO - [2024-05-12T12:42:44.620+0000] {dag.py:3834} INFO - Setting next_dagrun for My_Dag to 2024-05-12 00:00:00+00:00, run_after=2024-05-13 00:00:00+00:00
[2024-05-12T12:42:44.639+0000] {processor.py:183} INFO - Processing /opt/airflow/dags/airflowtuto.py took 0.094 seconds
[2024-05-12T12:43:14.827+0000] {processor.py:161} INFO - Started process (PID=256) to work on /opt/airflow/dags/airflowtuto.py
[2024-05-12T12:43:14.830+0000] {processor.py:830} INFO - Processing file /opt/airflow/dags/airflowtuto.py for tasks to queue
[2024-05-12T12:43:14.833+0000] {logging_mixin.py:188} INFO - [2024-05-12T12:43:14.832+0000] {dagbag.py:540} INFO - Filling up the DagBag from /opt/airflow/dags/airflowtuto.py
[2024-05-12T12:43:14.863+0000] {processor.py:840} INFO - DAG(s) 'My_Dag' retrieved from /opt/airflow/dags/airflowtuto.py
[2024-05-12T12:43:14.955+0000] {logging_mixin.py:188} INFO - [2024-05-12T12:43:14.955+0000] {dag.py:3047} INFO - Sync 1 DAGs
[2024-05-12T12:43:15.018+0000] {logging_mixin.py:188} INFO - [2024-05-12T12:43:15.017+0000] {dag.py:3834} INFO - Setting next_dagrun for My_Dag to 2024-05-12 00:00:00+00:00, run_after=2024-05-13 00:00:00+00:00
[2024-05-12T12:43:15.096+0000] {processor.py:183} INFO - Processing /opt/airflow/dags/airflowtuto.py took 0.292 seconds
[2024-05-12T12:43:45.613+0000] {processor.py:161} INFO - Started process (PID=267) to work on /opt/airflow/dags/airflowtuto.py
[2024-05-12T12:43:45.614+0000] {processor.py:830} INFO - Processing file /opt/airflow/dags/airflowtuto.py for tasks to queue
[2024-05-12T12:43:45.616+0000] {logging_mixin.py:188} INFO - [2024-05-12T12:43:45.616+0000] {dagbag.py:540} INFO - Filling up the DagBag from /opt/airflow/dags/airflowtuto.py
[2024-05-12T12:43:45.629+0000] {processor.py:840} INFO - DAG(s) 'My_Dag' retrieved from /opt/airflow/dags/airflowtuto.py
[2024-05-12T12:43:45.661+0000] {logging_mixin.py:188} INFO - [2024-05-12T12:43:45.661+0000] {dag.py:3047} INFO - Sync 1 DAGs
[2024-05-12T12:43:45.687+0000] {logging_mixin.py:188} INFO - [2024-05-12T12:43:45.687+0000] {dag.py:3834} INFO - Setting next_dagrun for My_Dag to 2024-05-12 00:00:00+00:00, run_after=2024-05-13 00:00:00+00:00
[2024-05-12T12:43:45.710+0000] {processor.py:183} INFO - Processing /opt/airflow/dags/airflowtuto.py took 0.102 seconds
[2024-05-12T12:44:15.867+0000] {processor.py:161} INFO - Started process (PID=278) to work on /opt/airflow/dags/airflowtuto.py
[2024-05-12T12:44:15.868+0000] {processor.py:830} INFO - Processing file /opt/airflow/dags/airflowtuto.py for tasks to queue
[2024-05-12T12:44:15.871+0000] {logging_mixin.py:188} INFO - [2024-05-12T12:44:15.870+0000] {dagbag.py:540} INFO - Filling up the DagBag from /opt/airflow/dags/airflowtuto.py
[2024-05-12T12:44:15.883+0000] {processor.py:840} INFO - DAG(s) 'My_Dag' retrieved from /opt/airflow/dags/airflowtuto.py
[2024-05-12T12:44:15.915+0000] {logging_mixin.py:188} INFO - [2024-05-12T12:44:15.915+0000] {dag.py:3047} INFO - Sync 1 DAGs
[2024-05-12T12:44:15.942+0000] {logging_mixin.py:188} INFO - [2024-05-12T12:44:15.942+0000] {dag.py:3834} INFO - Setting next_dagrun for My_Dag to 2024-05-12 00:00:00+00:00, run_after=2024-05-13 00:00:00+00:00
[2024-05-12T12:44:15.972+0000] {processor.py:183} INFO - Processing /opt/airflow/dags/airflowtuto.py took 0.110 seconds
[2024-05-12T12:44:46.028+0000] {processor.py:161} INFO - Started process (PID=290) to work on /opt/airflow/dags/airflowtuto.py
[2024-05-12T12:44:46.029+0000] {processor.py:830} INFO - Processing file /opt/airflow/dags/airflowtuto.py for tasks to queue
[2024-05-12T12:44:46.032+0000] {logging_mixin.py:188} INFO - [2024-05-12T12:44:46.031+0000] {dagbag.py:540} INFO - Filling up the DagBag from /opt/airflow/dags/airflowtuto.py
[2024-05-12T12:44:46.046+0000] {processor.py:840} INFO - DAG(s) 'My_Dag' retrieved from /opt/airflow/dags/airflowtuto.py
[2024-05-12T12:44:46.086+0000] {logging_mixin.py:188} INFO - [2024-05-12T12:44:46.086+0000] {dag.py:3047} INFO - Sync 1 DAGs
[2024-05-12T12:44:46.114+0000] {logging_mixin.py:188} INFO - [2024-05-12T12:44:46.114+0000] {dag.py:3834} INFO - Setting next_dagrun for My_Dag to 2024-05-12 00:00:00+00:00, run_after=2024-05-13 00:00:00+00:00
[2024-05-12T12:44:46.146+0000] {processor.py:183} INFO - Processing /opt/airflow/dags/airflowtuto.py took 0.123 seconds
[2024-05-12T12:45:16.331+0000] {processor.py:161} INFO - Started process (PID=301) to work on /opt/airflow/dags/airflowtuto.py
[2024-05-12T12:45:16.332+0000] {processor.py:830} INFO - Processing file /opt/airflow/dags/airflowtuto.py for tasks to queue
[2024-05-12T12:45:16.335+0000] {logging_mixin.py:188} INFO - [2024-05-12T12:45:16.334+0000] {dagbag.py:540} INFO - Filling up the DagBag from /opt/airflow/dags/airflowtuto.py
[2024-05-12T12:45:16.347+0000] {processor.py:840} INFO - DAG(s) 'My_Dag' retrieved from /opt/airflow/dags/airflowtuto.py
[2024-05-12T12:45:16.379+0000] {logging_mixin.py:188} INFO - [2024-05-12T12:45:16.378+0000] {dag.py:3047} INFO - Sync 1 DAGs
[2024-05-12T12:45:16.404+0000] {logging_mixin.py:188} INFO - [2024-05-12T12:45:16.404+0000] {dag.py:3834} INFO - Setting next_dagrun for My_Dag to 2024-05-12 00:00:00+00:00, run_after=2024-05-13 00:00:00+00:00
[2024-05-12T12:45:16.433+0000] {processor.py:183} INFO - Processing /opt/airflow/dags/airflowtuto.py took 0.106 seconds
[2024-05-12T12:45:46.594+0000] {processor.py:161} INFO - Started process (PID=312) to work on /opt/airflow/dags/airflowtuto.py
[2024-05-12T12:45:46.596+0000] {processor.py:830} INFO - Processing file /opt/airflow/dags/airflowtuto.py for tasks to queue
[2024-05-12T12:45:46.598+0000] {logging_mixin.py:188} INFO - [2024-05-12T12:45:46.598+0000] {dagbag.py:540} INFO - Filling up the DagBag from /opt/airflow/dags/airflowtuto.py
[2024-05-12T12:45:46.610+0000] {processor.py:840} INFO - DAG(s) 'My_Dag' retrieved from /opt/airflow/dags/airflowtuto.py
[2024-05-12T12:45:46.642+0000] {logging_mixin.py:188} INFO - [2024-05-12T12:45:46.642+0000] {dag.py:3047} INFO - Sync 1 DAGs
[2024-05-12T12:45:46.667+0000] {logging_mixin.py:188} INFO - [2024-05-12T12:45:46.667+0000] {dag.py:3834} INFO - Setting next_dagrun for My_Dag to 2024-05-12 00:00:00+00:00, run_after=2024-05-13 00:00:00+00:00
[2024-05-12T12:45:46.754+0000] {processor.py:183} INFO - Processing /opt/airflow/dags/airflowtuto.py took 0.164 seconds
[2024-05-12T12:46:16.903+0000] {processor.py:161} INFO - Started process (PID=323) to work on /opt/airflow/dags/airflowtuto.py
[2024-05-12T12:46:16.904+0000] {processor.py:830} INFO - Processing file /opt/airflow/dags/airflowtuto.py for tasks to queue
[2024-05-12T12:46:16.907+0000] {logging_mixin.py:188} INFO - [2024-05-12T12:46:16.907+0000] {dagbag.py:540} INFO - Filling up the DagBag from /opt/airflow/dags/airflowtuto.py
[2024-05-12T12:46:16.918+0000] {processor.py:840} INFO - DAG(s) 'My_Dag' retrieved from /opt/airflow/dags/airflowtuto.py
[2024-05-12T12:46:16.950+0000] {logging_mixin.py:188} INFO - [2024-05-12T12:46:16.950+0000] {dag.py:3047} INFO - Sync 1 DAGs
[2024-05-12T12:46:16.975+0000] {logging_mixin.py:188} INFO - [2024-05-12T12:46:16.975+0000] {dag.py:3834} INFO - Setting next_dagrun for My_Dag to 2024-05-12 00:00:00+00:00, run_after=2024-05-13 00:00:00+00:00
[2024-05-12T12:46:17.643+0000] {processor.py:183} INFO - Processing /opt/airflow/dags/airflowtuto.py took 0.744 seconds
[2024-05-12T12:46:48.187+0000] {processor.py:161} INFO - Started process (PID=333) to work on /opt/airflow/dags/airflowtuto.py
[2024-05-12T12:46:48.189+0000] {processor.py:830} INFO - Processing file /opt/airflow/dags/airflowtuto.py for tasks to queue
[2024-05-12T12:46:48.192+0000] {logging_mixin.py:188} INFO - [2024-05-12T12:46:48.191+0000] {dagbag.py:540} INFO - Filling up the DagBag from /opt/airflow/dags/airflowtuto.py
[2024-05-12T12:46:48.203+0000] {processor.py:840} INFO - DAG(s) 'My_Dag' retrieved from /opt/airflow/dags/airflowtuto.py
[2024-05-12T12:46:48.234+0000] {logging_mixin.py:188} INFO - [2024-05-12T12:46:48.233+0000] {dag.py:3047} INFO - Sync 1 DAGs
[2024-05-12T12:46:48.292+0000] {logging_mixin.py:188} INFO - [2024-05-12T12:46:48.292+0000] {dag.py:3834} INFO - Setting next_dagrun for My_Dag to 2024-05-12 00:00:00+00:00, run_after=2024-05-13 00:00:00+00:00
[2024-05-12T12:46:48.321+0000] {processor.py:183} INFO - Processing /opt/airflow/dags/airflowtuto.py took 0.138 seconds
[2024-05-12T12:47:18.500+0000] {processor.py:161} INFO - Started process (PID=344) to work on /opt/airflow/dags/airflowtuto.py
[2024-05-12T12:47:18.507+0000] {processor.py:830} INFO - Processing file /opt/airflow/dags/airflowtuto.py for tasks to queue
[2024-05-12T12:47:18.511+0000] {logging_mixin.py:188} INFO - [2024-05-12T12:47:18.510+0000] {dagbag.py:540} INFO - Filling up the DagBag from /opt/airflow/dags/airflowtuto.py
[2024-05-12T12:47:18.526+0000] {processor.py:840} INFO - DAG(s) 'My_Dag' retrieved from /opt/airflow/dags/airflowtuto.py
[2024-05-12T12:47:18.568+0000] {logging_mixin.py:188} INFO - [2024-05-12T12:47:18.567+0000] {dag.py:3047} INFO - Sync 1 DAGs
[2024-05-12T12:47:18.606+0000] {logging_mixin.py:188} INFO - [2024-05-12T12:47:18.606+0000] {dag.py:3834} INFO - Setting next_dagrun for My_Dag to 2024-05-12 00:00:00+00:00, run_after=2024-05-13 00:00:00+00:00
[2024-05-12T12:47:18.814+0000] {processor.py:183} INFO - Processing /opt/airflow/dags/airflowtuto.py took 0.333 seconds
[2024-05-12T12:47:49.423+0000] {processor.py:161} INFO - Started process (PID=354) to work on /opt/airflow/dags/airflowtuto.py
[2024-05-12T12:47:49.424+0000] {processor.py:830} INFO - Processing file /opt/airflow/dags/airflowtuto.py for tasks to queue
[2024-05-12T12:47:49.427+0000] {logging_mixin.py:188} INFO - [2024-05-12T12:47:49.427+0000] {dagbag.py:540} INFO - Filling up the DagBag from /opt/airflow/dags/airflowtuto.py
[2024-05-12T12:47:49.439+0000] {processor.py:840} INFO - DAG(s) 'My_Dag' retrieved from /opt/airflow/dags/airflowtuto.py
[2024-05-12T12:47:49.471+0000] {logging_mixin.py:188} INFO - [2024-05-12T12:47:49.471+0000] {dag.py:3047} INFO - Sync 1 DAGs
[2024-05-12T12:47:49.496+0000] {logging_mixin.py:188} INFO - [2024-05-12T12:47:49.495+0000] {dag.py:3834} INFO - Setting next_dagrun for My_Dag to 2024-05-12 00:00:00+00:00, run_after=2024-05-13 00:00:00+00:00
[2024-05-12T12:47:49.516+0000] {processor.py:183} INFO - Processing /opt/airflow/dags/airflowtuto.py took 0.098 seconds
[2024-05-12T12:48:19.637+0000] {processor.py:161} INFO - Started process (PID=365) to work on /opt/airflow/dags/airflowtuto.py
[2024-05-12T12:48:19.638+0000] {processor.py:830} INFO - Processing file /opt/airflow/dags/airflowtuto.py for tasks to queue
[2024-05-12T12:48:19.642+0000] {logging_mixin.py:188} INFO - [2024-05-12T12:48:19.642+0000] {dagbag.py:540} INFO - Filling up the DagBag from /opt/airflow/dags/airflowtuto.py
[2024-05-12T12:48:19.658+0000] {processor.py:840} INFO - DAG(s) 'My_Dag' retrieved from /opt/airflow/dags/airflowtuto.py
[2024-05-12T12:48:19.702+0000] {logging_mixin.py:188} INFO - [2024-05-12T12:48:19.701+0000] {dag.py:3047} INFO - Sync 1 DAGs
[2024-05-12T12:48:19.738+0000] {logging_mixin.py:188} INFO - [2024-05-12T12:48:19.737+0000] {dag.py:3834} INFO - Setting next_dagrun for My_Dag to 2024-05-12 00:00:00+00:00, run_after=2024-05-13 00:00:00+00:00
[2024-05-12T12:48:19.764+0000] {processor.py:183} INFO - Processing /opt/airflow/dags/airflowtuto.py took 0.134 seconds
[2024-05-12T12:48:50.177+0000] {processor.py:161} INFO - Started process (PID=376) to work on /opt/airflow/dags/airflowtuto.py
[2024-05-12T12:48:50.178+0000] {processor.py:830} INFO - Processing file /opt/airflow/dags/airflowtuto.py for tasks to queue
[2024-05-12T12:48:50.181+0000] {logging_mixin.py:188} INFO - [2024-05-12T12:48:50.180+0000] {dagbag.py:540} INFO - Filling up the DagBag from /opt/airflow/dags/airflowtuto.py
[2024-05-12T12:48:50.192+0000] {processor.py:840} INFO - DAG(s) 'My_Dag' retrieved from /opt/airflow/dags/airflowtuto.py
[2024-05-12T12:48:50.221+0000] {logging_mixin.py:188} INFO - [2024-05-12T12:48:50.221+0000] {dag.py:3047} INFO - Sync 1 DAGs
[2024-05-12T12:48:50.245+0000] {logging_mixin.py:188} INFO - [2024-05-12T12:48:50.245+0000] {dag.py:3834} INFO - Setting next_dagrun for My_Dag to 2024-05-12 00:00:00+00:00, run_after=2024-05-13 00:00:00+00:00
[2024-05-12T12:48:50.263+0000] {processor.py:183} INFO - Processing /opt/airflow/dags/airflowtuto.py took 0.091 seconds
[2024-05-12T12:49:20.405+0000] {processor.py:161} INFO - Started process (PID=387) to work on /opt/airflow/dags/airflowtuto.py
[2024-05-12T12:49:20.407+0000] {processor.py:830} INFO - Processing file /opt/airflow/dags/airflowtuto.py for tasks to queue
[2024-05-12T12:49:20.409+0000] {logging_mixin.py:188} INFO - [2024-05-12T12:49:20.408+0000] {dagbag.py:540} INFO - Filling up the DagBag from /opt/airflow/dags/airflowtuto.py
[2024-05-12T12:49:20.421+0000] {processor.py:840} INFO - DAG(s) 'My_Dag' retrieved from /opt/airflow/dags/airflowtuto.py
[2024-05-12T12:49:20.450+0000] {logging_mixin.py:188} INFO - [2024-05-12T12:49:20.450+0000] {dag.py:3047} INFO - Sync 1 DAGs
[2024-05-12T12:49:20.473+0000] {logging_mixin.py:188} INFO - [2024-05-12T12:49:20.472+0000] {dag.py:3834} INFO - Setting next_dagrun for My_Dag to 2024-05-12 00:00:00+00:00, run_after=2024-05-13 00:00:00+00:00
[2024-05-12T12:49:20.491+0000] {processor.py:183} INFO - Processing /opt/airflow/dags/airflowtuto.py took 0.090 seconds
[2024-05-12T12:49:50.987+0000] {processor.py:161} INFO - Started process (PID=398) to work on /opt/airflow/dags/airflowtuto.py
[2024-05-12T12:49:50.988+0000] {processor.py:830} INFO - Processing file /opt/airflow/dags/airflowtuto.py for tasks to queue
[2024-05-12T12:49:50.990+0000] {logging_mixin.py:188} INFO - [2024-05-12T12:49:50.990+0000] {dagbag.py:540} INFO - Filling up the DagBag from /opt/airflow/dags/airflowtuto.py
[2024-05-12T12:49:51.002+0000] {processor.py:840} INFO - DAG(s) 'My_Dag' retrieved from /opt/airflow/dags/airflowtuto.py
[2024-05-12T12:49:51.031+0000] {logging_mixin.py:188} INFO - [2024-05-12T12:49:51.031+0000] {dag.py:3047} INFO - Sync 1 DAGs
[2024-05-12T12:49:51.054+0000] {logging_mixin.py:188} INFO - [2024-05-12T12:49:51.053+0000] {dag.py:3834} INFO - Setting next_dagrun for My_Dag to 2024-05-12 00:00:00+00:00, run_after=2024-05-13 00:00:00+00:00
[2024-05-12T12:49:51.073+0000] {processor.py:183} INFO - Processing /opt/airflow/dags/airflowtuto.py took 0.091 seconds
[2024-05-12T12:50:21.218+0000] {processor.py:161} INFO - Started process (PID=409) to work on /opt/airflow/dags/airflowtuto.py
[2024-05-12T12:50:21.220+0000] {processor.py:830} INFO - Processing file /opt/airflow/dags/airflowtuto.py for tasks to queue
[2024-05-12T12:50:21.222+0000] {logging_mixin.py:188} INFO - [2024-05-12T12:50:21.221+0000] {dagbag.py:540} INFO - Filling up the DagBag from /opt/airflow/dags/airflowtuto.py
[2024-05-12T12:50:21.234+0000] {processor.py:840} INFO - DAG(s) 'My_Dag' retrieved from /opt/airflow/dags/airflowtuto.py
[2024-05-12T12:50:21.265+0000] {logging_mixin.py:188} INFO - [2024-05-12T12:50:21.265+0000] {dag.py:3047} INFO - Sync 1 DAGs
[2024-05-12T12:50:21.290+0000] {logging_mixin.py:188} INFO - [2024-05-12T12:50:21.290+0000] {dag.py:3834} INFO - Setting next_dagrun for My_Dag to 2024-05-12 00:00:00+00:00, run_after=2024-05-13 00:00:00+00:00
[2024-05-12T12:50:21.309+0000] {processor.py:183} INFO - Processing /opt/airflow/dags/airflowtuto.py took 0.095 seconds
[2024-05-12T12:50:51.457+0000] {processor.py:161} INFO - Started process (PID=419) to work on /opt/airflow/dags/airflowtuto.py
[2024-05-12T12:50:51.458+0000] {processor.py:830} INFO - Processing file /opt/airflow/dags/airflowtuto.py for tasks to queue
[2024-05-12T12:50:51.460+0000] {logging_mixin.py:188} INFO - [2024-05-12T12:50:51.460+0000] {dagbag.py:540} INFO - Filling up the DagBag from /opt/airflow/dags/airflowtuto.py
[2024-05-12T12:50:51.472+0000] {processor.py:840} INFO - DAG(s) 'My_Dag' retrieved from /opt/airflow/dags/airflowtuto.py
[2024-05-12T12:50:51.503+0000] {logging_mixin.py:188} INFO - [2024-05-12T12:50:51.502+0000] {dag.py:3047} INFO - Sync 1 DAGs
[2024-05-12T12:50:51.527+0000] {logging_mixin.py:188} INFO - [2024-05-12T12:50:51.527+0000] {dag.py:3834} INFO - Setting next_dagrun for My_Dag to 2024-05-12 00:00:00+00:00, run_after=2024-05-13 00:00:00+00:00
[2024-05-12T12:50:51.548+0000] {processor.py:183} INFO - Processing /opt/airflow/dags/airflowtuto.py took 0.096 seconds
[2024-05-12T12:51:22.108+0000] {processor.py:161} INFO - Started process (PID=429) to work on /opt/airflow/dags/airflowtuto.py
[2024-05-12T12:51:22.110+0000] {processor.py:830} INFO - Processing file /opt/airflow/dags/airflowtuto.py for tasks to queue
[2024-05-12T12:51:22.112+0000] {logging_mixin.py:188} INFO - [2024-05-12T12:51:22.112+0000] {dagbag.py:540} INFO - Filling up the DagBag from /opt/airflow/dags/airflowtuto.py
[2024-05-12T12:51:22.125+0000] {processor.py:840} INFO - DAG(s) 'My_Dag' retrieved from /opt/airflow/dags/airflowtuto.py
[2024-05-12T12:51:22.157+0000] {logging_mixin.py:188} INFO - [2024-05-12T12:51:22.157+0000] {dag.py:3047} INFO - Sync 1 DAGs
[2024-05-12T12:51:22.183+0000] {logging_mixin.py:188} INFO - [2024-05-12T12:51:22.183+0000] {dag.py:3834} INFO - Setting next_dagrun for My_Dag to 2024-05-12 00:00:00+00:00, run_after=2024-05-13 00:00:00+00:00
[2024-05-12T12:51:22.203+0000] {processor.py:183} INFO - Processing /opt/airflow/dags/airflowtuto.py took 0.101 seconds
[2024-05-12T12:51:52.350+0000] {processor.py:161} INFO - Started process (PID=439) to work on /opt/airflow/dags/airflowtuto.py
[2024-05-12T12:51:52.351+0000] {processor.py:830} INFO - Processing file /opt/airflow/dags/airflowtuto.py for tasks to queue
[2024-05-12T12:51:52.353+0000] {logging_mixin.py:188} INFO - [2024-05-12T12:51:52.353+0000] {dagbag.py:540} INFO - Filling up the DagBag from /opt/airflow/dags/airflowtuto.py
[2024-05-12T12:51:52.366+0000] {processor.py:840} INFO - DAG(s) 'My_Dag' retrieved from /opt/airflow/dags/airflowtuto.py
[2024-05-12T12:51:52.395+0000] {logging_mixin.py:188} INFO - [2024-05-12T12:51:52.395+0000] {dag.py:3047} INFO - Sync 1 DAGs
[2024-05-12T12:51:52.420+0000] {logging_mixin.py:188} INFO - [2024-05-12T12:51:52.419+0000] {dag.py:3834} INFO - Setting next_dagrun for My_Dag to 2024-05-12 00:00:00+00:00, run_after=2024-05-13 00:00:00+00:00
[2024-05-12T12:51:52.533+0000] {processor.py:183} INFO - Processing /opt/airflow/dags/airflowtuto.py took 0.189 seconds
[2024-05-12T12:52:23.135+0000] {processor.py:161} INFO - Started process (PID=450) to work on /opt/airflow/dags/airflowtuto.py
[2024-05-12T12:52:23.136+0000] {processor.py:830} INFO - Processing file /opt/airflow/dags/airflowtuto.py for tasks to queue
[2024-05-12T12:52:23.138+0000] {logging_mixin.py:188} INFO - [2024-05-12T12:52:23.138+0000] {dagbag.py:540} INFO - Filling up the DagBag from /opt/airflow/dags/airflowtuto.py
[2024-05-12T12:52:23.154+0000] {processor.py:840} INFO - DAG(s) 'My_Dag' retrieved from /opt/airflow/dags/airflowtuto.py
[2024-05-12T12:52:23.195+0000] {logging_mixin.py:188} INFO - [2024-05-12T12:52:23.195+0000] {dag.py:3047} INFO - Sync 1 DAGs
[2024-05-12T12:52:23.219+0000] {logging_mixin.py:188} INFO - [2024-05-12T12:52:23.219+0000] {dag.py:3834} INFO - Setting next_dagrun for My_Dag to 2024-05-12 00:00:00+00:00, run_after=2024-05-13 00:00:00+00:00
[2024-05-12T12:52:23.246+0000] {processor.py:183} INFO - Processing /opt/airflow/dags/airflowtuto.py took 0.116 seconds
[2024-05-12T12:52:53.673+0000] {processor.py:161} INFO - Started process (PID=461) to work on /opt/airflow/dags/airflowtuto.py
[2024-05-12T12:52:53.675+0000] {processor.py:830} INFO - Processing file /opt/airflow/dags/airflowtuto.py for tasks to queue
[2024-05-12T12:52:53.678+0000] {logging_mixin.py:188} INFO - [2024-05-12T12:52:53.677+0000] {dagbag.py:540} INFO - Filling up the DagBag from /opt/airflow/dags/airflowtuto.py
[2024-05-12T12:52:53.692+0000] {processor.py:840} INFO - DAG(s) 'My_Dag' retrieved from /opt/airflow/dags/airflowtuto.py
[2024-05-12T12:52:53.747+0000] {logging_mixin.py:188} INFO - [2024-05-12T12:52:53.747+0000] {dag.py:3047} INFO - Sync 1 DAGs
[2024-05-12T12:52:53.800+0000] {logging_mixin.py:188} INFO - [2024-05-12T12:52:53.800+0000] {dag.py:3834} INFO - Setting next_dagrun for My_Dag to 2024-05-12 00:00:00+00:00, run_after=2024-05-13 00:00:00+00:00
[2024-05-12T12:52:53.839+0000] {processor.py:183} INFO - Processing /opt/airflow/dags/airflowtuto.py took 0.171 seconds
[2024-05-12T12:53:24.013+0000] {processor.py:161} INFO - Started process (PID=472) to work on /opt/airflow/dags/airflowtuto.py
[2024-05-12T12:53:24.014+0000] {processor.py:830} INFO - Processing file /opt/airflow/dags/airflowtuto.py for tasks to queue
[2024-05-12T12:53:24.018+0000] {logging_mixin.py:188} INFO - [2024-05-12T12:53:24.017+0000] {dagbag.py:540} INFO - Filling up the DagBag from /opt/airflow/dags/airflowtuto.py
[2024-05-12T12:53:24.036+0000] {processor.py:840} INFO - DAG(s) 'My_Dag' retrieved from /opt/airflow/dags/airflowtuto.py
[2024-05-12T12:53:24.103+0000] {logging_mixin.py:188} INFO - [2024-05-12T12:53:24.103+0000] {dag.py:3047} INFO - Sync 1 DAGs
[2024-05-12T12:53:24.129+0000] {logging_mixin.py:188} INFO - [2024-05-12T12:53:24.129+0000] {dag.py:3834} INFO - Setting next_dagrun for My_Dag to 2024-05-12 00:00:00+00:00, run_after=2024-05-13 00:00:00+00:00
[2024-05-12T12:53:24.546+0000] {processor.py:183} INFO - Processing /opt/airflow/dags/airflowtuto.py took 0.542 seconds
[2024-05-12T12:53:55.300+0000] {processor.py:161} INFO - Started process (PID=482) to work on /opt/airflow/dags/airflowtuto.py
[2024-05-12T12:53:55.301+0000] {processor.py:830} INFO - Processing file /opt/airflow/dags/airflowtuto.py for tasks to queue
[2024-05-12T12:53:55.304+0000] {logging_mixin.py:188} INFO - [2024-05-12T12:53:55.303+0000] {dagbag.py:540} INFO - Filling up the DagBag from /opt/airflow/dags/airflowtuto.py
[2024-05-12T12:53:55.316+0000] {processor.py:840} INFO - DAG(s) 'My_Dag' retrieved from /opt/airflow/dags/airflowtuto.py
[2024-05-12T12:53:55.347+0000] {logging_mixin.py:188} INFO - [2024-05-12T12:53:55.347+0000] {dag.py:3047} INFO - Sync 1 DAGs
[2024-05-12T12:53:55.371+0000] {logging_mixin.py:188} INFO - [2024-05-12T12:53:55.371+0000] {dag.py:3834} INFO - Setting next_dagrun for My_Dag to 2024-05-12 00:00:00+00:00, run_after=2024-05-13 00:00:00+00:00
[2024-05-12T12:53:56.252+0000] {processor.py:183} INFO - Processing /opt/airflow/dags/airflowtuto.py took 0.958 seconds
[2024-05-12T12:54:26.444+0000] {processor.py:161} INFO - Started process (PID=493) to work on /opt/airflow/dags/airflowtuto.py
[2024-05-12T12:54:26.446+0000] {processor.py:830} INFO - Processing file /opt/airflow/dags/airflowtuto.py for tasks to queue
[2024-05-12T12:54:26.449+0000] {logging_mixin.py:188} INFO - [2024-05-12T12:54:26.448+0000] {dagbag.py:540} INFO - Filling up the DagBag from /opt/airflow/dags/airflowtuto.py
[2024-05-12T12:54:26.465+0000] {processor.py:840} INFO - DAG(s) 'My_Dag' retrieved from /opt/airflow/dags/airflowtuto.py
[2024-05-12T12:54:26.506+0000] {logging_mixin.py:188} INFO - [2024-05-12T12:54:26.506+0000] {dag.py:3047} INFO - Sync 1 DAGs
[2024-05-12T12:54:26.540+0000] {logging_mixin.py:188} INFO - [2024-05-12T12:54:26.540+0000] {dag.py:3834} INFO - Setting next_dagrun for My_Dag to 2024-05-12 00:00:00+00:00, run_after=2024-05-13 00:00:00+00:00
[2024-05-12T12:54:26.567+0000] {processor.py:183} INFO - Processing /opt/airflow/dags/airflowtuto.py took 0.129 seconds
[2024-05-12T12:54:56.708+0000] {processor.py:161} INFO - Started process (PID=504) to work on /opt/airflow/dags/airflowtuto.py
[2024-05-12T12:54:56.710+0000] {processor.py:830} INFO - Processing file /opt/airflow/dags/airflowtuto.py for tasks to queue
[2024-05-12T12:54:56.712+0000] {logging_mixin.py:188} INFO - [2024-05-12T12:54:56.711+0000] {dagbag.py:540} INFO - Filling up the DagBag from /opt/airflow/dags/airflowtuto.py
[2024-05-12T12:54:56.723+0000] {processor.py:840} INFO - DAG(s) 'My_Dag' retrieved from /opt/airflow/dags/airflowtuto.py
[2024-05-12T12:54:56.753+0000] {logging_mixin.py:188} INFO - [2024-05-12T12:54:56.752+0000] {dag.py:3047} INFO - Sync 1 DAGs
[2024-05-12T12:54:56.777+0000] {logging_mixin.py:188} INFO - [2024-05-12T12:54:56.776+0000] {dag.py:3834} INFO - Setting next_dagrun for My_Dag to 2024-05-12 00:00:00+00:00, run_after=2024-05-13 00:00:00+00:00
[2024-05-12T12:54:56.851+0000] {processor.py:183} INFO - Processing /opt/airflow/dags/airflowtuto.py took 0.147 seconds
[2024-05-12T12:55:27.010+0000] {processor.py:161} INFO - Started process (PID=515) to work on /opt/airflow/dags/airflowtuto.py
[2024-05-12T12:55:27.027+0000] {processor.py:830} INFO - Processing file /opt/airflow/dags/airflowtuto.py for tasks to queue
[2024-05-12T12:55:27.030+0000] {logging_mixin.py:188} INFO - [2024-05-12T12:55:27.029+0000] {dagbag.py:540} INFO - Filling up the DagBag from /opt/airflow/dags/airflowtuto.py
[2024-05-12T12:55:27.059+0000] {processor.py:840} INFO - DAG(s) 'My_Dag' retrieved from /opt/airflow/dags/airflowtuto.py
[2024-05-12T12:55:27.098+0000] {logging_mixin.py:188} INFO - [2024-05-12T12:55:27.098+0000] {dag.py:3047} INFO - Sync 1 DAGs
[2024-05-12T12:55:27.132+0000] {logging_mixin.py:188} INFO - [2024-05-12T12:55:27.132+0000] {dag.py:3834} INFO - Setting next_dagrun for My_Dag to 2024-05-12 00:00:00+00:00, run_after=2024-05-13 00:00:00+00:00
[2024-05-12T12:55:27.156+0000] {processor.py:183} INFO - Processing /opt/airflow/dags/airflowtuto.py took 0.157 seconds
[2024-05-12T12:55:57.305+0000] {processor.py:161} INFO - Started process (PID=524) to work on /opt/airflow/dags/airflowtuto.py
[2024-05-12T12:55:57.307+0000] {processor.py:830} INFO - Processing file /opt/airflow/dags/airflowtuto.py for tasks to queue
[2024-05-12T12:55:57.310+0000] {logging_mixin.py:188} INFO - [2024-05-12T12:55:57.309+0000] {dagbag.py:540} INFO - Filling up the DagBag from /opt/airflow/dags/airflowtuto.py
[2024-05-12T12:55:57.326+0000] {processor.py:840} INFO - DAG(s) 'My_Dag' retrieved from /opt/airflow/dags/airflowtuto.py
[2024-05-12T12:55:57.367+0000] {logging_mixin.py:188} INFO - [2024-05-12T12:55:57.367+0000] {dag.py:3047} INFO - Sync 1 DAGs
[2024-05-12T12:55:57.402+0000] {logging_mixin.py:188} INFO - [2024-05-12T12:55:57.401+0000] {dag.py:3834} INFO - Setting next_dagrun for My_Dag to 2024-05-12 00:00:00+00:00, run_after=2024-05-13 00:00:00+00:00
[2024-05-12T12:55:57.426+0000] {processor.py:183} INFO - Processing /opt/airflow/dags/airflowtuto.py took 0.127 seconds
[2024-05-12T12:56:27.575+0000] {processor.py:161} INFO - Started process (PID=534) to work on /opt/airflow/dags/airflowtuto.py
[2024-05-12T12:56:27.577+0000] {processor.py:830} INFO - Processing file /opt/airflow/dags/airflowtuto.py for tasks to queue
[2024-05-12T12:56:27.579+0000] {logging_mixin.py:188} INFO - [2024-05-12T12:56:27.579+0000] {dagbag.py:540} INFO - Filling up the DagBag from /opt/airflow/dags/airflowtuto.py
[2024-05-12T12:56:27.591+0000] {processor.py:840} INFO - DAG(s) 'My_Dag' retrieved from /opt/airflow/dags/airflowtuto.py
[2024-05-12T12:56:27.622+0000] {logging_mixin.py:188} INFO - [2024-05-12T12:56:27.622+0000] {dag.py:3047} INFO - Sync 1 DAGs
[2024-05-12T12:56:27.647+0000] {logging_mixin.py:188} INFO - [2024-05-12T12:56:27.647+0000] {dag.py:3834} INFO - Setting next_dagrun for My_Dag to 2024-05-12 00:00:00+00:00, run_after=2024-05-13 00:00:00+00:00
[2024-05-12T12:56:27.673+0000] {processor.py:183} INFO - Processing /opt/airflow/dags/airflowtuto.py took 0.102 seconds
[2024-05-12T12:56:57.832+0000] {processor.py:161} INFO - Started process (PID=545) to work on /opt/airflow/dags/airflowtuto.py
[2024-05-12T12:56:57.833+0000] {processor.py:830} INFO - Processing file /opt/airflow/dags/airflowtuto.py for tasks to queue
[2024-05-12T12:56:57.835+0000] {logging_mixin.py:188} INFO - [2024-05-12T12:56:57.835+0000] {dagbag.py:540} INFO - Filling up the DagBag from /opt/airflow/dags/airflowtuto.py
[2024-05-12T12:56:57.847+0000] {processor.py:840} INFO - DAG(s) 'My_Dag' retrieved from /opt/airflow/dags/airflowtuto.py
[2024-05-12T12:56:57.876+0000] {logging_mixin.py:188} INFO - [2024-05-12T12:56:57.875+0000] {dag.py:3047} INFO - Sync 1 DAGs
[2024-05-12T12:56:57.899+0000] {logging_mixin.py:188} INFO - [2024-05-12T12:56:57.898+0000] {dag.py:3834} INFO - Setting next_dagrun for My_Dag to 2024-05-12 00:00:00+00:00, run_after=2024-05-13 00:00:00+00:00
[2024-05-12T12:56:57.917+0000] {processor.py:183} INFO - Processing /opt/airflow/dags/airflowtuto.py took 0.090 seconds
[2024-05-12T12:57:27.962+0000] {processor.py:161} INFO - Started process (PID=555) to work on /opt/airflow/dags/airflowtuto.py
[2024-05-12T12:57:27.964+0000] {processor.py:830} INFO - Processing file /opt/airflow/dags/airflowtuto.py for tasks to queue
[2024-05-12T12:57:27.967+0000] {logging_mixin.py:188} INFO - [2024-05-12T12:57:27.966+0000] {dagbag.py:540} INFO - Filling up the DagBag from /opt/airflow/dags/airflowtuto.py
[2024-05-12T12:57:27.982+0000] {processor.py:840} INFO - DAG(s) 'My_Dag' retrieved from /opt/airflow/dags/airflowtuto.py
[2024-05-12T12:57:28.024+0000] {logging_mixin.py:188} INFO - [2024-05-12T12:57:28.024+0000] {dag.py:3047} INFO - Sync 1 DAGs
[2024-05-12T12:57:28.057+0000] {logging_mixin.py:188} INFO - [2024-05-12T12:57:28.057+0000] {dag.py:3834} INFO - Setting next_dagrun for My_Dag to 2024-05-12 00:00:00+00:00, run_after=2024-05-13 00:00:00+00:00
[2024-05-12T12:57:28.083+0000] {processor.py:183} INFO - Processing /opt/airflow/dags/airflowtuto.py took 0.127 seconds
[2024-05-12T12:57:58.681+0000] {processor.py:161} INFO - Started process (PID=566) to work on /opt/airflow/dags/airflowtuto.py
[2024-05-12T12:57:58.683+0000] {processor.py:830} INFO - Processing file /opt/airflow/dags/airflowtuto.py for tasks to queue
[2024-05-12T12:57:58.686+0000] {logging_mixin.py:188} INFO - [2024-05-12T12:57:58.685+0000] {dagbag.py:540} INFO - Filling up the DagBag from /opt/airflow/dags/airflowtuto.py
[2024-05-12T12:57:58.701+0000] {processor.py:840} INFO - DAG(s) 'My_Dag' retrieved from /opt/airflow/dags/airflowtuto.py
[2024-05-12T12:57:58.743+0000] {logging_mixin.py:188} INFO - [2024-05-12T12:57:58.743+0000] {dag.py:3047} INFO - Sync 1 DAGs
[2024-05-12T12:57:58.777+0000] {logging_mixin.py:188} INFO - [2024-05-12T12:57:58.776+0000] {dag.py:3834} INFO - Setting next_dagrun for My_Dag to 2024-05-12 00:00:00+00:00, run_after=2024-05-13 00:00:00+00:00
[2024-05-12T12:57:58.804+0000] {processor.py:183} INFO - Processing /opt/airflow/dags/airflowtuto.py took 0.129 seconds
[2024-05-12T12:58:29.461+0000] {processor.py:161} INFO - Started process (PID=576) to work on /opt/airflow/dags/airflowtuto.py
[2024-05-12T12:58:29.463+0000] {processor.py:830} INFO - Processing file /opt/airflow/dags/airflowtuto.py for tasks to queue
[2024-05-12T12:58:29.466+0000] {logging_mixin.py:188} INFO - [2024-05-12T12:58:29.465+0000] {dagbag.py:540} INFO - Filling up the DagBag from /opt/airflow/dags/airflowtuto.py
[2024-05-12T12:58:29.482+0000] {processor.py:840} INFO - DAG(s) 'My_Dag' retrieved from /opt/airflow/dags/airflowtuto.py
[2024-05-12T12:58:29.524+0000] {logging_mixin.py:188} INFO - [2024-05-12T12:58:29.523+0000] {dag.py:3047} INFO - Sync 1 DAGs
[2024-05-12T12:58:29.559+0000] {logging_mixin.py:188} INFO - [2024-05-12T12:58:29.558+0000] {dag.py:3834} INFO - Setting next_dagrun for My_Dag to 2024-05-12 00:00:00+00:00, run_after=2024-05-13 00:00:00+00:00
[2024-05-12T12:58:29.585+0000] {processor.py:183} INFO - Processing /opt/airflow/dags/airflowtuto.py took 0.130 seconds
[2024-05-12T12:59:00.223+0000] {processor.py:161} INFO - Started process (PID=587) to work on /opt/airflow/dags/airflowtuto.py
[2024-05-12T12:59:00.225+0000] {processor.py:830} INFO - Processing file /opt/airflow/dags/airflowtuto.py for tasks to queue
[2024-05-12T12:59:00.227+0000] {logging_mixin.py:188} INFO - [2024-05-12T12:59:00.227+0000] {dagbag.py:540} INFO - Filling up the DagBag from /opt/airflow/dags/airflowtuto.py
[2024-05-12T12:59:00.244+0000] {processor.py:840} INFO - DAG(s) 'My_Dag' retrieved from /opt/airflow/dags/airflowtuto.py
[2024-05-12T12:59:00.290+0000] {logging_mixin.py:188} INFO - [2024-05-12T12:59:00.289+0000] {dag.py:3047} INFO - Sync 1 DAGs
[2024-05-12T12:59:00.328+0000] {logging_mixin.py:188} INFO - [2024-05-12T12:59:00.327+0000] {dag.py:3834} INFO - Setting next_dagrun for My_Dag to 2024-05-12 00:00:00+00:00, run_after=2024-05-13 00:00:00+00:00
[2024-05-12T12:59:00.356+0000] {processor.py:183} INFO - Processing /opt/airflow/dags/airflowtuto.py took 0.140 seconds
[2024-05-12T12:59:31.004+0000] {processor.py:161} INFO - Started process (PID=597) to work on /opt/airflow/dags/airflowtuto.py
[2024-05-12T12:59:31.006+0000] {processor.py:830} INFO - Processing file /opt/airflow/dags/airflowtuto.py for tasks to queue
[2024-05-12T12:59:31.008+0000] {logging_mixin.py:188} INFO - [2024-05-12T12:59:31.008+0000] {dagbag.py:540} INFO - Filling up the DagBag from /opt/airflow/dags/airflowtuto.py
[2024-05-12T12:59:31.025+0000] {processor.py:840} INFO - DAG(s) 'My_Dag' retrieved from /opt/airflow/dags/airflowtuto.py
[2024-05-12T12:59:31.072+0000] {logging_mixin.py:188} INFO - [2024-05-12T12:59:31.071+0000] {dag.py:3047} INFO - Sync 1 DAGs
[2024-05-12T12:59:31.110+0000] {logging_mixin.py:188} INFO - [2024-05-12T12:59:31.110+0000] {dag.py:3834} INFO - Setting next_dagrun for My_Dag to 2024-05-12 00:00:00+00:00, run_after=2024-05-13 00:00:00+00:00
[2024-05-12T12:59:31.139+0000] {processor.py:183} INFO - Processing /opt/airflow/dags/airflowtuto.py took 0.143 seconds
[2024-05-12T13:00:01.844+0000] {processor.py:161} INFO - Started process (PID=608) to work on /opt/airflow/dags/airflowtuto.py
[2024-05-12T13:00:01.854+0000] {processor.py:830} INFO - Processing file /opt/airflow/dags/airflowtuto.py for tasks to queue
[2024-05-12T13:00:01.857+0000] {logging_mixin.py:188} INFO - [2024-05-12T13:00:01.856+0000] {dagbag.py:540} INFO - Filling up the DagBag from /opt/airflow/dags/airflowtuto.py
[2024-05-12T13:00:01.895+0000] {processor.py:840} INFO - DAG(s) 'My_Dag' retrieved from /opt/airflow/dags/airflowtuto.py
[2024-05-12T13:00:02.012+0000] {logging_mixin.py:188} INFO - [2024-05-12T13:00:02.011+0000] {dag.py:3047} INFO - Sync 1 DAGs
[2024-05-12T13:00:02.090+0000] {logging_mixin.py:188} INFO - [2024-05-12T13:00:02.089+0000] {dag.py:3834} INFO - Setting next_dagrun for My_Dag to 2024-05-12 00:00:00+00:00, run_after=2024-05-13 00:00:00+00:00
[2024-05-12T13:00:02.136+0000] {processor.py:183} INFO - Processing /opt/airflow/dags/airflowtuto.py took 0.300 seconds
[2024-05-12T13:00:33.117+0000] {processor.py:161} INFO - Started process (PID=619) to work on /opt/airflow/dags/airflowtuto.py
[2024-05-12T13:00:33.118+0000] {processor.py:830} INFO - Processing file /opt/airflow/dags/airflowtuto.py for tasks to queue
[2024-05-12T13:00:33.121+0000] {logging_mixin.py:188} INFO - [2024-05-12T13:00:33.120+0000] {dagbag.py:540} INFO - Filling up the DagBag from /opt/airflow/dags/airflowtuto.py
[2024-05-12T13:00:33.136+0000] {processor.py:840} INFO - DAG(s) 'My_Dag' retrieved from /opt/airflow/dags/airflowtuto.py
[2024-05-12T13:00:33.177+0000] {logging_mixin.py:188} INFO - [2024-05-12T13:00:33.177+0000] {dag.py:3047} INFO - Sync 1 DAGs
[2024-05-12T13:00:33.211+0000] {logging_mixin.py:188} INFO - [2024-05-12T13:00:33.211+0000] {dag.py:3834} INFO - Setting next_dagrun for My_Dag to 2024-05-12 00:00:00+00:00, run_after=2024-05-13 00:00:00+00:00
[2024-05-12T13:00:33.237+0000] {processor.py:183} INFO - Processing /opt/airflow/dags/airflowtuto.py took 0.129 seconds
[2024-05-12T13:01:03.914+0000] {processor.py:161} INFO - Started process (PID=630) to work on /opt/airflow/dags/airflowtuto.py
[2024-05-12T13:01:03.916+0000] {processor.py:830} INFO - Processing file /opt/airflow/dags/airflowtuto.py for tasks to queue
[2024-05-12T13:01:03.919+0000] {logging_mixin.py:188} INFO - [2024-05-12T13:01:03.919+0000] {dagbag.py:540} INFO - Filling up the DagBag from /opt/airflow/dags/airflowtuto.py
[2024-05-12T13:01:03.936+0000] {processor.py:840} INFO - DAG(s) 'My_Dag' retrieved from /opt/airflow/dags/airflowtuto.py
[2024-05-12T13:01:03.999+0000] {logging_mixin.py:188} INFO - [2024-05-12T13:01:03.998+0000] {dag.py:3047} INFO - Sync 1 DAGs
[2024-05-12T13:01:04.034+0000] {logging_mixin.py:188} INFO - [2024-05-12T13:01:04.033+0000] {dag.py:3834} INFO - Setting next_dagrun for My_Dag to 2024-05-12 00:00:00+00:00, run_after=2024-05-13 00:00:00+00:00
[2024-05-12T13:01:04.112+0000] {processor.py:183} INFO - Processing /opt/airflow/dags/airflowtuto.py took 0.208 seconds
[2024-05-12T13:01:34.770+0000] {processor.py:161} INFO - Started process (PID=641) to work on /opt/airflow/dags/airflowtuto.py
[2024-05-12T13:01:34.772+0000] {processor.py:830} INFO - Processing file /opt/airflow/dags/airflowtuto.py for tasks to queue
[2024-05-12T13:01:34.775+0000] {logging_mixin.py:188} INFO - [2024-05-12T13:01:34.774+0000] {dagbag.py:540} INFO - Filling up the DagBag from /opt/airflow/dags/airflowtuto.py
[2024-05-12T13:01:34.792+0000] {processor.py:840} INFO - DAG(s) 'My_Dag' retrieved from /opt/airflow/dags/airflowtuto.py
[2024-05-12T13:01:34.835+0000] {logging_mixin.py:188} INFO - [2024-05-12T13:01:34.835+0000] {dag.py:3047} INFO - Sync 1 DAGs
[2024-05-12T13:01:34.871+0000] {logging_mixin.py:188} INFO - [2024-05-12T13:01:34.871+0000] {dag.py:3834} INFO - Setting next_dagrun for My_Dag to 2024-05-12 00:00:00+00:00, run_after=2024-05-13 00:00:00+00:00
[2024-05-12T13:01:34.899+0000] {processor.py:183} INFO - Processing /opt/airflow/dags/airflowtuto.py took 0.139 seconds
[2024-05-12T13:02:05.570+0000] {processor.py:161} INFO - Started process (PID=652) to work on /opt/airflow/dags/airflowtuto.py
[2024-05-12T13:02:05.580+0000] {processor.py:830} INFO - Processing file /opt/airflow/dags/airflowtuto.py for tasks to queue
[2024-05-12T13:02:05.582+0000] {logging_mixin.py:188} INFO - [2024-05-12T13:02:05.582+0000] {dagbag.py:540} INFO - Filling up the DagBag from /opt/airflow/dags/airflowtuto.py
[2024-05-12T13:02:05.616+0000] {processor.py:840} INFO - DAG(s) 'My_Dag' retrieved from /opt/airflow/dags/airflowtuto.py
[2024-05-12T13:02:05.700+0000] {logging_mixin.py:188} INFO - [2024-05-12T13:02:05.700+0000] {dag.py:3047} INFO - Sync 1 DAGs
[2024-05-12T13:02:05.772+0000] {logging_mixin.py:188} INFO - [2024-05-12T13:02:05.772+0000] {dag.py:3834} INFO - Setting next_dagrun for My_Dag to 2024-05-12 00:00:00+00:00, run_after=2024-05-13 00:00:00+00:00
[2024-05-12T13:02:05.840+0000] {processor.py:183} INFO - Processing /opt/airflow/dags/airflowtuto.py took 0.276 seconds
[2024-05-12T13:02:35.878+0000] {processor.py:161} INFO - Started process (PID=662) to work on /opt/airflow/dags/airflowtuto.py
[2024-05-12T13:02:35.879+0000] {processor.py:830} INFO - Processing file /opt/airflow/dags/airflowtuto.py for tasks to queue
[2024-05-12T13:02:35.882+0000] {logging_mixin.py:188} INFO - [2024-05-12T13:02:35.881+0000] {dagbag.py:540} INFO - Filling up the DagBag from /opt/airflow/dags/airflowtuto.py
[2024-05-12T13:02:35.893+0000] {processor.py:840} INFO - DAG(s) 'My_Dag' retrieved from /opt/airflow/dags/airflowtuto.py
[2024-05-12T13:02:35.925+0000] {logging_mixin.py:188} INFO - [2024-05-12T13:02:35.925+0000] {dag.py:3047} INFO - Sync 1 DAGs
[2024-05-12T13:02:35.951+0000] {logging_mixin.py:188} INFO - [2024-05-12T13:02:35.950+0000] {dag.py:3834} INFO - Setting next_dagrun for My_Dag to 2024-05-12 00:00:00+00:00, run_after=2024-05-13 00:00:00+00:00
[2024-05-12T13:02:35.974+0000] {processor.py:183} INFO - Processing /opt/airflow/dags/airflowtuto.py took 0.100 seconds
[2024-05-12T13:03:06.140+0000] {processor.py:161} INFO - Started process (PID=673) to work on /opt/airflow/dags/airflowtuto.py
[2024-05-12T13:03:06.142+0000] {processor.py:830} INFO - Processing file /opt/airflow/dags/airflowtuto.py for tasks to queue
[2024-05-12T13:03:06.145+0000] {logging_mixin.py:188} INFO - [2024-05-12T13:03:06.144+0000] {dagbag.py:540} INFO - Filling up the DagBag from /opt/airflow/dags/airflowtuto.py
[2024-05-12T13:03:06.161+0000] {processor.py:840} INFO - DAG(s) 'My_Dag' retrieved from /opt/airflow/dags/airflowtuto.py
[2024-05-12T13:03:06.229+0000] {logging_mixin.py:188} INFO - [2024-05-12T13:03:06.229+0000] {dag.py:3047} INFO - Sync 1 DAGs
[2024-05-12T13:03:06.268+0000] {logging_mixin.py:188} INFO - [2024-05-12T13:03:06.267+0000] {dag.py:3834} INFO - Setting next_dagrun for My_Dag to 2024-05-12 00:00:00+00:00, run_after=2024-05-13 00:00:00+00:00
[2024-05-12T13:03:06.303+0000] {processor.py:183} INFO - Processing /opt/airflow/dags/airflowtuto.py took 0.169 seconds
[2024-05-12T13:03:36.474+0000] {processor.py:161} INFO - Started process (PID=684) to work on /opt/airflow/dags/airflowtuto.py
[2024-05-12T13:03:36.475+0000] {processor.py:830} INFO - Processing file /opt/airflow/dags/airflowtuto.py for tasks to queue
[2024-05-12T13:03:36.477+0000] {logging_mixin.py:188} INFO - [2024-05-12T13:03:36.477+0000] {dagbag.py:540} INFO - Filling up the DagBag from /opt/airflow/dags/airflowtuto.py
[2024-05-12T13:03:36.493+0000] {processor.py:840} INFO - DAG(s) 'My_Dag' retrieved from /opt/airflow/dags/airflowtuto.py
[2024-05-12T13:03:36.537+0000] {logging_mixin.py:188} INFO - [2024-05-12T13:03:36.537+0000] {dag.py:3047} INFO - Sync 1 DAGs
[2024-05-12T13:03:36.564+0000] {logging_mixin.py:188} INFO - [2024-05-12T13:03:36.564+0000] {dag.py:3834} INFO - Setting next_dagrun for My_Dag to 2024-05-12 00:00:00+00:00, run_after=2024-05-13 00:00:00+00:00
[2024-05-12T13:03:36.584+0000] {processor.py:183} INFO - Processing /opt/airflow/dags/airflowtuto.py took 0.116 seconds
[2024-05-12T13:04:07.248+0000] {processor.py:161} INFO - Started process (PID=695) to work on /opt/airflow/dags/airflowtuto.py
[2024-05-12T13:04:07.250+0000] {processor.py:830} INFO - Processing file /opt/airflow/dags/airflowtuto.py for tasks to queue
[2024-05-12T13:04:07.253+0000] {logging_mixin.py:188} INFO - [2024-05-12T13:04:07.252+0000] {dagbag.py:540} INFO - Filling up the DagBag from /opt/airflow/dags/airflowtuto.py
[2024-05-12T13:04:07.264+0000] {processor.py:840} INFO - DAG(s) 'My_Dag' retrieved from /opt/airflow/dags/airflowtuto.py
[2024-05-12T13:04:07.301+0000] {logging_mixin.py:188} INFO - [2024-05-12T13:04:07.295+0000] {dag.py:3047} INFO - Sync 1 DAGs
[2024-05-12T13:04:07.328+0000] {logging_mixin.py:188} INFO - [2024-05-12T13:04:07.328+0000] {dag.py:3834} INFO - Setting next_dagrun for My_Dag to 2024-05-12 00:00:00+00:00, run_after=2024-05-13 00:00:00+00:00
[2024-05-12T13:04:07.349+0000] {processor.py:183} INFO - Processing /opt/airflow/dags/airflowtuto.py took 0.106 seconds
[2024-05-12T13:04:38.255+0000] {processor.py:161} INFO - Started process (PID=707) to work on /opt/airflow/dags/airflowtuto.py
[2024-05-12T13:04:38.256+0000] {processor.py:830} INFO - Processing file /opt/airflow/dags/airflowtuto.py for tasks to queue
[2024-05-12T13:04:38.260+0000] {logging_mixin.py:188} INFO - [2024-05-12T13:04:38.259+0000] {dagbag.py:540} INFO - Filling up the DagBag from /opt/airflow/dags/airflowtuto.py
[2024-05-12T13:04:38.272+0000] {processor.py:840} INFO - DAG(s) 'My_Dag' retrieved from /opt/airflow/dags/airflowtuto.py
[2024-05-12T13:04:38.301+0000] {logging_mixin.py:188} INFO - [2024-05-12T13:04:38.301+0000] {dag.py:3047} INFO - Sync 1 DAGs
[2024-05-12T13:04:38.326+0000] {logging_mixin.py:188} INFO - [2024-05-12T13:04:38.325+0000] {dag.py:3834} INFO - Setting next_dagrun for My_Dag to 2024-05-12 00:00:00+00:00, run_after=2024-05-13 00:00:00+00:00
[2024-05-12T13:04:38.344+0000] {processor.py:183} INFO - Processing /opt/airflow/dags/airflowtuto.py took 0.094 seconds
