[2024-05-12T12:33:02.755+0000] {processor.py:161} INFO - Started process (PID=34) to work on /opt/airflow/dags/transform_dag.py
[2024-05-12T12:33:02.756+0000] {processor.py:830} INFO - Processing file /opt/airflow/dags/transform_dag.py for tasks to queue
[2024-05-12T12:33:02.771+0000] {logging_mixin.py:188} INFO - [2024-05-12T12:33:02.770+0000] {dagbag.py:540} INFO - Filling up the DagBag from /opt/airflow/dags/transform_dag.py
[2024-05-12T12:33:06.376+0000] {processor.py:840} INFO - DAG(s) 'ademe_transform_data' retrieved from /opt/airflow/dags/transform_dag.py
[2024-05-12T12:33:06.496+0000] {logging_mixin.py:188} INFO - [2024-05-12T12:33:06.494+0000] {dag.py:3047} INFO - Sync 1 DAGs
[2024-05-12T12:33:06.602+0000] {logging_mixin.py:188} INFO - [2024-05-12T12:33:06.601+0000] {dag.py:3834} INFO - Setting next_dagrun for ademe_transform_data to 2024-05-12 12:33:00+00:00, run_after=2024-05-12 12:36:00+00:00
[2024-05-12T12:33:06.651+0000] {processor.py:183} INFO - Processing /opt/airflow/dags/transform_dag.py took 3.916 seconds
[2024-05-12T12:33:36.993+0000] {processor.py:161} INFO - Started process (PID=45) to work on /opt/airflow/dags/transform_dag.py
[2024-05-12T12:33:36.998+0000] {processor.py:830} INFO - Processing file /opt/airflow/dags/transform_dag.py for tasks to queue
[2024-05-12T12:33:37.005+0000] {logging_mixin.py:188} INFO - [2024-05-12T12:33:37.005+0000] {dagbag.py:540} INFO - Filling up the DagBag from /opt/airflow/dags/transform_dag.py
[2024-05-12T12:33:37.846+0000] {processor.py:840} INFO - DAG(s) 'ademe_transform_data' retrieved from /opt/airflow/dags/transform_dag.py
[2024-05-12T12:33:37.925+0000] {logging_mixin.py:188} INFO - [2024-05-12T12:33:37.923+0000] {dag.py:3047} INFO - Sync 1 DAGs
[2024-05-12T12:33:38.004+0000] {logging_mixin.py:188} INFO - [2024-05-12T12:33:38.004+0000] {dag.py:3834} INFO - Setting next_dagrun for ademe_transform_data to 2024-05-12 12:33:00+00:00, run_after=2024-05-12 12:36:00+00:00
[2024-05-12T12:33:38.094+0000] {processor.py:183} INFO - Processing /opt/airflow/dags/transform_dag.py took 1.107 seconds
[2024-05-12T12:34:08.298+0000] {processor.py:161} INFO - Started process (PID=57) to work on /opt/airflow/dags/transform_dag.py
[2024-05-12T12:34:08.299+0000] {processor.py:830} INFO - Processing file /opt/airflow/dags/transform_dag.py for tasks to queue
[2024-05-12T12:34:08.301+0000] {logging_mixin.py:188} INFO - [2024-05-12T12:34:08.301+0000] {dagbag.py:540} INFO - Filling up the DagBag from /opt/airflow/dags/transform_dag.py
[2024-05-12T12:34:08.594+0000] {processor.py:840} INFO - DAG(s) 'ademe_transform_data' retrieved from /opt/airflow/dags/transform_dag.py
[2024-05-12T12:34:08.620+0000] {logging_mixin.py:188} INFO - [2024-05-12T12:34:08.620+0000] {dag.py:3047} INFO - Sync 1 DAGs
[2024-05-12T12:34:08.646+0000] {logging_mixin.py:188} INFO - [2024-05-12T12:34:08.646+0000] {dag.py:3834} INFO - Setting next_dagrun for ademe_transform_data to 2024-05-12 12:33:00+00:00, run_after=2024-05-12 12:36:00+00:00
[2024-05-12T12:34:08.664+0000] {processor.py:183} INFO - Processing /opt/airflow/dags/transform_dag.py took 0.370 seconds
[2024-05-12T12:34:39.568+0000] {processor.py:161} INFO - Started process (PID=68) to work on /opt/airflow/dags/transform_dag.py
[2024-05-12T12:34:39.569+0000] {processor.py:830} INFO - Processing file /opt/airflow/dags/transform_dag.py for tasks to queue
[2024-05-12T12:34:39.571+0000] {logging_mixin.py:188} INFO - [2024-05-12T12:34:39.571+0000] {dagbag.py:540} INFO - Filling up the DagBag from /opt/airflow/dags/transform_dag.py
[2024-05-12T12:34:39.863+0000] {processor.py:840} INFO - DAG(s) 'ademe_transform_data' retrieved from /opt/airflow/dags/transform_dag.py
[2024-05-12T12:34:39.888+0000] {logging_mixin.py:188} INFO - [2024-05-12T12:34:39.887+0000] {dag.py:3047} INFO - Sync 1 DAGs
[2024-05-12T12:34:39.913+0000] {logging_mixin.py:188} INFO - [2024-05-12T12:34:39.913+0000] {dag.py:3834} INFO - Setting next_dagrun for ademe_transform_data to 2024-05-12 12:33:00+00:00, run_after=2024-05-12 12:36:00+00:00
[2024-05-12T12:34:39.932+0000] {processor.py:183} INFO - Processing /opt/airflow/dags/transform_dag.py took 0.369 seconds
[2024-05-12T12:35:10.091+0000] {processor.py:161} INFO - Started process (PID=79) to work on /opt/airflow/dags/transform_dag.py
[2024-05-12T12:35:10.093+0000] {processor.py:830} INFO - Processing file /opt/airflow/dags/transform_dag.py for tasks to queue
[2024-05-12T12:35:10.095+0000] {logging_mixin.py:188} INFO - [2024-05-12T12:35:10.094+0000] {dagbag.py:540} INFO - Filling up the DagBag from /opt/airflow/dags/transform_dag.py
[2024-05-12T12:35:10.430+0000] {processor.py:840} INFO - DAG(s) 'ademe_transform_data' retrieved from /opt/airflow/dags/transform_dag.py
[2024-05-12T12:35:10.455+0000] {logging_mixin.py:188} INFO - [2024-05-12T12:35:10.454+0000] {dag.py:3047} INFO - Sync 1 DAGs
[2024-05-12T12:35:10.481+0000] {logging_mixin.py:188} INFO - [2024-05-12T12:35:10.480+0000] {dag.py:3834} INFO - Setting next_dagrun for ademe_transform_data to 2024-05-12 12:33:00+00:00, run_after=2024-05-12 12:36:00+00:00
[2024-05-12T12:35:10.498+0000] {processor.py:183} INFO - Processing /opt/airflow/dags/transform_dag.py took 0.411 seconds
[2024-05-12T12:35:41.329+0000] {processor.py:161} INFO - Started process (PID=90) to work on /opt/airflow/dags/transform_dag.py
[2024-05-12T12:35:41.331+0000] {processor.py:830} INFO - Processing file /opt/airflow/dags/transform_dag.py for tasks to queue
[2024-05-12T12:35:41.333+0000] {logging_mixin.py:188} INFO - [2024-05-12T12:35:41.332+0000] {dagbag.py:540} INFO - Filling up the DagBag from /opt/airflow/dags/transform_dag.py
[2024-05-12T12:35:41.662+0000] {processor.py:840} INFO - DAG(s) 'ademe_transform_data' retrieved from /opt/airflow/dags/transform_dag.py
[2024-05-12T12:35:41.688+0000] {logging_mixin.py:188} INFO - [2024-05-12T12:35:41.687+0000] {dag.py:3047} INFO - Sync 1 DAGs
[2024-05-12T12:35:41.713+0000] {logging_mixin.py:188} INFO - [2024-05-12T12:35:41.713+0000] {dag.py:3834} INFO - Setting next_dagrun for ademe_transform_data to 2024-05-12 12:33:00+00:00, run_after=2024-05-12 12:36:00+00:00
[2024-05-12T12:35:41.731+0000] {processor.py:183} INFO - Processing /opt/airflow/dags/transform_dag.py took 0.406 seconds
[2024-05-12T12:36:11.893+0000] {processor.py:161} INFO - Started process (PID=102) to work on /opt/airflow/dags/transform_dag.py
[2024-05-12T12:36:11.894+0000] {processor.py:830} INFO - Processing file /opt/airflow/dags/transform_dag.py for tasks to queue
[2024-05-12T12:36:11.896+0000] {logging_mixin.py:188} INFO - [2024-05-12T12:36:11.896+0000] {dagbag.py:540} INFO - Filling up the DagBag from /opt/airflow/dags/transform_dag.py
[2024-05-12T12:36:12.223+0000] {processor.py:840} INFO - DAG(s) 'ademe_transform_data' retrieved from /opt/airflow/dags/transform_dag.py
[2024-05-12T12:36:12.248+0000] {logging_mixin.py:188} INFO - [2024-05-12T12:36:12.248+0000] {dag.py:3047} INFO - Sync 1 DAGs
[2024-05-12T12:36:12.274+0000] {logging_mixin.py:188} INFO - [2024-05-12T12:36:12.274+0000] {dag.py:3834} INFO - Setting next_dagrun for ademe_transform_data to 2024-05-12 12:36:00+00:00, run_after=2024-05-12 12:39:00+00:00
[2024-05-12T12:36:12.293+0000] {processor.py:183} INFO - Processing /opt/airflow/dags/transform_dag.py took 0.405 seconds
[2024-05-12T12:36:43.046+0000] {processor.py:161} INFO - Started process (PID=113) to work on /opt/airflow/dags/transform_dag.py
[2024-05-12T12:36:43.048+0000] {processor.py:830} INFO - Processing file /opt/airflow/dags/transform_dag.py for tasks to queue
[2024-05-12T12:36:43.050+0000] {logging_mixin.py:188} INFO - [2024-05-12T12:36:43.049+0000] {dagbag.py:540} INFO - Filling up the DagBag from /opt/airflow/dags/transform_dag.py
[2024-05-12T12:36:43.344+0000] {processor.py:840} INFO - DAG(s) 'ademe_transform_data' retrieved from /opt/airflow/dags/transform_dag.py
[2024-05-12T12:36:43.369+0000] {logging_mixin.py:188} INFO - [2024-05-12T12:36:43.368+0000] {dag.py:3047} INFO - Sync 1 DAGs
[2024-05-12T12:36:43.395+0000] {logging_mixin.py:188} INFO - [2024-05-12T12:36:43.395+0000] {dag.py:3834} INFO - Setting next_dagrun for ademe_transform_data to 2024-05-12 12:36:00+00:00, run_after=2024-05-12 12:39:00+00:00
[2024-05-12T12:36:43.413+0000] {processor.py:183} INFO - Processing /opt/airflow/dags/transform_dag.py took 0.371 seconds
[2024-05-12T12:37:13.567+0000] {processor.py:161} INFO - Started process (PID=123) to work on /opt/airflow/dags/transform_dag.py
[2024-05-12T12:37:13.568+0000] {processor.py:830} INFO - Processing file /opt/airflow/dags/transform_dag.py for tasks to queue
[2024-05-12T12:37:13.570+0000] {logging_mixin.py:188} INFO - [2024-05-12T12:37:13.570+0000] {dagbag.py:540} INFO - Filling up the DagBag from /opt/airflow/dags/transform_dag.py
[2024-05-12T12:37:13.871+0000] {processor.py:840} INFO - DAG(s) 'ademe_transform_data' retrieved from /opt/airflow/dags/transform_dag.py
[2024-05-12T12:37:13.897+0000] {logging_mixin.py:188} INFO - [2024-05-12T12:37:13.897+0000] {dag.py:3047} INFO - Sync 1 DAGs
[2024-05-12T12:37:13.923+0000] {logging_mixin.py:188} INFO - [2024-05-12T12:37:13.922+0000] {dag.py:3834} INFO - Setting next_dagrun for ademe_transform_data to 2024-05-12 12:36:00+00:00, run_after=2024-05-12 12:39:00+00:00
[2024-05-12T12:37:13.941+0000] {processor.py:183} INFO - Processing /opt/airflow/dags/transform_dag.py took 0.378 seconds
[2024-05-12T12:37:44.739+0000] {processor.py:161} INFO - Started process (PID=135) to work on /opt/airflow/dags/transform_dag.py
[2024-05-12T12:37:44.740+0000] {processor.py:830} INFO - Processing file /opt/airflow/dags/transform_dag.py for tasks to queue
[2024-05-12T12:37:44.742+0000] {logging_mixin.py:188} INFO - [2024-05-12T12:37:44.742+0000] {dagbag.py:540} INFO - Filling up the DagBag from /opt/airflow/dags/transform_dag.py
[2024-05-12T12:37:45.103+0000] {processor.py:840} INFO - DAG(s) 'ademe_transform_data' retrieved from /opt/airflow/dags/transform_dag.py
[2024-05-12T12:37:45.128+0000] {logging_mixin.py:188} INFO - [2024-05-12T12:37:45.128+0000] {dag.py:3047} INFO - Sync 1 DAGs
[2024-05-12T12:37:45.154+0000] {logging_mixin.py:188} INFO - [2024-05-12T12:37:45.154+0000] {dag.py:3834} INFO - Setting next_dagrun for ademe_transform_data to 2024-05-12 12:36:00+00:00, run_after=2024-05-12 12:39:00+00:00
[2024-05-12T12:37:45.173+0000] {processor.py:183} INFO - Processing /opt/airflow/dags/transform_dag.py took 0.439 seconds
[2024-05-12T12:38:15.327+0000] {processor.py:161} INFO - Started process (PID=146) to work on /opt/airflow/dags/transform_dag.py
[2024-05-12T12:38:15.328+0000] {processor.py:830} INFO - Processing file /opt/airflow/dags/transform_dag.py for tasks to queue
[2024-05-12T12:38:15.330+0000] {logging_mixin.py:188} INFO - [2024-05-12T12:38:15.330+0000] {dagbag.py:540} INFO - Filling up the DagBag from /opt/airflow/dags/transform_dag.py
[2024-05-12T12:38:15.666+0000] {processor.py:840} INFO - DAG(s) 'ademe_transform_data' retrieved from /opt/airflow/dags/transform_dag.py
[2024-05-12T12:38:15.701+0000] {logging_mixin.py:188} INFO - [2024-05-12T12:38:15.700+0000] {dag.py:3047} INFO - Sync 1 DAGs
[2024-05-12T12:38:15.742+0000] {logging_mixin.py:188} INFO - [2024-05-12T12:38:15.741+0000] {dag.py:3834} INFO - Setting next_dagrun for ademe_transform_data to 2024-05-12 12:36:00+00:00, run_after=2024-05-12 12:39:00+00:00
[2024-05-12T12:38:15.765+0000] {processor.py:183} INFO - Processing /opt/airflow/dags/transform_dag.py took 0.442 seconds
[2024-05-12T12:38:45.974+0000] {processor.py:161} INFO - Started process (PID=157) to work on /opt/airflow/dags/transform_dag.py
[2024-05-12T12:38:45.982+0000] {processor.py:830} INFO - Processing file /opt/airflow/dags/transform_dag.py for tasks to queue
[2024-05-12T12:38:45.988+0000] {logging_mixin.py:188} INFO - [2024-05-12T12:38:45.988+0000] {dagbag.py:540} INFO - Filling up the DagBag from /opt/airflow/dags/transform_dag.py
[2024-05-12T12:38:46.522+0000] {processor.py:840} INFO - DAG(s) 'ademe_transform_data' retrieved from /opt/airflow/dags/transform_dag.py
[2024-05-12T12:38:46.708+0000] {logging_mixin.py:188} INFO - [2024-05-12T12:38:46.707+0000] {dag.py:3047} INFO - Sync 1 DAGs
[2024-05-12T12:38:46.751+0000] {logging_mixin.py:188} INFO - [2024-05-12T12:38:46.750+0000] {dag.py:3834} INFO - Setting next_dagrun for ademe_transform_data to 2024-05-12 12:36:00+00:00, run_after=2024-05-12 12:39:00+00:00
[2024-05-12T12:38:46.779+0000] {processor.py:183} INFO - Processing /opt/airflow/dags/transform_dag.py took 0.815 seconds
[2024-05-12T12:39:16.967+0000] {processor.py:161} INFO - Started process (PID=169) to work on /opt/airflow/dags/transform_dag.py
[2024-05-12T12:39:16.971+0000] {processor.py:830} INFO - Processing file /opt/airflow/dags/transform_dag.py for tasks to queue
[2024-05-12T12:39:16.978+0000] {logging_mixin.py:188} INFO - [2024-05-12T12:39:16.974+0000] {dagbag.py:540} INFO - Filling up the DagBag from /opt/airflow/dags/transform_dag.py
[2024-05-12T12:39:17.708+0000] {processor.py:840} INFO - DAG(s) 'ademe_transform_data' retrieved from /opt/airflow/dags/transform_dag.py
[2024-05-12T12:39:17.795+0000] {logging_mixin.py:188} INFO - [2024-05-12T12:39:17.795+0000] {dag.py:3047} INFO - Sync 1 DAGs
[2024-05-12T12:39:17.874+0000] {logging_mixin.py:188} INFO - [2024-05-12T12:39:17.873+0000] {dag.py:3834} INFO - Setting next_dagrun for ademe_transform_data to 2024-05-12 12:39:00+00:00, run_after=2024-05-12 12:42:00+00:00
[2024-05-12T12:39:17.920+0000] {processor.py:183} INFO - Processing /opt/airflow/dags/transform_dag.py took 0.972 seconds
[2024-05-12T12:39:48.202+0000] {processor.py:161} INFO - Started process (PID=179) to work on /opt/airflow/dags/transform_dag.py
[2024-05-12T12:39:48.203+0000] {processor.py:830} INFO - Processing file /opt/airflow/dags/transform_dag.py for tasks to queue
[2024-05-12T12:39:48.206+0000] {logging_mixin.py:188} INFO - [2024-05-12T12:39:48.205+0000] {dagbag.py:540} INFO - Filling up the DagBag from /opt/airflow/dags/transform_dag.py
[2024-05-12T12:39:48.939+0000] {processor.py:840} INFO - DAG(s) 'ademe_transform_data' retrieved from /opt/airflow/dags/transform_dag.py
[2024-05-12T12:39:49.007+0000] {logging_mixin.py:188} INFO - [2024-05-12T12:39:49.006+0000] {dag.py:3047} INFO - Sync 1 DAGs
[2024-05-12T12:39:49.076+0000] {logging_mixin.py:188} INFO - [2024-05-12T12:39:49.076+0000] {dag.py:3834} INFO - Setting next_dagrun for ademe_transform_data to 2024-05-12 12:39:00+00:00, run_after=2024-05-12 12:42:00+00:00
[2024-05-12T12:39:49.131+0000] {processor.py:183} INFO - Processing /opt/airflow/dags/transform_dag.py took 0.935 seconds
[2024-05-12T12:40:19.442+0000] {processor.py:161} INFO - Started process (PID=190) to work on /opt/airflow/dags/transform_dag.py
[2024-05-12T12:40:19.443+0000] {processor.py:830} INFO - Processing file /opt/airflow/dags/transform_dag.py for tasks to queue
[2024-05-12T12:40:19.446+0000] {logging_mixin.py:188} INFO - [2024-05-12T12:40:19.445+0000] {dagbag.py:540} INFO - Filling up the DagBag from /opt/airflow/dags/transform_dag.py
[2024-05-12T12:40:19.761+0000] {processor.py:840} INFO - DAG(s) 'ademe_transform_data' retrieved from /opt/airflow/dags/transform_dag.py
[2024-05-12T12:40:19.801+0000] {logging_mixin.py:188} INFO - [2024-05-12T12:40:19.800+0000] {dag.py:3047} INFO - Sync 1 DAGs
[2024-05-12T12:40:19.832+0000] {logging_mixin.py:188} INFO - [2024-05-12T12:40:19.832+0000] {dag.py:3834} INFO - Setting next_dagrun for ademe_transform_data to 2024-05-12 12:39:00+00:00, run_after=2024-05-12 12:42:00+00:00
[2024-05-12T12:40:19.851+0000] {processor.py:183} INFO - Processing /opt/airflow/dags/transform_dag.py took 0.414 seconds
[2024-05-12T12:40:50.012+0000] {processor.py:161} INFO - Started process (PID=201) to work on /opt/airflow/dags/transform_dag.py
[2024-05-12T12:40:50.013+0000] {processor.py:830} INFO - Processing file /opt/airflow/dags/transform_dag.py for tasks to queue
[2024-05-12T12:40:50.016+0000] {logging_mixin.py:188} INFO - [2024-05-12T12:40:50.016+0000] {dagbag.py:540} INFO - Filling up the DagBag from /opt/airflow/dags/transform_dag.py
[2024-05-12T12:40:50.323+0000] {processor.py:840} INFO - DAG(s) 'ademe_transform_data' retrieved from /opt/airflow/dags/transform_dag.py
[2024-05-12T12:40:50.351+0000] {logging_mixin.py:188} INFO - [2024-05-12T12:40:50.350+0000] {dag.py:3047} INFO - Sync 1 DAGs
[2024-05-12T12:40:50.390+0000] {logging_mixin.py:188} INFO - [2024-05-12T12:40:50.390+0000] {dag.py:3834} INFO - Setting next_dagrun for ademe_transform_data to 2024-05-12 12:39:00+00:00, run_after=2024-05-12 12:42:00+00:00
[2024-05-12T12:40:50.413+0000] {processor.py:183} INFO - Processing /opt/airflow/dags/transform_dag.py took 0.405 seconds
[2024-05-12T12:41:21.260+0000] {processor.py:161} INFO - Started process (PID=212) to work on /opt/airflow/dags/transform_dag.py
[2024-05-12T12:41:21.261+0000] {processor.py:830} INFO - Processing file /opt/airflow/dags/transform_dag.py for tasks to queue
[2024-05-12T12:41:21.263+0000] {logging_mixin.py:188} INFO - [2024-05-12T12:41:21.263+0000] {dagbag.py:540} INFO - Filling up the DagBag from /opt/airflow/dags/transform_dag.py
[2024-05-12T12:41:21.580+0000] {processor.py:840} INFO - DAG(s) 'ademe_transform_data' retrieved from /opt/airflow/dags/transform_dag.py
[2024-05-12T12:41:21.614+0000] {logging_mixin.py:188} INFO - [2024-05-12T12:41:21.613+0000] {dag.py:3047} INFO - Sync 1 DAGs
[2024-05-12T12:41:21.644+0000] {logging_mixin.py:188} INFO - [2024-05-12T12:41:21.643+0000] {dag.py:3834} INFO - Setting next_dagrun for ademe_transform_data to 2024-05-12 12:39:00+00:00, run_after=2024-05-12 12:42:00+00:00
[2024-05-12T12:41:21.662+0000] {processor.py:183} INFO - Processing /opt/airflow/dags/transform_dag.py took 0.407 seconds
[2024-05-12T12:41:51.819+0000] {processor.py:161} INFO - Started process (PID=224) to work on /opt/airflow/dags/transform_dag.py
[2024-05-12T12:41:51.821+0000] {processor.py:830} INFO - Processing file /opt/airflow/dags/transform_dag.py for tasks to queue
[2024-05-12T12:41:51.823+0000] {logging_mixin.py:188} INFO - [2024-05-12T12:41:51.822+0000] {dagbag.py:540} INFO - Filling up the DagBag from /opt/airflow/dags/transform_dag.py
[2024-05-12T12:41:52.184+0000] {processor.py:840} INFO - DAG(s) 'ademe_transform_data' retrieved from /opt/airflow/dags/transform_dag.py
[2024-05-12T12:41:52.210+0000] {logging_mixin.py:188} INFO - [2024-05-12T12:41:52.210+0000] {dag.py:3047} INFO - Sync 1 DAGs
[2024-05-12T12:41:52.236+0000] {logging_mixin.py:188} INFO - [2024-05-12T12:41:52.236+0000] {dag.py:3834} INFO - Setting next_dagrun for ademe_transform_data to 2024-05-12 12:39:00+00:00, run_after=2024-05-12 12:42:00+00:00
[2024-05-12T12:41:52.255+0000] {processor.py:183} INFO - Processing /opt/airflow/dags/transform_dag.py took 0.440 seconds
[2024-05-12T12:42:23.043+0000] {processor.py:161} INFO - Started process (PID=235) to work on /opt/airflow/dags/transform_dag.py
[2024-05-12T12:42:23.044+0000] {processor.py:830} INFO - Processing file /opt/airflow/dags/transform_dag.py for tasks to queue
[2024-05-12T12:42:23.046+0000] {logging_mixin.py:188} INFO - [2024-05-12T12:42:23.046+0000] {dagbag.py:540} INFO - Filling up the DagBag from /opt/airflow/dags/transform_dag.py
[2024-05-12T12:42:23.339+0000] {processor.py:840} INFO - DAG(s) 'ademe_transform_data' retrieved from /opt/airflow/dags/transform_dag.py
[2024-05-12T12:42:23.365+0000] {logging_mixin.py:188} INFO - [2024-05-12T12:42:23.365+0000] {dag.py:3047} INFO - Sync 1 DAGs
[2024-05-12T12:42:23.397+0000] {logging_mixin.py:188} INFO - [2024-05-12T12:42:23.397+0000] {dag.py:3834} INFO - Setting next_dagrun for ademe_transform_data to 2024-05-12 12:42:00+00:00, run_after=2024-05-12 12:45:00+00:00
[2024-05-12T12:42:23.417+0000] {processor.py:183} INFO - Processing /opt/airflow/dags/transform_dag.py took 0.379 seconds
[2024-05-12T12:42:53.598+0000] {processor.py:161} INFO - Started process (PID=246) to work on /opt/airflow/dags/transform_dag.py
[2024-05-12T12:42:53.599+0000] {processor.py:830} INFO - Processing file /opt/airflow/dags/transform_dag.py for tasks to queue
[2024-05-12T12:42:53.601+0000] {logging_mixin.py:188} INFO - [2024-05-12T12:42:53.601+0000] {dagbag.py:540} INFO - Filling up the DagBag from /opt/airflow/dags/transform_dag.py
[2024-05-12T12:42:53.929+0000] {processor.py:840} INFO - DAG(s) 'ademe_transform_data' retrieved from /opt/airflow/dags/transform_dag.py
[2024-05-12T12:42:53.963+0000] {logging_mixin.py:188} INFO - [2024-05-12T12:42:53.963+0000] {dag.py:3047} INFO - Sync 1 DAGs
[2024-05-12T12:42:53.993+0000] {logging_mixin.py:188} INFO - [2024-05-12T12:42:53.992+0000] {dag.py:3834} INFO - Setting next_dagrun for ademe_transform_data to 2024-05-12 12:42:00+00:00, run_after=2024-05-12 12:45:00+00:00
[2024-05-12T12:42:54.284+0000] {processor.py:183} INFO - Processing /opt/airflow/dags/transform_dag.py took 0.691 seconds
[2024-05-12T12:43:25.097+0000] {processor.py:161} INFO - Started process (PID=257) to work on /opt/airflow/dags/transform_dag.py
[2024-05-12T12:43:25.098+0000] {processor.py:830} INFO - Processing file /opt/airflow/dags/transform_dag.py for tasks to queue
[2024-05-12T12:43:25.100+0000] {logging_mixin.py:188} INFO - [2024-05-12T12:43:25.100+0000] {dagbag.py:540} INFO - Filling up the DagBag from /opt/airflow/dags/transform_dag.py
[2024-05-12T12:43:25.416+0000] {processor.py:840} INFO - DAG(s) 'ademe_transform_data' retrieved from /opt/airflow/dags/transform_dag.py
[2024-05-12T12:43:25.445+0000] {logging_mixin.py:188} INFO - [2024-05-12T12:43:25.445+0000] {dag.py:3047} INFO - Sync 1 DAGs
[2024-05-12T12:43:25.473+0000] {logging_mixin.py:188} INFO - [2024-05-12T12:43:25.473+0000] {dag.py:3834} INFO - Setting next_dagrun for ademe_transform_data to 2024-05-12 12:42:00+00:00, run_after=2024-05-12 12:45:00+00:00
[2024-05-12T12:43:25.502+0000] {processor.py:183} INFO - Processing /opt/airflow/dags/transform_dag.py took 0.411 seconds
[2024-05-12T12:43:55.668+0000] {processor.py:161} INFO - Started process (PID=268) to work on /opt/airflow/dags/transform_dag.py
[2024-05-12T12:43:55.670+0000] {processor.py:830} INFO - Processing file /opt/airflow/dags/transform_dag.py for tasks to queue
[2024-05-12T12:43:55.672+0000] {logging_mixin.py:188} INFO - [2024-05-12T12:43:55.671+0000] {dagbag.py:540} INFO - Filling up the DagBag from /opt/airflow/dags/transform_dag.py
[2024-05-12T12:43:55.980+0000] {processor.py:840} INFO - DAG(s) 'ademe_transform_data' retrieved from /opt/airflow/dags/transform_dag.py
[2024-05-12T12:43:56.007+0000] {logging_mixin.py:188} INFO - [2024-05-12T12:43:56.007+0000] {dag.py:3047} INFO - Sync 1 DAGs
[2024-05-12T12:43:56.035+0000] {logging_mixin.py:188} INFO - [2024-05-12T12:43:56.035+0000] {dag.py:3834} INFO - Setting next_dagrun for ademe_transform_data to 2024-05-12 12:42:00+00:00, run_after=2024-05-12 12:45:00+00:00
[2024-05-12T12:43:56.097+0000] {processor.py:183} INFO - Processing /opt/airflow/dags/transform_dag.py took 0.433 seconds
[2024-05-12T12:44:26.938+0000] {processor.py:161} INFO - Started process (PID=279) to work on /opt/airflow/dags/transform_dag.py
[2024-05-12T12:44:26.939+0000] {processor.py:830} INFO - Processing file /opt/airflow/dags/transform_dag.py for tasks to queue
[2024-05-12T12:44:26.942+0000] {logging_mixin.py:188} INFO - [2024-05-12T12:44:26.941+0000] {dagbag.py:540} INFO - Filling up the DagBag from /opt/airflow/dags/transform_dag.py
[2024-05-12T12:44:27.777+0000] {processor.py:840} INFO - DAG(s) 'ademe_transform_data' retrieved from /opt/airflow/dags/transform_dag.py
[2024-05-12T12:44:27.814+0000] {logging_mixin.py:188} INFO - [2024-05-12T12:44:27.813+0000] {dag.py:3047} INFO - Sync 1 DAGs
[2024-05-12T12:44:27.864+0000] {logging_mixin.py:188} INFO - [2024-05-12T12:44:27.864+0000] {dag.py:3834} INFO - Setting next_dagrun for ademe_transform_data to 2024-05-12 12:42:00+00:00, run_after=2024-05-12 12:45:00+00:00
[2024-05-12T12:44:27.909+0000] {processor.py:183} INFO - Processing /opt/airflow/dags/transform_dag.py took 0.986 seconds
[2024-05-12T12:44:58.097+0000] {processor.py:161} INFO - Started process (PID=291) to work on /opt/airflow/dags/transform_dag.py
[2024-05-12T12:44:58.102+0000] {processor.py:830} INFO - Processing file /opt/airflow/dags/transform_dag.py for tasks to queue
[2024-05-12T12:44:58.105+0000] {logging_mixin.py:188} INFO - [2024-05-12T12:44:58.105+0000] {dagbag.py:540} INFO - Filling up the DagBag from /opt/airflow/dags/transform_dag.py
[2024-05-12T12:44:58.653+0000] {processor.py:840} INFO - DAG(s) 'ademe_transform_data' retrieved from /opt/airflow/dags/transform_dag.py
[2024-05-12T12:44:58.689+0000] {logging_mixin.py:188} INFO - [2024-05-12T12:44:58.688+0000] {dag.py:3047} INFO - Sync 1 DAGs
[2024-05-12T12:44:58.781+0000] {logging_mixin.py:188} INFO - [2024-05-12T12:44:58.781+0000] {dag.py:3834} INFO - Setting next_dagrun for ademe_transform_data to 2024-05-12 12:42:00+00:00, run_after=2024-05-12 12:45:00+00:00
[2024-05-12T12:44:58.857+0000] {processor.py:183} INFO - Processing /opt/airflow/dags/transform_dag.py took 0.772 seconds
[2024-05-12T12:45:29.488+0000] {processor.py:161} INFO - Started process (PID=302) to work on /opt/airflow/dags/transform_dag.py
[2024-05-12T12:45:29.490+0000] {processor.py:830} INFO - Processing file /opt/airflow/dags/transform_dag.py for tasks to queue
[2024-05-12T12:45:29.493+0000] {logging_mixin.py:188} INFO - [2024-05-12T12:45:29.492+0000] {dagbag.py:540} INFO - Filling up the DagBag from /opt/airflow/dags/transform_dag.py
[2024-05-12T12:45:29.813+0000] {processor.py:840} INFO - DAG(s) 'ademe_transform_data' retrieved from /opt/airflow/dags/transform_dag.py
[2024-05-12T12:45:29.840+0000] {logging_mixin.py:188} INFO - [2024-05-12T12:45:29.840+0000] {dag.py:3047} INFO - Sync 1 DAGs
[2024-05-12T12:45:29.868+0000] {logging_mixin.py:188} INFO - [2024-05-12T12:45:29.868+0000] {dag.py:3834} INFO - Setting next_dagrun for ademe_transform_data to 2024-05-12 12:45:00+00:00, run_after=2024-05-12 12:48:00+00:00
[2024-05-12T12:45:29.889+0000] {processor.py:183} INFO - Processing /opt/airflow/dags/transform_dag.py took 0.405 seconds
[2024-05-12T12:46:00.785+0000] {processor.py:161} INFO - Started process (PID=313) to work on /opt/airflow/dags/transform_dag.py
[2024-05-12T12:46:00.786+0000] {processor.py:830} INFO - Processing file /opt/airflow/dags/transform_dag.py for tasks to queue
[2024-05-12T12:46:00.789+0000] {logging_mixin.py:188} INFO - [2024-05-12T12:46:00.788+0000] {dagbag.py:540} INFO - Filling up the DagBag from /opt/airflow/dags/transform_dag.py
[2024-05-12T12:46:01.110+0000] {processor.py:840} INFO - DAG(s) 'ademe_transform_data' retrieved from /opt/airflow/dags/transform_dag.py
[2024-05-12T12:46:01.137+0000] {logging_mixin.py:188} INFO - [2024-05-12T12:46:01.136+0000] {dag.py:3047} INFO - Sync 1 DAGs
[2024-05-12T12:46:01.164+0000] {logging_mixin.py:188} INFO - [2024-05-12T12:46:01.164+0000] {dag.py:3834} INFO - Setting next_dagrun for ademe_transform_data to 2024-05-12 12:45:00+00:00, run_after=2024-05-12 12:48:00+00:00
[2024-05-12T12:46:01.643+0000] {processor.py:183} INFO - Processing /opt/airflow/dags/transform_dag.py took 0.863 seconds
[2024-05-12T12:46:31.716+0000] {processor.py:161} INFO - Started process (PID=324) to work on /opt/airflow/dags/transform_dag.py
[2024-05-12T12:46:31.717+0000] {processor.py:830} INFO - Processing file /opt/airflow/dags/transform_dag.py for tasks to queue
[2024-05-12T12:46:31.719+0000] {logging_mixin.py:188} INFO - [2024-05-12T12:46:31.719+0000] {dagbag.py:540} INFO - Filling up the DagBag from /opt/airflow/dags/transform_dag.py
[2024-05-12T12:46:32.016+0000] {processor.py:840} INFO - DAG(s) 'ademe_transform_data' retrieved from /opt/airflow/dags/transform_dag.py
[2024-05-12T12:46:32.044+0000] {logging_mixin.py:188} INFO - [2024-05-12T12:46:32.044+0000] {dag.py:3047} INFO - Sync 1 DAGs
[2024-05-12T12:46:32.071+0000] {logging_mixin.py:188} INFO - [2024-05-12T12:46:32.071+0000] {dag.py:3834} INFO - Setting next_dagrun for ademe_transform_data to 2024-05-12 12:45:00+00:00, run_after=2024-05-12 12:48:00+00:00
[2024-05-12T12:46:32.091+0000] {processor.py:183} INFO - Processing /opt/airflow/dags/transform_dag.py took 0.380 seconds
[2024-05-12T12:47:02.260+0000] {processor.py:161} INFO - Started process (PID=334) to work on /opt/airflow/dags/transform_dag.py
[2024-05-12T12:47:02.262+0000] {processor.py:830} INFO - Processing file /opt/airflow/dags/transform_dag.py for tasks to queue
[2024-05-12T12:47:02.264+0000] {logging_mixin.py:188} INFO - [2024-05-12T12:47:02.263+0000] {dagbag.py:540} INFO - Filling up the DagBag from /opt/airflow/dags/transform_dag.py
[2024-05-12T12:47:02.575+0000] {processor.py:840} INFO - DAG(s) 'ademe_transform_data' retrieved from /opt/airflow/dags/transform_dag.py
[2024-05-12T12:47:02.603+0000] {logging_mixin.py:188} INFO - [2024-05-12T12:47:02.602+0000] {dag.py:3047} INFO - Sync 1 DAGs
[2024-05-12T12:47:02.630+0000] {logging_mixin.py:188} INFO - [2024-05-12T12:47:02.630+0000] {dag.py:3834} INFO - Setting next_dagrun for ademe_transform_data to 2024-05-12 12:45:00+00:00, run_after=2024-05-12 12:48:00+00:00
[2024-05-12T12:47:02.651+0000] {processor.py:183} INFO - Processing /opt/airflow/dags/transform_dag.py took 0.396 seconds
[2024-05-12T12:47:32.907+0000] {processor.py:161} INFO - Started process (PID=345) to work on /opt/airflow/dags/transform_dag.py
[2024-05-12T12:47:35.229+0000] {processor.py:830} INFO - Processing file /opt/airflow/dags/transform_dag.py for tasks to queue
[2024-05-12T12:47:35.233+0000] {logging_mixin.py:188} INFO - [2024-05-12T12:47:35.232+0000] {dagbag.py:540} INFO - Filling up the DagBag from /opt/airflow/dags/transform_dag.py
[2024-05-12T12:47:35.546+0000] {processor.py:840} INFO - DAG(s) 'ademe_transform_data' retrieved from /opt/airflow/dags/transform_dag.py
[2024-05-12T12:47:35.573+0000] {logging_mixin.py:188} INFO - [2024-05-12T12:47:35.573+0000] {dag.py:3047} INFO - Sync 1 DAGs
[2024-05-12T12:47:35.602+0000] {logging_mixin.py:188} INFO - [2024-05-12T12:47:35.602+0000] {dag.py:3834} INFO - Setting next_dagrun for ademe_transform_data to 2024-05-12 12:45:00+00:00, run_after=2024-05-12 12:48:00+00:00
[2024-05-12T12:47:35.620+0000] {processor.py:183} INFO - Processing /opt/airflow/dags/transform_dag.py took 2.718 seconds
[2024-05-12T12:48:06.524+0000] {processor.py:161} INFO - Started process (PID=361) to work on /opt/airflow/dags/transform_dag.py
[2024-05-12T12:48:06.526+0000] {processor.py:830} INFO - Processing file /opt/airflow/dags/transform_dag.py for tasks to queue
[2024-05-12T12:48:06.528+0000] {logging_mixin.py:188} INFO - [2024-05-12T12:48:06.528+0000] {dagbag.py:540} INFO - Filling up the DagBag from /opt/airflow/dags/transform_dag.py
[2024-05-12T12:48:06.858+0000] {processor.py:840} INFO - DAG(s) 'ademe_transform_data' retrieved from /opt/airflow/dags/transform_dag.py
[2024-05-12T12:48:06.885+0000] {logging_mixin.py:188} INFO - [2024-05-12T12:48:06.884+0000] {dag.py:3047} INFO - Sync 1 DAGs
[2024-05-12T12:48:06.911+0000] {logging_mixin.py:188} INFO - [2024-05-12T12:48:06.910+0000] {dag.py:3834} INFO - Setting next_dagrun for ademe_transform_data to 2024-05-12 12:48:00+00:00, run_after=2024-05-12 12:51:00+00:00
[2024-05-12T12:48:07.548+0000] {processor.py:183} INFO - Processing /opt/airflow/dags/transform_dag.py took 1.028 seconds
[2024-05-12T12:48:37.725+0000] {processor.py:161} INFO - Started process (PID=372) to work on /opt/airflow/dags/transform_dag.py
[2024-05-12T12:48:37.727+0000] {processor.py:830} INFO - Processing file /opt/airflow/dags/transform_dag.py for tasks to queue
[2024-05-12T12:48:37.730+0000] {logging_mixin.py:188} INFO - [2024-05-12T12:48:37.729+0000] {dagbag.py:540} INFO - Filling up the DagBag from /opt/airflow/dags/transform_dag.py
[2024-05-12T12:48:38.028+0000] {processor.py:840} INFO - DAG(s) 'ademe_transform_data' retrieved from /opt/airflow/dags/transform_dag.py
[2024-05-12T12:48:38.055+0000] {logging_mixin.py:188} INFO - [2024-05-12T12:48:38.055+0000] {dag.py:3047} INFO - Sync 1 DAGs
[2024-05-12T12:48:38.082+0000] {logging_mixin.py:188} INFO - [2024-05-12T12:48:38.081+0000] {dag.py:3834} INFO - Setting next_dagrun for ademe_transform_data to 2024-05-12 12:48:00+00:00, run_after=2024-05-12 12:51:00+00:00
[2024-05-12T12:48:38.101+0000] {processor.py:183} INFO - Processing /opt/airflow/dags/transform_dag.py took 0.381 seconds
[2024-05-12T12:49:08.272+0000] {processor.py:161} INFO - Started process (PID=383) to work on /opt/airflow/dags/transform_dag.py
[2024-05-12T12:49:08.273+0000] {processor.py:830} INFO - Processing file /opt/airflow/dags/transform_dag.py for tasks to queue
[2024-05-12T12:49:08.275+0000] {logging_mixin.py:188} INFO - [2024-05-12T12:49:08.275+0000] {dagbag.py:540} INFO - Filling up the DagBag from /opt/airflow/dags/transform_dag.py
[2024-05-12T12:49:08.577+0000] {processor.py:840} INFO - DAG(s) 'ademe_transform_data' retrieved from /opt/airflow/dags/transform_dag.py
[2024-05-12T12:49:08.614+0000] {logging_mixin.py:188} INFO - [2024-05-12T12:49:08.614+0000] {dag.py:3047} INFO - Sync 1 DAGs
[2024-05-12T12:49:08.808+0000] {logging_mixin.py:188} INFO - [2024-05-12T12:49:08.807+0000] {dag.py:3834} INFO - Setting next_dagrun for ademe_transform_data to 2024-05-12 12:48:00+00:00, run_after=2024-05-12 12:51:00+00:00
[2024-05-12T12:49:08.825+0000] {processor.py:183} INFO - Processing /opt/airflow/dags/transform_dag.py took 0.559 seconds
[2024-05-12T12:49:39.494+0000] {processor.py:161} INFO - Started process (PID=394) to work on /opt/airflow/dags/transform_dag.py
[2024-05-12T12:49:39.495+0000] {processor.py:830} INFO - Processing file /opt/airflow/dags/transform_dag.py for tasks to queue
[2024-05-12T12:49:39.497+0000] {logging_mixin.py:188} INFO - [2024-05-12T12:49:39.497+0000] {dagbag.py:540} INFO - Filling up the DagBag from /opt/airflow/dags/transform_dag.py
[2024-05-12T12:49:39.838+0000] {processor.py:840} INFO - DAG(s) 'ademe_transform_data' retrieved from /opt/airflow/dags/transform_dag.py
[2024-05-12T12:49:39.865+0000] {logging_mixin.py:188} INFO - [2024-05-12T12:49:39.865+0000] {dag.py:3047} INFO - Sync 1 DAGs
[2024-05-12T12:49:39.892+0000] {logging_mixin.py:188} INFO - [2024-05-12T12:49:39.892+0000] {dag.py:3834} INFO - Setting next_dagrun for ademe_transform_data to 2024-05-12 12:48:00+00:00, run_after=2024-05-12 12:51:00+00:00
[2024-05-12T12:49:39.911+0000] {processor.py:183} INFO - Processing /opt/airflow/dags/transform_dag.py took 0.422 seconds
[2024-05-12T12:50:10.082+0000] {processor.py:161} INFO - Started process (PID=405) to work on /opt/airflow/dags/transform_dag.py
[2024-05-12T12:50:10.084+0000] {processor.py:830} INFO - Processing file /opt/airflow/dags/transform_dag.py for tasks to queue
[2024-05-12T12:50:10.086+0000] {logging_mixin.py:188} INFO - [2024-05-12T12:50:10.085+0000] {dagbag.py:540} INFO - Filling up the DagBag from /opt/airflow/dags/transform_dag.py
[2024-05-12T12:50:10.511+0000] {processor.py:840} INFO - DAG(s) 'ademe_transform_data' retrieved from /opt/airflow/dags/transform_dag.py
[2024-05-12T12:50:10.603+0000] {logging_mixin.py:188} INFO - [2024-05-12T12:50:10.603+0000] {dag.py:3047} INFO - Sync 1 DAGs
[2024-05-12T12:50:10.666+0000] {logging_mixin.py:188} INFO - [2024-05-12T12:50:10.666+0000] {dag.py:3834} INFO - Setting next_dagrun for ademe_transform_data to 2024-05-12 12:48:00+00:00, run_after=2024-05-12 12:51:00+00:00
[2024-05-12T12:50:10.736+0000] {processor.py:183} INFO - Processing /opt/airflow/dags/transform_dag.py took 0.659 seconds
[2024-05-12T12:50:41.314+0000] {processor.py:161} INFO - Started process (PID=415) to work on /opt/airflow/dags/transform_dag.py
[2024-05-12T12:50:41.315+0000] {processor.py:830} INFO - Processing file /opt/airflow/dags/transform_dag.py for tasks to queue
[2024-05-12T12:50:41.317+0000] {logging_mixin.py:188} INFO - [2024-05-12T12:50:41.317+0000] {dagbag.py:540} INFO - Filling up the DagBag from /opt/airflow/dags/transform_dag.py
[2024-05-12T12:50:41.620+0000] {processor.py:840} INFO - DAG(s) 'ademe_transform_data' retrieved from /opt/airflow/dags/transform_dag.py
[2024-05-12T12:50:41.651+0000] {logging_mixin.py:188} INFO - [2024-05-12T12:50:41.650+0000] {dag.py:3047} INFO - Sync 1 DAGs
[2024-05-12T12:50:41.846+0000] {logging_mixin.py:188} INFO - [2024-05-12T12:50:41.846+0000] {dag.py:3834} INFO - Setting next_dagrun for ademe_transform_data to 2024-05-12 12:48:00+00:00, run_after=2024-05-12 12:51:00+00:00
[2024-05-12T12:50:41.866+0000] {processor.py:183} INFO - Processing /opt/airflow/dags/transform_dag.py took 0.558 seconds
[2024-05-12T12:51:12.665+0000] {processor.py:161} INFO - Started process (PID=425) to work on /opt/airflow/dags/transform_dag.py
[2024-05-12T12:51:12.666+0000] {processor.py:830} INFO - Processing file /opt/airflow/dags/transform_dag.py for tasks to queue
[2024-05-12T12:51:12.668+0000] {logging_mixin.py:188} INFO - [2024-05-12T12:51:12.668+0000] {dagbag.py:540} INFO - Filling up the DagBag from /opt/airflow/dags/transform_dag.py
[2024-05-12T12:51:12.965+0000] {processor.py:840} INFO - DAG(s) 'ademe_transform_data' retrieved from /opt/airflow/dags/transform_dag.py
[2024-05-12T12:51:12.992+0000] {logging_mixin.py:188} INFO - [2024-05-12T12:51:12.992+0000] {dag.py:3047} INFO - Sync 1 DAGs
[2024-05-12T12:51:13.019+0000] {logging_mixin.py:188} INFO - [2024-05-12T12:51:13.019+0000] {dag.py:3834} INFO - Setting next_dagrun for ademe_transform_data to 2024-05-12 12:51:00+00:00, run_after=2024-05-12 12:54:00+00:00
[2024-05-12T12:51:13.038+0000] {processor.py:183} INFO - Processing /opt/airflow/dags/transform_dag.py took 0.379 seconds
[2024-05-12T12:51:43.216+0000] {processor.py:161} INFO - Started process (PID=435) to work on /opt/airflow/dags/transform_dag.py
[2024-05-12T12:51:43.217+0000] {processor.py:830} INFO - Processing file /opt/airflow/dags/transform_dag.py for tasks to queue
[2024-05-12T12:51:43.219+0000] {logging_mixin.py:188} INFO - [2024-05-12T12:51:43.219+0000] {dagbag.py:540} INFO - Filling up the DagBag from /opt/airflow/dags/transform_dag.py
[2024-05-12T12:51:43.522+0000] {processor.py:840} INFO - DAG(s) 'ademe_transform_data' retrieved from /opt/airflow/dags/transform_dag.py
[2024-05-12T12:51:43.548+0000] {logging_mixin.py:188} INFO - [2024-05-12T12:51:43.548+0000] {dag.py:3047} INFO - Sync 1 DAGs
[2024-05-12T12:51:43.576+0000] {logging_mixin.py:188} INFO - [2024-05-12T12:51:43.575+0000] {dag.py:3834} INFO - Setting next_dagrun for ademe_transform_data to 2024-05-12 12:51:00+00:00, run_after=2024-05-12 12:54:00+00:00
[2024-05-12T12:51:43.597+0000] {processor.py:183} INFO - Processing /opt/airflow/dags/transform_dag.py took 0.385 seconds
[2024-05-12T12:52:13.640+0000] {processor.py:161} INFO - Started process (PID=446) to work on /opt/airflow/dags/transform_dag.py
[2024-05-12T12:52:13.641+0000] {processor.py:830} INFO - Processing file /opt/airflow/dags/transform_dag.py for tasks to queue
[2024-05-12T12:52:13.644+0000] {logging_mixin.py:188} INFO - [2024-05-12T12:52:13.644+0000] {dagbag.py:540} INFO - Filling up the DagBag from /opt/airflow/dags/transform_dag.py
[2024-05-12T12:52:14.176+0000] {processor.py:840} INFO - DAG(s) 'ademe_transform_data' retrieved from /opt/airflow/dags/transform_dag.py
[2024-05-12T12:52:14.216+0000] {logging_mixin.py:188} INFO - [2024-05-12T12:52:14.215+0000] {dag.py:3047} INFO - Sync 1 DAGs
[2024-05-12T12:52:14.477+0000] {logging_mixin.py:188} INFO - [2024-05-12T12:52:14.476+0000] {dag.py:3834} INFO - Setting next_dagrun for ademe_transform_data to 2024-05-12 12:51:00+00:00, run_after=2024-05-12 12:54:00+00:00
[2024-05-12T12:52:15.061+0000] {processor.py:183} INFO - Processing /opt/airflow/dags/transform_dag.py took 1.427 seconds
[2024-05-12T12:52:45.234+0000] {processor.py:161} INFO - Started process (PID=457) to work on /opt/airflow/dags/transform_dag.py
[2024-05-12T12:52:45.235+0000] {processor.py:830} INFO - Processing file /opt/airflow/dags/transform_dag.py for tasks to queue
[2024-05-12T12:52:45.237+0000] {logging_mixin.py:188} INFO - [2024-05-12T12:52:45.237+0000] {dagbag.py:540} INFO - Filling up the DagBag from /opt/airflow/dags/transform_dag.py
[2024-05-12T12:52:45.539+0000] {processor.py:840} INFO - DAG(s) 'ademe_transform_data' retrieved from /opt/airflow/dags/transform_dag.py
[2024-05-12T12:52:45.567+0000] {logging_mixin.py:188} INFO - [2024-05-12T12:52:45.566+0000] {dag.py:3047} INFO - Sync 1 DAGs
[2024-05-12T12:52:45.593+0000] {logging_mixin.py:188} INFO - [2024-05-12T12:52:45.593+0000] {dag.py:3834} INFO - Setting next_dagrun for ademe_transform_data to 2024-05-12 12:51:00+00:00, run_after=2024-05-12 12:54:00+00:00
[2024-05-12T12:52:45.612+0000] {processor.py:183} INFO - Processing /opt/airflow/dags/transform_dag.py took 0.382 seconds
[2024-05-12T12:53:15.792+0000] {processor.py:161} INFO - Started process (PID=468) to work on /opt/airflow/dags/transform_dag.py
[2024-05-12T12:53:15.794+0000] {processor.py:830} INFO - Processing file /opt/airflow/dags/transform_dag.py for tasks to queue
[2024-05-12T12:53:15.796+0000] {logging_mixin.py:188} INFO - [2024-05-12T12:53:15.796+0000] {dagbag.py:540} INFO - Filling up the DagBag from /opt/airflow/dags/transform_dag.py
[2024-05-12T12:53:16.262+0000] {processor.py:840} INFO - DAG(s) 'ademe_transform_data' retrieved from /opt/airflow/dags/transform_dag.py
[2024-05-12T12:53:16.299+0000] {logging_mixin.py:188} INFO - [2024-05-12T12:53:16.298+0000] {dag.py:3047} INFO - Sync 1 DAGs
[2024-05-12T12:53:16.337+0000] {logging_mixin.py:188} INFO - [2024-05-12T12:53:16.337+0000] {dag.py:3834} INFO - Setting next_dagrun for ademe_transform_data to 2024-05-12 12:51:00+00:00, run_after=2024-05-12 12:54:00+00:00
[2024-05-12T12:53:16.381+0000] {processor.py:183} INFO - Processing /opt/airflow/dags/transform_dag.py took 0.596 seconds
[2024-05-12T12:53:46.652+0000] {processor.py:161} INFO - Started process (PID=478) to work on /opt/airflow/dags/transform_dag.py
[2024-05-12T12:53:46.653+0000] {processor.py:830} INFO - Processing file /opt/airflow/dags/transform_dag.py for tasks to queue
[2024-05-12T12:53:46.655+0000] {logging_mixin.py:188} INFO - [2024-05-12T12:53:46.655+0000] {dagbag.py:540} INFO - Filling up the DagBag from /opt/airflow/dags/transform_dag.py
[2024-05-12T12:53:46.959+0000] {processor.py:840} INFO - DAG(s) 'ademe_transform_data' retrieved from /opt/airflow/dags/transform_dag.py
[2024-05-12T12:53:46.986+0000] {logging_mixin.py:188} INFO - [2024-05-12T12:53:46.986+0000] {dag.py:3047} INFO - Sync 1 DAGs
[2024-05-12T12:53:47.180+0000] {logging_mixin.py:188} INFO - [2024-05-12T12:53:47.180+0000] {dag.py:3834} INFO - Setting next_dagrun for ademe_transform_data to 2024-05-12 12:51:00+00:00, run_after=2024-05-12 12:54:00+00:00
[2024-05-12T12:53:47.551+0000] {processor.py:183} INFO - Processing /opt/airflow/dags/transform_dag.py took 0.904 seconds
[2024-05-12T12:54:18.389+0000] {processor.py:161} INFO - Started process (PID=489) to work on /opt/airflow/dags/transform_dag.py
[2024-05-12T12:54:18.390+0000] {processor.py:830} INFO - Processing file /opt/airflow/dags/transform_dag.py for tasks to queue
[2024-05-12T12:54:18.392+0000] {logging_mixin.py:188} INFO - [2024-05-12T12:54:18.392+0000] {dagbag.py:540} INFO - Filling up the DagBag from /opt/airflow/dags/transform_dag.py
[2024-05-12T12:54:18.681+0000] {processor.py:840} INFO - DAG(s) 'ademe_transform_data' retrieved from /opt/airflow/dags/transform_dag.py
[2024-05-12T12:54:18.876+0000] {logging_mixin.py:188} INFO - [2024-05-12T12:54:18.876+0000] {dag.py:3047} INFO - Sync 1 DAGs
[2024-05-12T12:54:18.903+0000] {logging_mixin.py:188} INFO - [2024-05-12T12:54:18.902+0000] {dag.py:3834} INFO - Setting next_dagrun for ademe_transform_data to 2024-05-12 12:54:00+00:00, run_after=2024-05-12 12:57:00+00:00
[2024-05-12T12:54:22.113+0000] {processor.py:183} INFO - Processing /opt/airflow/dags/transform_dag.py took 3.731 seconds
[2024-05-12T12:54:52.561+0000] {processor.py:161} INFO - Started process (PID=500) to work on /opt/airflow/dags/transform_dag.py
[2024-05-12T12:54:52.562+0000] {processor.py:830} INFO - Processing file /opt/airflow/dags/transform_dag.py for tasks to queue
[2024-05-12T12:54:52.565+0000] {logging_mixin.py:188} INFO - [2024-05-12T12:54:52.564+0000] {dagbag.py:540} INFO - Filling up the DagBag from /opt/airflow/dags/transform_dag.py
[2024-05-12T12:54:53.249+0000] {processor.py:840} INFO - DAG(s) 'ademe_transform_data' retrieved from /opt/airflow/dags/transform_dag.py
[2024-05-12T12:54:53.476+0000] {logging_mixin.py:188} INFO - [2024-05-12T12:54:53.475+0000] {dag.py:3047} INFO - Sync 1 DAGs
[2024-05-12T12:54:53.513+0000] {logging_mixin.py:188} INFO - [2024-05-12T12:54:53.513+0000] {dag.py:3834} INFO - Setting next_dagrun for ademe_transform_data to 2024-05-12 12:54:00+00:00, run_after=2024-05-12 12:57:00+00:00
[2024-05-12T12:54:53.757+0000] {processor.py:183} INFO - Processing /opt/airflow/dags/transform_dag.py took 1.200 seconds
[2024-05-12T12:55:23.941+0000] {processor.py:161} INFO - Started process (PID=511) to work on /opt/airflow/dags/transform_dag.py
[2024-05-12T12:55:23.943+0000] {processor.py:830} INFO - Processing file /opt/airflow/dags/transform_dag.py for tasks to queue
[2024-05-12T12:55:23.946+0000] {logging_mixin.py:188} INFO - [2024-05-12T12:55:23.945+0000] {dagbag.py:540} INFO - Filling up the DagBag from /opt/airflow/dags/transform_dag.py
[2024-05-12T12:55:24.397+0000] {processor.py:840} INFO - DAG(s) 'ademe_transform_data' retrieved from /opt/airflow/dags/transform_dag.py
[2024-05-12T12:55:24.427+0000] {logging_mixin.py:188} INFO - [2024-05-12T12:55:24.426+0000] {dag.py:3047} INFO - Sync 1 DAGs
[2024-05-12T12:55:24.464+0000] {logging_mixin.py:188} INFO - [2024-05-12T12:55:24.463+0000] {dag.py:3834} INFO - Setting next_dagrun for ademe_transform_data to 2024-05-12 12:54:00+00:00, run_after=2024-05-12 12:57:00+00:00
[2024-05-12T12:55:24.482+0000] {processor.py:183} INFO - Processing /opt/airflow/dags/transform_dag.py took 0.546 seconds
[2024-05-12T12:55:55.190+0000] {processor.py:161} INFO - Started process (PID=521) to work on /opt/airflow/dags/transform_dag.py
[2024-05-12T12:55:55.191+0000] {processor.py:830} INFO - Processing file /opt/airflow/dags/transform_dag.py for tasks to queue
[2024-05-12T12:55:55.194+0000] {logging_mixin.py:188} INFO - [2024-05-12T12:55:55.193+0000] {dagbag.py:540} INFO - Filling up the DagBag from /opt/airflow/dags/transform_dag.py
[2024-05-12T12:55:55.491+0000] {processor.py:840} INFO - DAG(s) 'ademe_transform_data' retrieved from /opt/airflow/dags/transform_dag.py
[2024-05-12T12:55:55.666+0000] {logging_mixin.py:188} INFO - [2024-05-12T12:55:55.665+0000] {dag.py:3047} INFO - Sync 1 DAGs
[2024-05-12T12:55:55.689+0000] {logging_mixin.py:188} INFO - [2024-05-12T12:55:55.688+0000] {dag.py:3834} INFO - Setting next_dagrun for ademe_transform_data to 2024-05-12 12:54:00+00:00, run_after=2024-05-12 12:57:00+00:00
[2024-05-12T12:55:55.706+0000] {processor.py:183} INFO - Processing /opt/airflow/dags/transform_dag.py took 0.521 seconds
[2024-05-12T12:56:26.070+0000] {processor.py:161} INFO - Started process (PID=532) to work on /opt/airflow/dags/transform_dag.py
[2024-05-12T12:56:26.072+0000] {processor.py:830} INFO - Processing file /opt/airflow/dags/transform_dag.py for tasks to queue
[2024-05-12T12:56:26.074+0000] {logging_mixin.py:188} INFO - [2024-05-12T12:56:26.074+0000] {dagbag.py:540} INFO - Filling up the DagBag from /opt/airflow/dags/transform_dag.py
[2024-05-12T12:56:26.559+0000] {processor.py:840} INFO - DAG(s) 'ademe_transform_data' retrieved from /opt/airflow/dags/transform_dag.py
[2024-05-12T12:56:26.582+0000] {logging_mixin.py:188} INFO - [2024-05-12T12:56:26.581+0000] {dag.py:3047} INFO - Sync 1 DAGs
[2024-05-12T12:56:26.606+0000] {logging_mixin.py:188} INFO - [2024-05-12T12:56:26.606+0000] {dag.py:3834} INFO - Setting next_dagrun for ademe_transform_data to 2024-05-12 12:54:00+00:00, run_after=2024-05-12 12:57:00+00:00
[2024-05-12T12:56:26.623+0000] {processor.py:183} INFO - Processing /opt/airflow/dags/transform_dag.py took 0.557 seconds
[2024-05-12T12:56:56.822+0000] {processor.py:161} INFO - Started process (PID=543) to work on /opt/airflow/dags/transform_dag.py
[2024-05-12T12:56:56.823+0000] {processor.py:830} INFO - Processing file /opt/airflow/dags/transform_dag.py for tasks to queue
[2024-05-12T12:56:56.825+0000] {logging_mixin.py:188} INFO - [2024-05-12T12:56:56.825+0000] {dagbag.py:540} INFO - Filling up the DagBag from /opt/airflow/dags/transform_dag.py
[2024-05-12T12:56:57.289+0000] {processor.py:840} INFO - DAG(s) 'ademe_transform_data' retrieved from /opt/airflow/dags/transform_dag.py
[2024-05-12T12:56:57.312+0000] {logging_mixin.py:188} INFO - [2024-05-12T12:56:57.311+0000] {dag.py:3047} INFO - Sync 1 DAGs
[2024-05-12T12:56:57.336+0000] {logging_mixin.py:188} INFO - [2024-05-12T12:56:57.336+0000] {dag.py:3834} INFO - Setting next_dagrun for ademe_transform_data to 2024-05-12 12:54:00+00:00, run_after=2024-05-12 12:57:00+00:00
[2024-05-12T12:56:57.359+0000] {processor.py:183} INFO - Processing /opt/airflow/dags/transform_dag.py took 0.542 seconds
[2024-05-12T12:57:27.950+0000] {processor.py:161} INFO - Started process (PID=554) to work on /opt/airflow/dags/transform_dag.py
[2024-05-12T12:57:27.952+0000] {processor.py:830} INFO - Processing file /opt/airflow/dags/transform_dag.py for tasks to queue
[2024-05-12T12:57:27.955+0000] {logging_mixin.py:188} INFO - [2024-05-12T12:57:27.954+0000] {dagbag.py:540} INFO - Filling up the DagBag from /opt/airflow/dags/transform_dag.py
[2024-05-12T12:57:28.448+0000] {processor.py:840} INFO - DAG(s) 'ademe_transform_data' retrieved from /opt/airflow/dags/transform_dag.py
[2024-05-12T12:57:28.471+0000] {logging_mixin.py:188} INFO - [2024-05-12T12:57:28.470+0000] {dag.py:3047} INFO - Sync 1 DAGs
[2024-05-12T12:57:28.494+0000] {logging_mixin.py:188} INFO - [2024-05-12T12:57:28.494+0000] {dag.py:3834} INFO - Setting next_dagrun for ademe_transform_data to 2024-05-12 12:57:00+00:00, run_after=2024-05-12 13:00:00+00:00
[2024-05-12T12:57:28.511+0000] {processor.py:183} INFO - Processing /opt/airflow/dags/transform_dag.py took 0.567 seconds
[2024-05-12T12:57:58.669+0000] {processor.py:161} INFO - Started process (PID=565) to work on /opt/airflow/dags/transform_dag.py
[2024-05-12T12:57:58.670+0000] {processor.py:830} INFO - Processing file /opt/airflow/dags/transform_dag.py for tasks to queue
[2024-05-12T12:57:58.673+0000] {logging_mixin.py:188} INFO - [2024-05-12T12:57:58.673+0000] {dagbag.py:540} INFO - Filling up the DagBag from /opt/airflow/dags/transform_dag.py
[2024-05-12T12:57:59.170+0000] {processor.py:840} INFO - DAG(s) 'ademe_transform_data' retrieved from /opt/airflow/dags/transform_dag.py
[2024-05-12T12:57:59.193+0000] {logging_mixin.py:188} INFO - [2024-05-12T12:57:59.192+0000] {dag.py:3047} INFO - Sync 1 DAGs
[2024-05-12T12:57:59.218+0000] {logging_mixin.py:188} INFO - [2024-05-12T12:57:59.218+0000] {dag.py:3834} INFO - Setting next_dagrun for ademe_transform_data to 2024-05-12 12:57:00+00:00, run_after=2024-05-12 13:00:00+00:00
[2024-05-12T12:57:59.242+0000] {processor.py:183} INFO - Processing /opt/airflow/dags/transform_dag.py took 0.579 seconds
[2024-05-12T12:58:29.449+0000] {processor.py:161} INFO - Started process (PID=575) to work on /opt/airflow/dags/transform_dag.py
[2024-05-12T12:58:29.450+0000] {processor.py:830} INFO - Processing file /opt/airflow/dags/transform_dag.py for tasks to queue
[2024-05-12T12:58:29.453+0000] {logging_mixin.py:188} INFO - [2024-05-12T12:58:29.453+0000] {dagbag.py:540} INFO - Filling up the DagBag from /opt/airflow/dags/transform_dag.py
[2024-05-12T12:58:29.985+0000] {processor.py:840} INFO - DAG(s) 'ademe_transform_data' retrieved from /opt/airflow/dags/transform_dag.py
[2024-05-12T12:58:30.008+0000] {logging_mixin.py:188} INFO - [2024-05-12T12:58:30.008+0000] {dag.py:3047} INFO - Sync 1 DAGs
[2024-05-12T12:58:30.033+0000] {logging_mixin.py:188} INFO - [2024-05-12T12:58:30.033+0000] {dag.py:3834} INFO - Setting next_dagrun for ademe_transform_data to 2024-05-12 12:57:00+00:00, run_after=2024-05-12 13:00:00+00:00
[2024-05-12T12:58:30.051+0000] {processor.py:183} INFO - Processing /opt/airflow/dags/transform_dag.py took 0.609 seconds
[2024-05-12T12:59:00.210+0000] {processor.py:161} INFO - Started process (PID=586) to work on /opt/airflow/dags/transform_dag.py
[2024-05-12T12:59:00.212+0000] {processor.py:830} INFO - Processing file /opt/airflow/dags/transform_dag.py for tasks to queue
[2024-05-12T12:59:00.215+0000] {logging_mixin.py:188} INFO - [2024-05-12T12:59:00.214+0000] {dagbag.py:540} INFO - Filling up the DagBag from /opt/airflow/dags/transform_dag.py
[2024-05-12T12:59:00.756+0000] {processor.py:840} INFO - DAG(s) 'ademe_transform_data' retrieved from /opt/airflow/dags/transform_dag.py
[2024-05-12T12:59:00.782+0000] {logging_mixin.py:188} INFO - [2024-05-12T12:59:00.781+0000] {dag.py:3047} INFO - Sync 1 DAGs
[2024-05-12T12:59:00.806+0000] {logging_mixin.py:188} INFO - [2024-05-12T12:59:00.806+0000] {dag.py:3834} INFO - Setting next_dagrun for ademe_transform_data to 2024-05-12 12:57:00+00:00, run_after=2024-05-12 13:00:00+00:00
[2024-05-12T12:59:00.824+0000] {processor.py:183} INFO - Processing /opt/airflow/dags/transform_dag.py took 0.620 seconds
[2024-05-12T12:59:30.990+0000] {processor.py:161} INFO - Started process (PID=596) to work on /opt/airflow/dags/transform_dag.py
[2024-05-12T12:59:30.992+0000] {processor.py:830} INFO - Processing file /opt/airflow/dags/transform_dag.py for tasks to queue
[2024-05-12T12:59:30.996+0000] {logging_mixin.py:188} INFO - [2024-05-12T12:59:30.995+0000] {dagbag.py:540} INFO - Filling up the DagBag from /opt/airflow/dags/transform_dag.py
[2024-05-12T12:59:31.580+0000] {processor.py:840} INFO - DAG(s) 'ademe_transform_data' retrieved from /opt/airflow/dags/transform_dag.py
[2024-05-12T12:59:31.603+0000] {logging_mixin.py:188} INFO - [2024-05-12T12:59:31.602+0000] {dag.py:3047} INFO - Sync 1 DAGs
[2024-05-12T12:59:31.627+0000] {logging_mixin.py:188} INFO - [2024-05-12T12:59:31.626+0000] {dag.py:3834} INFO - Setting next_dagrun for ademe_transform_data to 2024-05-12 12:57:00+00:00, run_after=2024-05-12 13:00:00+00:00
[2024-05-12T12:59:31.644+0000] {processor.py:183} INFO - Processing /opt/airflow/dags/transform_dag.py took 0.660 seconds
[2024-05-12T13:00:01.823+0000] {processor.py:161} INFO - Started process (PID=607) to work on /opt/airflow/dags/transform_dag.py
[2024-05-12T13:00:01.824+0000] {processor.py:830} INFO - Processing file /opt/airflow/dags/transform_dag.py for tasks to queue
[2024-05-12T13:00:01.827+0000] {logging_mixin.py:188} INFO - [2024-05-12T13:00:01.827+0000] {dagbag.py:540} INFO - Filling up the DagBag from /opt/airflow/dags/transform_dag.py
[2024-05-12T13:00:02.814+0000] {processor.py:840} INFO - DAG(s) 'ademe_transform_data' retrieved from /opt/airflow/dags/transform_dag.py
[2024-05-12T13:00:02.851+0000] {logging_mixin.py:188} INFO - [2024-05-12T13:00:02.850+0000] {dag.py:3047} INFO - Sync 1 DAGs
[2024-05-12T13:00:02.889+0000] {logging_mixin.py:188} INFO - [2024-05-12T13:00:02.889+0000] {dag.py:3834} INFO - Setting next_dagrun for ademe_transform_data to 2024-05-12 13:00:00+00:00, run_after=2024-05-12 13:03:00+00:00
[2024-05-12T13:00:02.921+0000] {processor.py:183} INFO - Processing /opt/airflow/dags/transform_dag.py took 1.112 seconds
[2024-05-12T13:00:33.097+0000] {processor.py:161} INFO - Started process (PID=618) to work on /opt/airflow/dags/transform_dag.py
[2024-05-12T13:00:33.099+0000] {processor.py:830} INFO - Processing file /opt/airflow/dags/transform_dag.py for tasks to queue
[2024-05-12T13:00:33.102+0000] {logging_mixin.py:188} INFO - [2024-05-12T13:00:33.102+0000] {dagbag.py:540} INFO - Filling up the DagBag from /opt/airflow/dags/transform_dag.py
[2024-05-12T13:00:33.661+0000] {processor.py:840} INFO - DAG(s) 'ademe_transform_data' retrieved from /opt/airflow/dags/transform_dag.py
[2024-05-12T13:00:33.684+0000] {logging_mixin.py:188} INFO - [2024-05-12T13:00:33.684+0000] {dag.py:3047} INFO - Sync 1 DAGs
[2024-05-12T13:00:33.713+0000] {logging_mixin.py:188} INFO - [2024-05-12T13:00:33.713+0000] {dag.py:3834} INFO - Setting next_dagrun for ademe_transform_data to 2024-05-12 13:00:00+00:00, run_after=2024-05-12 13:03:00+00:00
[2024-05-12T13:00:33.730+0000] {processor.py:183} INFO - Processing /opt/airflow/dags/transform_dag.py took 0.639 seconds
[2024-05-12T13:01:03.895+0000] {processor.py:161} INFO - Started process (PID=629) to work on /opt/airflow/dags/transform_dag.py
[2024-05-12T13:01:03.898+0000] {processor.py:830} INFO - Processing file /opt/airflow/dags/transform_dag.py for tasks to queue
[2024-05-12T13:01:03.901+0000] {logging_mixin.py:188} INFO - [2024-05-12T13:01:03.901+0000] {dagbag.py:540} INFO - Filling up the DagBag from /opt/airflow/dags/transform_dag.py
[2024-05-12T13:01:04.478+0000] {processor.py:840} INFO - DAG(s) 'ademe_transform_data' retrieved from /opt/airflow/dags/transform_dag.py
[2024-05-12T13:01:04.504+0000] {logging_mixin.py:188} INFO - [2024-05-12T13:01:04.504+0000] {dag.py:3047} INFO - Sync 1 DAGs
[2024-05-12T13:01:04.528+0000] {logging_mixin.py:188} INFO - [2024-05-12T13:01:04.528+0000] {dag.py:3834} INFO - Setting next_dagrun for ademe_transform_data to 2024-05-12 13:00:00+00:00, run_after=2024-05-12 13:03:00+00:00
[2024-05-12T13:01:04.596+0000] {processor.py:183} INFO - Processing /opt/airflow/dags/transform_dag.py took 0.708 seconds
[2024-05-12T13:01:34.754+0000] {processor.py:161} INFO - Started process (PID=640) to work on /opt/airflow/dags/transform_dag.py
[2024-05-12T13:01:34.756+0000] {processor.py:830} INFO - Processing file /opt/airflow/dags/transform_dag.py for tasks to queue
[2024-05-12T13:01:34.759+0000] {logging_mixin.py:188} INFO - [2024-05-12T13:01:34.759+0000] {dagbag.py:540} INFO - Filling up the DagBag from /opt/airflow/dags/transform_dag.py
[2024-05-12T13:01:35.306+0000] {processor.py:840} INFO - DAG(s) 'ademe_transform_data' retrieved from /opt/airflow/dags/transform_dag.py
[2024-05-12T13:01:35.331+0000] {logging_mixin.py:188} INFO - [2024-05-12T13:01:35.331+0000] {dag.py:3047} INFO - Sync 1 DAGs
[2024-05-12T13:01:35.356+0000] {logging_mixin.py:188} INFO - [2024-05-12T13:01:35.356+0000] {dag.py:3834} INFO - Setting next_dagrun for ademe_transform_data to 2024-05-12 13:00:00+00:00, run_after=2024-05-12 13:03:00+00:00
[2024-05-12T13:01:35.374+0000] {processor.py:183} INFO - Processing /opt/airflow/dags/transform_dag.py took 0.626 seconds
[2024-05-12T13:02:05.548+0000] {processor.py:161} INFO - Started process (PID=651) to work on /opt/airflow/dags/transform_dag.py
[2024-05-12T13:02:05.550+0000] {processor.py:830} INFO - Processing file /opt/airflow/dags/transform_dag.py for tasks to queue
[2024-05-12T13:02:05.553+0000] {logging_mixin.py:188} INFO - [2024-05-12T13:02:05.553+0000] {dagbag.py:540} INFO - Filling up the DagBag from /opt/airflow/dags/transform_dag.py
[2024-05-12T13:02:06.564+0000] {processor.py:840} INFO - DAG(s) 'ademe_transform_data' retrieved from /opt/airflow/dags/transform_dag.py
[2024-05-12T13:02:06.634+0000] {logging_mixin.py:188} INFO - [2024-05-12T13:02:06.634+0000] {dag.py:3047} INFO - Sync 1 DAGs
[2024-05-12T13:02:06.693+0000] {logging_mixin.py:188} INFO - [2024-05-12T13:02:06.693+0000] {dag.py:3834} INFO - Setting next_dagrun for ademe_transform_data to 2024-05-12 13:00:00+00:00, run_after=2024-05-12 13:03:00+00:00
[2024-05-12T13:02:06.717+0000] {processor.py:183} INFO - Processing /opt/airflow/dags/transform_dag.py took 1.180 seconds
[2024-05-12T13:02:36.890+0000] {processor.py:161} INFO - Started process (PID=663) to work on /opt/airflow/dags/transform_dag.py
[2024-05-12T13:02:36.891+0000] {processor.py:830} INFO - Processing file /opt/airflow/dags/transform_dag.py for tasks to queue
[2024-05-12T13:02:36.893+0000] {logging_mixin.py:188} INFO - [2024-05-12T13:02:36.893+0000] {dagbag.py:540} INFO - Filling up the DagBag from /opt/airflow/dags/transform_dag.py
[2024-05-12T13:02:37.376+0000] {processor.py:840} INFO - DAG(s) 'ademe_transform_data' retrieved from /opt/airflow/dags/transform_dag.py
[2024-05-12T13:02:37.404+0000] {logging_mixin.py:188} INFO - [2024-05-12T13:02:37.404+0000] {dag.py:3047} INFO - Sync 1 DAGs
[2024-05-12T13:02:37.429+0000] {logging_mixin.py:188} INFO - [2024-05-12T13:02:37.429+0000] {dag.py:3834} INFO - Setting next_dagrun for ademe_transform_data to 2024-05-12 13:00:00+00:00, run_after=2024-05-12 13:03:00+00:00
[2024-05-12T13:02:37.448+0000] {processor.py:183} INFO - Processing /opt/airflow/dags/transform_dag.py took 0.563 seconds
[2024-05-12T13:03:08.150+0000] {processor.py:161} INFO - Started process (PID=674) to work on /opt/airflow/dags/transform_dag.py
[2024-05-12T13:03:08.151+0000] {processor.py:830} INFO - Processing file /opt/airflow/dags/transform_dag.py for tasks to queue
[2024-05-12T13:03:08.153+0000] {logging_mixin.py:188} INFO - [2024-05-12T13:03:08.153+0000] {dagbag.py:540} INFO - Filling up the DagBag from /opt/airflow/dags/transform_dag.py
[2024-05-12T13:03:08.605+0000] {processor.py:840} INFO - DAG(s) 'ademe_transform_data' retrieved from /opt/airflow/dags/transform_dag.py
[2024-05-12T13:03:08.628+0000] {logging_mixin.py:188} INFO - [2024-05-12T13:03:08.627+0000] {dag.py:3047} INFO - Sync 1 DAGs
[2024-05-12T13:03:08.652+0000] {logging_mixin.py:188} INFO - [2024-05-12T13:03:08.652+0000] {dag.py:3834} INFO - Setting next_dagrun for ademe_transform_data to 2024-05-12 13:03:00+00:00, run_after=2024-05-12 13:06:00+00:00
[2024-05-12T13:03:08.670+0000] {processor.py:183} INFO - Processing /opt/airflow/dags/transform_dag.py took 0.525 seconds
[2024-05-12T13:03:39.498+0000] {processor.py:161} INFO - Started process (PID=685) to work on /opt/airflow/dags/transform_dag.py
[2024-05-12T13:03:39.499+0000] {processor.py:830} INFO - Processing file /opt/airflow/dags/transform_dag.py for tasks to queue
[2024-05-12T13:03:39.502+0000] {logging_mixin.py:188} INFO - [2024-05-12T13:03:39.502+0000] {dagbag.py:540} INFO - Filling up the DagBag from /opt/airflow/dags/transform_dag.py
[2024-05-12T13:03:40.030+0000] {processor.py:840} INFO - DAG(s) 'ademe_transform_data' retrieved from /opt/airflow/dags/transform_dag.py
[2024-05-12T13:03:40.053+0000] {logging_mixin.py:188} INFO - [2024-05-12T13:03:40.053+0000] {dag.py:3047} INFO - Sync 1 DAGs
[2024-05-12T13:03:40.077+0000] {logging_mixin.py:188} INFO - [2024-05-12T13:03:40.077+0000] {dag.py:3834} INFO - Setting next_dagrun for ademe_transform_data to 2024-05-12 13:03:00+00:00, run_after=2024-05-12 13:06:00+00:00
[2024-05-12T13:03:40.094+0000] {processor.py:183} INFO - Processing /opt/airflow/dags/transform_dag.py took 0.602 seconds
[2024-05-12T13:04:10.275+0000] {processor.py:161} INFO - Started process (PID=696) to work on /opt/airflow/dags/transform_dag.py
[2024-05-12T13:04:10.276+0000] {processor.py:830} INFO - Processing file /opt/airflow/dags/transform_dag.py for tasks to queue
[2024-05-12T13:04:10.279+0000] {logging_mixin.py:188} INFO - [2024-05-12T13:04:10.279+0000] {dagbag.py:540} INFO - Filling up the DagBag from /opt/airflow/dags/transform_dag.py
[2024-05-12T13:04:11.005+0000] {processor.py:840} INFO - DAG(s) 'ademe_transform_data' retrieved from /opt/airflow/dags/transform_dag.py
[2024-05-12T13:04:11.037+0000] {logging_mixin.py:188} INFO - [2024-05-12T13:04:11.036+0000] {dag.py:3047} INFO - Sync 1 DAGs
[2024-05-12T13:04:11.074+0000] {logging_mixin.py:188} INFO - [2024-05-12T13:04:11.073+0000] {dag.py:3834} INFO - Setting next_dagrun for ademe_transform_data to 2024-05-12 13:03:00+00:00, run_after=2024-05-12 13:06:00+00:00
[2024-05-12T13:04:11.097+0000] {processor.py:183} INFO - Processing /opt/airflow/dags/transform_dag.py took 0.828 seconds
[2024-05-12T13:04:41.294+0000] {processor.py:161} INFO - Started process (PID=708) to work on /opt/airflow/dags/transform_dag.py
[2024-05-12T13:04:41.295+0000] {processor.py:830} INFO - Processing file /opt/airflow/dags/transform_dag.py for tasks to queue
[2024-05-12T13:04:41.297+0000] {logging_mixin.py:188} INFO - [2024-05-12T13:04:41.297+0000] {dagbag.py:540} INFO - Filling up the DagBag from /opt/airflow/dags/transform_dag.py
[2024-05-12T13:04:41.764+0000] {processor.py:840} INFO - DAG(s) 'ademe_transform_data' retrieved from /opt/airflow/dags/transform_dag.py
[2024-05-12T13:04:41.795+0000] {logging_mixin.py:188} INFO - [2024-05-12T13:04:41.795+0000] {dag.py:3047} INFO - Sync 1 DAGs
[2024-05-12T13:04:41.820+0000] {logging_mixin.py:188} INFO - [2024-05-12T13:04:41.819+0000] {dag.py:3834} INFO - Setting next_dagrun for ademe_transform_data to 2024-05-12 13:03:00+00:00, run_after=2024-05-12 13:06:00+00:00
[2024-05-12T13:04:41.837+0000] {processor.py:183} INFO - Processing /opt/airflow/dags/transform_dag.py took 0.548 seconds
