[2024-05-12T12:33:18.155+0000] {taskinstance.py:1979} INFO - Dependencies all met for dep_context=non-requeueable deps ti=<TaskInstance: My_Dag.templated scheduled__2024-05-11T00:00:00+00:00 [queued]>
[2024-05-12T12:33:18.210+0000] {taskinstance.py:1979} INFO - Dependencies all met for dep_context=requeueable deps ti=<TaskInstance: My_Dag.templated scheduled__2024-05-11T00:00:00+00:00 [queued]>
[2024-05-12T12:33:18.211+0000] {taskinstance.py:2193} INFO - Starting attempt 1 of 2
[2024-05-12T12:33:18.291+0000] {taskinstance.py:2217} INFO - Executing <Task(BashOperator): templated> on 2024-05-11 00:00:00+00:00
[2024-05-12T12:33:18.306+0000] {standard_task_runner.py:60} INFO - Started process 77 to run task
[2024-05-12T12:33:18.328+0000] {standard_task_runner.py:87} INFO - Running: ['***', 'tasks', 'run', 'My_Dag', 'templated', 'scheduled__2024-05-11T00:00:00+00:00', '--job-id', '610', '--raw', '--subdir', 'DAGS_FOLDER/***tuto.py', '--cfg-path', '/tmp/tmpnv9f_ier']
[2024-05-12T12:33:18.340+0000] {standard_task_runner.py:88} INFO - Job 610: Subtask templated
[2024-05-12T12:33:18.543+0000] {task_command.py:423} INFO - Running <TaskInstance: My_Dag.templated scheduled__2024-05-11T00:00:00+00:00 [running]> on host ced256f15635
[2024-05-12T12:33:18.784+0000] {taskinstance.py:2513} INFO - Exporting env vars: AIRFLOW_CTX_DAG_EMAIL='***@example.com' AIRFLOW_CTX_DAG_OWNER='***' AIRFLOW_CTX_DAG_ID='My_Dag' AIRFLOW_CTX_TASK_ID='templated' AIRFLOW_CTX_EXECUTION_DATE='2024-05-11T00:00:00+00:00' AIRFLOW_CTX_TRY_NUMBER='1' AIRFLOW_CTX_DAG_RUN_ID='scheduled__2024-05-11T00:00:00+00:00'
[2024-05-12T12:33:18.786+0000] {subprocess.py:63} INFO - Tmp dir root location: /tmp
[2024-05-12T12:33:18.786+0000] {subprocess.py:75} INFO - Running command: ['/usr/bin/bash', '-c', '\n\n    echo "2024-05-11"\n    echo "2024-05-18"\n\n    echo "2024-05-11"\n    echo "2024-05-18"\n\n    echo "2024-05-11"\n    echo "2024-05-18"\n\n    echo "2024-05-11"\n    echo "2024-05-18"\n\n    echo "2024-05-11"\n    echo "2024-05-18"\n']
[2024-05-12T12:33:18.808+0000] {subprocess.py:86} INFO - Output:
[2024-05-12T12:33:18.810+0000] {subprocess.py:93} INFO - 2024-05-11
[2024-05-12T12:33:18.811+0000] {subprocess.py:93} INFO - 2024-05-18
[2024-05-12T12:33:18.811+0000] {subprocess.py:93} INFO - 2024-05-11
[2024-05-12T12:33:18.811+0000] {subprocess.py:93} INFO - 2024-05-18
[2024-05-12T12:33:18.811+0000] {subprocess.py:93} INFO - 2024-05-11
[2024-05-12T12:33:18.812+0000] {subprocess.py:93} INFO - 2024-05-18
[2024-05-12T12:33:18.812+0000] {subprocess.py:93} INFO - 2024-05-11
[2024-05-12T12:33:18.812+0000] {subprocess.py:93} INFO - 2024-05-18
[2024-05-12T12:33:18.813+0000] {subprocess.py:93} INFO - 2024-05-11
[2024-05-12T12:33:18.813+0000] {subprocess.py:93} INFO - 2024-05-18
[2024-05-12T12:33:18.814+0000] {subprocess.py:97} INFO - Command exited with return code 0
[2024-05-12T12:33:18.841+0000] {taskinstance.py:1149} INFO - Marking task as SUCCESS. dag_id=My_Dag, task_id=templated, execution_date=20240511T000000, start_date=20240512T123318, end_date=20240512T123318
[2024-05-12T12:33:18.883+0000] {local_task_job_runner.py:234} INFO - Task exited with return code 0
[2024-05-12T12:33:18.923+0000] {taskinstance.py:3312} INFO - 0 downstream tasks scheduled from follow-on schedule check
